-- Found ament_cmake: 1.3.5 (/opt/ros/humble/share/ament_cmake/cmake)
-- Found rosidl_default_generators: 1.2.0 (/opt/ros/humble/share/rosidl_default_generators/cmake)
-- Using all available rosidl_typesupport_c: rosidl_typesupport_fastrtps_c;rosidl_typesupport_introspection_c
-- Found rosidl_adapter: 3.1.4 (/opt/ros/humble/share/rosidl_adapter/cmake)
-- Using all available rosidl_typesupport_cpp: rosidl_typesupport_fastrtps_cpp;rosidl_typesupport_introspection_cpp
-- Found rclcpp: 16.0.4 (/opt/ros/humble/share/rclcpp/cmake)
-- Found rmw_implementation_cmake: 6.1.1 (/opt/ros/humble/share/rmw_implementation_cmake/cmake)
-- Found rmw_fastrtps_cpp: 6.2.2 (/opt/ros/humble/share/rmw_fastrtps_cpp/cmake)
-- Using RMW implementation 'rmw_fastrtps_cpp' as default
-- Found ament_cmake_ros: 0.10.0 (/opt/ros/humble/share/ament_cmake_ros/cmake)
-- Using all available rosidl_typesupport_c: rosidl_typesupport_fastrtps_c;rosidl_typesupport_introspection_c
-- Using all available rosidl_typesupport_cpp: rosidl_typesupport_fastrtps_cpp;rosidl_typesupport_introspection_cpp
-- Found PythonInterp: /usr/bin/python3 (found suitable version "3.10.6", minimum required is "3.6") 
-- Found python_cmake_module: 0.10.0 (/opt/ros/humble/share/python_cmake_module/cmake)
-- Found PythonLibs: /usr/lib/x86_64-linux-gnu/libpython3.10.so (found suitable version "3.10.6", minimum required is "3.5") 
-- Using PYTHON_EXECUTABLE: /usr/bin/python3
-- Using PYTHON_INCLUDE_DIRS: /usr/include/python3.10
-- Using PYTHON_LIBRARIES: /usr/lib/x86_64-linux-gnu/libpython3.10.so
-- Found PythonExtra: .so  
[0mCMake Deprecation Warning at /opt/ros/humble/share/rosidl_cmake/cmake/rosidl_target_interfaces.cmake:32 (message):
  Use rosidl_get_typesupport_target() and target_link_libraries() instead of
  rosidl_target_interfaces()
Call Stack (most recent call first):
  CMakeLists.txt:39 (rosidl_target_interfaces)

[0m
[0mCMake Deprecation Warning at /opt/ros/humble/share/rosidl_cmake/cmake/rosidl_target_interfaces.cmake:32 (message):
  Use rosidl_get_typesupport_target() and target_link_libraries() instead of
  rosidl_target_interfaces()
Call Stack (most recent call first):
  CMakeLists.txt:53 (rosidl_target_interfaces)

[0m
[0mCMake Deprecation Warning at /opt/ros/humble/share/rosidl_cmake/cmake/rosidl_target_interfaces.cmake:32 (message):
  Use rosidl_get_typesupport_target() and target_link_libraries() instead of
  rosidl_target_interfaces()
Call Stack (most recent call first):
  CMakeLists.txt:68 (rosidl_target_interfaces)

[0m
-- Found ament_lint_auto: 0.12.6 (/opt/ros/humble/share/ament_lint_auto/cmake)
-- Added test 'copyright' to check source files copyright and LICENSE
-- Added test 'cppcheck' to perform static code analysis on C / C++ code
-- Configured cppcheck include dirs: /home/melmaphother/ROS2/ros2_ws/src/ros2_shm_demo/include
-- Configured cppcheck exclude dirs and/or files: 
-- Added test 'cpplint' to check C / C++ code against the Google style
-- Configured cpplint exclude dirs and/or files: 
-- Added test 'lint_cmake' to check CMake code style
-- Added test 'uncrustify' to check C / C++ code style
-- Configured uncrustify additional arguments: 
-- Added test 'xmllint' to check XML markup files
-- Configuring done
-- Generating done
-- Build files have been written to: /home/melmaphother/ROS2/ros2_ws/build/ros2_shm_demo
[  2%] [34m[1mGenerating C code for ROS interfaces[0m
[  5%] [34m[1mGenerating C++ code for ROS interfaces[0m
[  5%] Built target ament_cmake_python_copy_ros2_shm_demo
running egg_info
creating ros2_shm_demo.egg-info
writing ros2_shm_demo.egg-info/PKG-INFO
writing dependency_links to ros2_shm_demo.egg-info/dependency_links.txt
writing top-level names to ros2_shm_demo.egg-info/top_level.txt
writing manifest file 'ros2_shm_demo.egg-info/SOURCES.txt'
reading manifest file 'ros2_shm_demo.egg-info/SOURCES.txt'
writing manifest file 'ros2_shm_demo.egg-info/SOURCES.txt'
[  5%] Built target ament_cmake_python_build_ros2_shm_demo_egg
[  5%] Built target ros2_shm_demo__cpp
[  8%] [32mBuilding C object CMakeFiles/ros2_shm_demo__rosidl_generator_c.dir/rosidl_generator_c/ros2_shm_demo/msg/detail/shm_topic__functions.c.o[0m
[ 10%] [34m[1mGenerating C++ type support dispatch for ROS interfaces[0m
[ 16%] [34m[1mGenerating C++ introspection for ROS interfaces[0m
[ 16%] [34m[1mGenerating C++ type support for eProsima Fast-RTPS[0m
[ 18%] [32m[1mLinking C shared library libros2_shm_demo__rosidl_generator_c.so[0m
[ 18%] Built target ros2_shm_demo__rosidl_generator_c
[ 21%] [34m[1mGenerating C type support for eProsima Fast-RTPS[0m
[ 24%] [34m[1mGenerating C introspection for ROS interfaces[0m
[ 27%] [34m[1mGenerating C type support dispatch for ROS interfaces[0m
[ 29%] [32mBuilding CXX object CMakeFiles/ros2_shm_demo__rosidl_typesupport_cpp.dir/rosidl_typesupport_cpp/ros2_shm_demo/msg/shm_topic__type_support.cpp.o[0m
[ 32%] [32mBuilding CXX object CMakeFiles/ros2_shm_demo__rosidl_typesupport_introspection_cpp.dir/rosidl_typesupport_introspection_cpp/ros2_shm_demo/msg/detail/shm_topic__type_support.cpp.o[0m
[ 35%] [32mBuilding CXX object CMakeFiles/ros2_shm_demo__rosidl_typesupport_fastrtps_cpp.dir/rosidl_typesupport_fastrtps_cpp/ros2_shm_demo/msg/detail/dds_fastrtps/shm_topic__type_support.cpp.o[0m
[ 37%] [32mBuilding CXX object CMakeFiles/ros2_shm_demo__rosidl_typesupport_c.dir/rosidl_typesupport_c/ros2_shm_demo/msg/shm_topic__type_support.cpp.o[0m
[ 40%] [32mBuilding CXX object CMakeFiles/ros2_shm_demo__rosidl_typesupport_fastrtps_c.dir/rosidl_typesupport_fastrtps_c/ros2_shm_demo/msg/detail/shm_topic__type_support_c.cpp.o[0m
[ 43%] [32mBuilding C object CMakeFiles/ros2_shm_demo__rosidl_typesupport_introspection_c.dir/rosidl_typesupport_introspection_c/ros2_shm_demo/msg/detail/shm_topic__type_support.c.o[0m
[ 45%] [32m[1mLinking CXX shared library libros2_shm_demo__rosidl_typesupport_c.so[0m
[ 48%] [32m[1mLinking C shared library libros2_shm_demo__rosidl_typesupport_introspection_c.so[0m
[ 48%] Built target ros2_shm_demo__rosidl_typesupport_c
[ 48%] Built target ros2_shm_demo__rosidl_typesupport_introspection_c
[ 51%] [32m[1mLinking CXX shared library libros2_shm_demo__rosidl_typesupport_cpp.so[0m
[ 51%] Built target ros2_shm_demo__rosidl_typesupport_cpp
[ 54%] [32m[1mLinking CXX shared library libros2_shm_demo__rosidl_typesupport_introspection_cpp.so[0m
[ 56%] [32m[1mLinking CXX shared library libros2_shm_demo__rosidl_typesupport_fastrtps_cpp.so[0m
[ 59%] [32m[1mLinking CXX shared library libros2_shm_demo__rosidl_typesupport_fastrtps_c.so[0m
[ 59%] Built target ros2_shm_demo__rosidl_typesupport_introspection_cpp
[ 59%] Built target ros2_shm_demo__rosidl_typesupport_fastrtps_cpp
[ 59%] Built target ros2_shm_demo__rosidl_typesupport_fastrtps_c
[ 59%] Built target ros2_shm_demo
[ 62%] [34m[1mGenerating Python code for ROS interfaces[0m
[ 64%] [32mBuilding CXX object CMakeFiles/talker.dir/src/talker.cpp.o[0m
[ 67%] [32mBuilding CXX object CMakeFiles/listener.dir/src/listener.cpp.o[0m
[ 70%] [32mBuilding CXX object CMakeFiles/iox_subscriber.dir/src/iox_subscriber.cpp.o[0m
[01m[K/home/melmaphother/ROS2/ros2_ws/src/ros2_shm_demo/src/iox_subscriber.cpp:19:10:[m[K [01;31m[Kfatal error: [m[Kiceoryx_utils/posix_wrapper/signal_handler.hpp: 没有那个文件或目录
   19 | #include [01;31m[K"iceoryx_utils/posix_wrapper/signal_handler.hpp"[m[K
      |          [01;31m[K^~~~~~~~~~~~~~~~~~~~~~~~~~~~~~~~~~~~~~~~~~~~~~~~[m[K
compilation terminated.
gmake[2]: *** [CMakeFiles/iox_subscriber.dir/build.make:76：CMakeFiles/iox_subscriber.dir/src/iox_subscriber.cpp.o] 错误 1
gmake[1]: *** [CMakeFiles/Makefile2:654：CMakeFiles/iox_subscriber.dir/all] 错误 2
gmake[1]: *** 正在等待未完成的任务....
[ 70%] Built target ros2_shm_demo__py
[ 72%] [32m[1mLinking CXX executable talker[0m
[ 72%] Built target talker
[ 75%] [32m[1mLinking CXX executable listener[0m
[ 75%] Built target listener
gmake: *** [Makefile:146：all] 错误 2
