[0.006s] Invoking command in '/home/melmaphother/ROS2/ros2_ws/build/ros2_shm_demo': CMAKE_PREFIX_PATH=/opt/ros/humble /usr/bin/cmake /home/melmaphother/ROS2/ros2_ws/src/ros2_shm_demo -DCMAKE_INSTALL_PREFIX=/home/melmaphother/ROS2/ros2_ws/install/ros2_shm_demo
[0.014s] -- Found ament_cmake: 1.3.5 (/opt/ros/humble/share/ament_cmake/cmake)
[0.113s] -- Found rosidl_default_generators: 1.2.0 (/opt/ros/humble/share/rosidl_default_generators/cmake)
[0.114s] -- Using all available rosidl_typesupport_c: rosidl_typesupport_fastrtps_c;rosidl_typesupport_introspection_c
[0.115s] -- Found rosidl_adapter: 3.1.4 (/opt/ros/humble/share/rosidl_adapter/cmake)
[0.135s] -- Using all available rosidl_typesupport_cpp: rosidl_typesupport_fastrtps_cpp;rosidl_typesupport_introspection_cpp
[0.152s] -- Found rclcpp: 16.0.4 (/opt/ros/humble/share/rclcpp/cmake)
[0.195s] -- Found rmw_implementation_cmake: 6.1.1 (/opt/ros/humble/share/rmw_implementation_cmake/cmake)
[0.196s] -- Found rmw_fastrtps_cpp: 6.2.2 (/opt/ros/humble/share/rmw_fastrtps_cpp/cmake)
[0.267s] -- Using RMW implementation 'rmw_fastrtps_cpp' as default
[0.546s] -- Found ament_cmake_ros: 0.10.0 (/opt/ros/humble/share/ament_cmake_ros/cmake)
[0.691s] -- Using all available rosidl_typesupport_c: rosidl_typesupport_fastrtps_c;rosidl_typesupport_introspection_c
[0.878s] -- Using all available rosidl_typesupport_cpp: rosidl_typesupport_fastrtps_cpp;rosidl_typesupport_introspection_cpp
[0.895s] -- Found PythonInterp: /usr/bin/python3 (found suitable version "3.10.6", minimum required is "3.6") 
[0.896s] -- Found python_cmake_module: 0.10.0 (/opt/ros/humble/share/python_cmake_module/cmake)
[0.922s] -- Found PythonLibs: /usr/lib/x86_64-linux-gnu/libpython3.10.so (found suitable version "3.10.6", minimum required is "3.5") 
[0.922s] -- Using PYTHON_EXECUTABLE: /usr/bin/python3
[0.922s] -- Using PYTHON_INCLUDE_DIRS: /usr/include/python3.10
[0.922s] -- Using PYTHON_LIBRARIES: /usr/lib/x86_64-linux-gnu/libpython3.10.so
[0.944s] -- Found PythonExtra: .so  
[0.966s] [0mCMake Deprecation Warning at /opt/ros/humble/share/rosidl_cmake/cmake/rosidl_target_interfaces.cmake:32 (message):
[0.966s]   Use rosidl_get_typesupport_target() and target_link_libraries() instead of
[0.966s]   rosidl_target_interfaces()
[0.966s] Call Stack (most recent call first):
[0.966s]   CMakeLists.txt:39 (rosidl_target_interfaces)
[0.966s] 
[0.966s] [0m
[0.967s] [0mCMake Deprecation Warning at /opt/ros/humble/share/rosidl_cmake/cmake/rosidl_target_interfaces.cmake:32 (message):
[0.967s]   Use rosidl_get_typesupport_target() and target_link_libraries() instead of
[0.967s]   rosidl_target_interfaces()
[0.967s] Call Stack (most recent call first):
[0.967s]   CMakeLists.txt:53 (rosidl_target_interfaces)
[0.967s] 
[0.967s] [0m
[0.967s] [0mCMake Deprecation Warning at /opt/ros/humble/share/rosidl_cmake/cmake/rosidl_target_interfaces.cmake:32 (message):
[0.967s]   Use rosidl_get_typesupport_target() and target_link_libraries() instead of
[0.967s]   rosidl_target_interfaces()
[0.967s] Call Stack (most recent call first):
[0.967s]   CMakeLists.txt:68 (rosidl_target_interfaces)
[0.967s] 
[0.967s] [0m
[0.968s] -- Found ament_lint_auto: 0.12.6 (/opt/ros/humble/share/ament_lint_auto/cmake)
[0.985s] -- Added test 'copyright' to check source files copyright and LICENSE
[0.986s] -- Added test 'cppcheck' to perform static code analysis on C / C++ code
[0.987s] -- Configured cppcheck include dirs: /home/melmaphother/ROS2/ros2_ws/src/ros2_shm_demo/include
[0.987s] -- Configured cppcheck exclude dirs and/or files: 
[0.988s] -- Added test 'cpplint' to check C / C++ code against the Google style
[0.988s] -- Configured cpplint exclude dirs and/or files: 
[0.989s] -- Added test 'lint_cmake' to check CMake code style
[0.991s] -- Added test 'uncrustify' to check C / C++ code style
[0.991s] -- Configured uncrustify additional arguments: 
[0.991s] -- Added test 'xmllint' to check XML markup files
[0.993s] -- Configuring done
[1.012s] -- Generating done
[1.014s] -- Build files have been written to: /home/melmaphother/ROS2/ros2_ws/build/ros2_shm_demo
[1.019s] Invoked command in '/home/melmaphother/ROS2/ros2_ws/build/ros2_shm_demo' returned '0': CMAKE_PREFIX_PATH=/opt/ros/humble /usr/bin/cmake /home/melmaphother/ROS2/ros2_ws/src/ros2_shm_demo -DCMAKE_INSTALL_PREFIX=/home/melmaphother/ROS2/ros2_ws/install/ros2_shm_demo
[1.020s] Invoking command in '/home/melmaphother/ROS2/ros2_ws/build/ros2_shm_demo': CMAKE_PREFIX_PATH=/opt/ros/humble /usr/bin/cmake --build /home/melmaphother/ROS2/ros2_ws/build/ros2_shm_demo -- -j20 -l20
[1.048s] [  2%] [34m[1mGenerating C code for ROS interfaces[0m
[1.055s] [  5%] [34m[1mGenerating C++ code for ROS interfaces[0m
[1.059s] [  5%] Built target ament_cmake_python_copy_ros2_shm_demo
[1.199s] running egg_info
[1.199s] creating ros2_shm_demo.egg-info
[1.199s] writing ros2_shm_demo.egg-info/PKG-INFO
[1.199s] writing dependency_links to ros2_shm_demo.egg-info/dependency_links.txt
[1.200s] writing top-level names to ros2_shm_demo.egg-info/top_level.txt
[1.200s] writing manifest file 'ros2_shm_demo.egg-info/SOURCES.txt'
[1.201s] reading manifest file 'ros2_shm_demo.egg-info/SOURCES.txt'
[1.201s] writing manifest file 'ros2_shm_demo.egg-info/SOURCES.txt'
[1.218s] [  5%] Built target ament_cmake_python_build_ros2_shm_demo_egg
[1.219s] [  5%] Built target ros2_shm_demo__cpp
[1.223s] [  8%] [32mBuilding C object CMakeFiles/ros2_shm_demo__rosidl_generator_c.dir/rosidl_generator_c/ros2_shm_demo/msg/detail/shm_topic__functions.c.o[0m
[1.224s] [ 10%] [34m[1mGenerating C++ type support dispatch for ROS interfaces[0m
[1.224s] [ 16%] [34m[1mGenerating C++ introspection for ROS interfaces[0m
[1.224s] [ 16%] [34m[1mGenerating C++ type support for eProsima Fast-RTPS[0m
[1.254s] [ 18%] [32m[1mLinking C shared library libros2_shm_demo__rosidl_generator_c.so[0m
[1.277s] [ 18%] Built target ros2_shm_demo__rosidl_generator_c
[1.282s] [ 21%] [34m[1mGenerating C type support for eProsima Fast-RTPS[0m
[1.282s] [ 24%] [34m[1mGenerating C introspection for ROS interfaces[0m
[1.282s] [ 27%] [34m[1mGenerating C type support dispatch for ROS interfaces[0m
[1.372s] [ 29%] [32mBuilding CXX object CMakeFiles/ros2_shm_demo__rosidl_typesupport_cpp.dir/rosidl_typesupport_cpp/ros2_shm_demo/msg/shm_topic__type_support.cpp.o[0m
[1.382s] [ 32%] [32mBuilding CXX object CMakeFiles/ros2_shm_demo__rosidl_typesupport_introspection_cpp.dir/rosidl_typesupport_introspection_cpp/ros2_shm_demo/msg/detail/shm_topic__type_support.cpp.o[0m
[1.384s] [ 35%] [32mBuilding CXX object CMakeFiles/ros2_shm_demo__rosidl_typesupport_fastrtps_cpp.dir/rosidl_typesupport_fastrtps_cpp/ros2_shm_demo/msg/detail/dds_fastrtps/shm_topic__type_support.cpp.o[0m
[1.430s] [ 37%] [32mBuilding CXX object CMakeFiles/ros2_shm_demo__rosidl_typesupport_c.dir/rosidl_typesupport_c/ros2_shm_demo/msg/shm_topic__type_support.cpp.o[0m
[1.443s] [ 40%] [32mBuilding CXX object CMakeFiles/ros2_shm_demo__rosidl_typesupport_fastrtps_c.dir/rosidl_typesupport_fastrtps_c/ros2_shm_demo/msg/detail/shm_topic__type_support_c.cpp.o[0m
[1.445s] [ 43%] [32mBuilding C object CMakeFiles/ros2_shm_demo__rosidl_typesupport_introspection_c.dir/rosidl_typesupport_introspection_c/ros2_shm_demo/msg/detail/shm_topic__type_support.c.o[0m
[1.446s] [ 45%] [32m[1mLinking CXX shared library libros2_shm_demo__rosidl_typesupport_c.so[0m
[1.464s] [ 48%] [32m[1mLinking C shared library libros2_shm_demo__rosidl_typesupport_introspection_c.so[0m
[1.470s] [ 48%] Built target ros2_shm_demo__rosidl_typesupport_c
[1.481s] [ 48%] Built target ros2_shm_demo__rosidl_typesupport_introspection_c
[1.520s] [ 51%] [32m[1mLinking CXX shared library libros2_shm_demo__rosidl_typesupport_cpp.so[0m
[1.545s] [ 51%] Built target ros2_shm_demo__rosidl_typesupport_cpp
[1.598s] [ 54%] [32m[1mLinking CXX shared library libros2_shm_demo__rosidl_typesupport_introspection_cpp.so[0m
[1.604s] [ 56%] [32m[1mLinking CXX shared library libros2_shm_demo__rosidl_typesupport_fastrtps_cpp.so[0m
[1.630s] [ 59%] [32m[1mLinking CXX shared library libros2_shm_demo__rosidl_typesupport_fastrtps_c.so[0m
[1.643s] [ 59%] Built target ros2_shm_demo__rosidl_typesupport_introspection_cpp
[1.650s] [ 59%] Built target ros2_shm_demo__rosidl_typesupport_fastrtps_cpp
[1.677s] [ 59%] Built target ros2_shm_demo__rosidl_typesupport_fastrtps_c
[1.695s] [ 59%] Built target ros2_shm_demo
[1.711s] [ 62%] [34m[1mGenerating Python code for ROS interfaces[0m
[1.711s] [ 64%] [32mBuilding CXX object CMakeFiles/talker.dir/src/talker.cpp.o[0m
[1.711s] [ 67%] [32mBuilding CXX object CMakeFiles/listener.dir/src/listener.cpp.o[0m
[1.711s] [ 70%] [32mBuilding CXX object CMakeFiles/iox_subscriber.dir/src/iox_subscriber.cpp.o[0m
[1.785s] [01m[K/home/melmaphother/ROS2/ros2_ws/src/ros2_shm_demo/src/iox_subscriber.cpp:19:10:[m[K [01;31m[Kfatal error: [m[Kiceoryx_utils/posix_wrapper/signal_handler.hpp: 没有那个文件或目录
[1.785s]    19 | #include [01;31m[K"iceoryx_utils/posix_wrapper/signal_handler.hpp"[m[K
[1.785s]       |          [01;31m[K^~~~~~~~~~~~~~~~~~~~~~~~~~~~~~~~~~~~~~~~~~~~~~~~[m[K
[1.785s] compilation terminated.
[1.787s] gmake[2]: *** [CMakeFiles/iox_subscriber.dir/build.make:76：CMakeFiles/iox_subscriber.dir/src/iox_subscriber.cpp.o] 错误 1
[1.787s] gmake[1]: *** [CMakeFiles/Makefile2:654：CMakeFiles/iox_subscriber.dir/all] 错误 2
[1.787s] gmake[1]: *** 正在等待未完成的任务....
[1.920s] [ 70%] Built target ros2_shm_demo__py
[4.185s] [ 72%] [32m[1mLinking CXX executable talker[0m
[4.297s] [ 72%] Built target talker
[6.792s] [ 75%] [32m[1mLinking CXX executable listener[0m
[7.028s] [ 75%] Built target listener
[7.029s] gmake: *** [Makefile:146：all] 错误 2
[7.030s] Invoked command in '/home/melmaphother/ROS2/ros2_ws/build/ros2_shm_demo' returned '2': CMAKE_PREFIX_PATH=/opt/ros/humble /usr/bin/cmake --build /home/melmaphother/ROS2/ros2_ws/build/ros2_shm_demo -- -j20 -l20
