[0.008s] Invoking command in '/home/melmaphother/ROS2/ros2_ws/build/my_package': /usr/bin/cmake --build /home/melmaphother/ROS2/ros2_ws/build/my_package -- -j20 -l20
[0.033s] [35m[1mConsolidate compiler generated dependencies of target my_node[0m
[0.045s] [ 50%] [32mBuilding CXX object CMakeFiles/my_node.dir/src/my_node.cpp.o[0m
[0.069s] [100%] [32m[1mLinking CXX executable my_node[0m
[0.110s] [100%] Built target my_node
[0.120s] Invoked command in '/home/melmaphother/ROS2/ros2_ws/build/my_package' returned '0': /usr/bin/cmake --build /home/melmaphother/ROS2/ros2_ws/build/my_package -- -j20 -l20
[0.151s] Invoking command in '/home/melmaphother/ROS2/ros2_ws/build/my_package': /usr/bin/cmake --install /home/melmaphother/ROS2/ros2_ws/build/my_package
[0.158s] -- Install configuration: ""
[0.158s] -- Installing: /home/melmaphother/ROS2/ros2_ws/install/my_package/lib/my_package/my_node
[0.158s] -- Up-to-date: /home/melmaphother/ROS2/ros2_ws/install/my_package/share/ament_index/resource_index/package_run_dependencies/my_package
[0.158s] -- Up-to-date: /home/melmaphother/ROS2/ros2_ws/install/my_package/share/ament_index/resource_index/parent_prefix_path/my_package
[0.159s] -- Up-to-date: /home/melmaphother/ROS2/ros2_ws/install/my_package/share/my_package/environment/ament_prefix_path.sh
[0.159s] -- Up-to-date: /home/melmaphother/ROS2/ros2_ws/install/my_package/share/my_package/environment/ament_prefix_path.dsv
[0.159s] -- Up-to-date: /home/melmaphother/ROS2/ros2_ws/install/my_package/share/my_package/environment/path.sh
[0.159s] -- Up-to-date: /home/melmaphother/ROS2/ros2_ws/install/my_package/share/my_package/environment/path.dsv
[0.159s] -- Up-to-date: /home/melmaphother/ROS2/ros2_ws/install/my_package/share/my_package/local_setup.bash
[0.159s] -- Up-to-date: /home/melmaphother/ROS2/ros2_ws/install/my_package/share/my_package/local_setup.sh
[0.159s] -- Up-to-date: /home/melmaphother/ROS2/ros2_ws/install/my_package/share/my_package/local_setup.zsh
[0.159s] -- Up-to-date: /home/melmaphother/ROS2/ros2_ws/install/my_package/share/my_package/local_setup.dsv
[0.159s] -- Up-to-date: /home/melmaphother/ROS2/ros2_ws/install/my_package/share/my_package/package.dsv
[0.159s] -- Up-to-date: /home/melmaphother/ROS2/ros2_ws/install/my_package/share/ament_index/resource_index/packages/my_package
[0.159s] -- Up-to-date: /home/melmaphother/ROS2/ros2_ws/install/my_package/share/my_package/cmake/my_packageConfig.cmake
[0.159s] -- Up-to-date: /home/melmaphother/ROS2/ros2_ws/install/my_package/share/my_package/cmake/my_packageConfig-version.cmake
[0.159s] -- Up-to-date: /home/melmaphother/ROS2/ros2_ws/install/my_package/share/my_package/package.xml
[0.160s] Invoked command in '/home/melmaphother/ROS2/ros2_ws/build/my_package' returned '0': /usr/bin/cmake --install /home/melmaphother/ROS2/ros2_ws/build/my_package
