[0.382s] Invoking command in '/home/melmaphother/ROS2/ros2_ws/src/py_srvcli': PYTHONPATH=/home/melmaphother/ROS2/ros2_ws/build/py_srvcli/prefix_override:/home/melmaphother/ROS2/ros2_ws/install/py_srvcli/lib/python3.10/site-packages:${PYTHONPATH} /usr/bin/python3 setup.py egg_info --egg-base ../../build/py_srvcli build --build-base /home/melmaphother/ROS2/ros2_ws/build/py_srvcli/build install --record /home/melmaphother/ROS2/ros2_ws/build/py_srvcli/install.log --single-version-externally-managed
[0.522s] running egg_info
[0.522s] writing ../../build/py_srvcli/py_srvcli.egg-info/PKG-INFO
[0.527s] writing dependency_links to ../../build/py_srvcli/py_srvcli.egg-info/dependency_links.txt
[0.527s] writing entry points to ../../build/py_srvcli/py_srvcli.egg-info/entry_points.txt
[0.527s] writing requirements to ../../build/py_srvcli/py_srvcli.egg-info/requires.txt
[0.527s] writing top-level names to ../../build/py_srvcli/py_srvcli.egg-info/top_level.txt
[0.528s] reading manifest file '../../build/py_srvcli/py_srvcli.egg-info/SOURCES.txt'
[0.528s] writing manifest file '../../build/py_srvcli/py_srvcli.egg-info/SOURCES.txt'
[0.528s] running build
[0.529s] running build_py
[0.529s] copying py_srvcli/service_member_function.py -> /home/melmaphother/ROS2/ros2_ws/build/py_srvcli/build/lib/py_srvcli
[0.529s] copying py_srvcli/client_member_function.py -> /home/melmaphother/ROS2/ros2_ws/build/py_srvcli/build/lib/py_srvcli
[0.529s] running install
[0.529s] /usr/lib/python3/dist-packages/setuptools/command/install.py:34: SetuptoolsDeprecationWarning: setup.py install is deprecated. Use build and pip and other standards-based tools.
[0.529s]   warnings.warn(
[0.529s] running install_lib
[0.530s] copying /home/melmaphother/ROS2/ros2_ws/build/py_srvcli/build/lib/py_srvcli/service_member_function.py -> /home/melmaphother/ROS2/ros2_ws/install/py_srvcli/lib/python3.10/site-packages/py_srvcli
[0.530s] copying /home/melmaphother/ROS2/ros2_ws/build/py_srvcli/build/lib/py_srvcli/client_member_function.py -> /home/melmaphother/ROS2/ros2_ws/install/py_srvcli/lib/python3.10/site-packages/py_srvcli
[0.530s] byte-compiling /home/melmaphother/ROS2/ros2_ws/install/py_srvcli/lib/python3.10/site-packages/py_srvcli/service_member_function.py to service_member_function.cpython-310.pyc
[0.530s] byte-compiling /home/melmaphother/ROS2/ros2_ws/install/py_srvcli/lib/python3.10/site-packages/py_srvcli/client_member_function.py to client_member_function.cpython-310.pyc
[0.531s] running install_data
[0.531s] copying package.xml -> /home/melmaphother/ROS2/ros2_ws/install/py_srvcli/share/py_srvcli
[0.531s] running install_egg_info
[0.532s] removing '/home/melmaphother/ROS2/ros2_ws/install/py_srvcli/lib/python3.10/site-packages/py_srvcli-0.0.0-py3.10.egg-info' (and everything under it)
[0.532s] Copying ../../build/py_srvcli/py_srvcli.egg-info to /home/melmaphother/ROS2/ros2_ws/install/py_srvcli/lib/python3.10/site-packages/py_srvcli-0.0.0-py3.10.egg-info
[0.532s] running install_scripts
[0.546s] Installing client script to /home/melmaphother/ROS2/ros2_ws/install/py_srvcli/lib/py_srvcli
[0.546s] Installing service script to /home/melmaphother/ROS2/ros2_ws/install/py_srvcli/lib/py_srvcli
[0.547s] writing list of installed files to '/home/melmaphother/ROS2/ros2_ws/build/py_srvcli/install.log'
[0.561s] Invoked command in '/home/melmaphother/ROS2/ros2_ws/src/py_srvcli' returned '0': PYTHONPATH=/home/melmaphother/ROS2/ros2_ws/build/py_srvcli/prefix_override:/home/melmaphother/ROS2/ros2_ws/install/py_srvcli/lib/python3.10/site-packages:${PYTHONPATH} /usr/bin/python3 setup.py egg_info --egg-base ../../build/py_srvcli build --build-base /home/melmaphother/ROS2/ros2_ws/build/py_srvcli/build install --record /home/melmaphother/ROS2/ros2_ws/build/py_srvcli/install.log --single-version-externally-managed
