[0.009s] Invoking command in '/home/melmaphother/ROS2/ros2_ws/build/action_tutorials_interfaces': CMAKE_PREFIX_PATH=/opt/ros/humble /usr/bin/cmake /home/melmaphother/ROS2/ros2_ws/src/action_tutorials_interfaces -DCMAKE_INSTALL_PREFIX=/home/melmaphother/ROS2/ros2_ws/install/action_tutorials_interfaces
[0.117s] -- The C compiler identification is GNU 11.3.0
[0.203s] -- The CXX compiler identification is GNU 11.3.0
[0.210s] -- Detecting C compiler ABI info
[0.282s] -- Detecting C compiler ABI info - done
[0.290s] -- Check for working C compiler: /usr/bin/cc - skipped
[0.291s] -- Detecting C compile features
[0.291s] -- Detecting C compile features - done
[0.294s] -- Detecting CXX compiler ABI info
[0.365s] -- Detecting CXX compiler ABI info - done
[0.371s] -- Check for working CXX compiler: /usr/bin/c++ - skipped
[0.371s] -- Detecting CXX compile features
[0.372s] -- Detecting CXX compile features - done
[0.375s] -- Found ament_cmake: 1.3.5 (/opt/ros/humble/share/ament_cmake/cmake)
[0.516s] -- Found Python3: /usr/bin/python3.10 (found version "3.10.6") found components: Interpreter 
[0.588s] -- Found rosidl_default_generators: 1.2.0 (/opt/ros/humble/share/rosidl_default_generators/cmake)
[0.591s] -- Using all available rosidl_typesupport_c: rosidl_typesupport_fastrtps_c;rosidl_typesupport_introspection_c
[0.598s] -- Found rosidl_adapter: 3.1.4 (/opt/ros/humble/share/rosidl_adapter/cmake)
[0.641s] -- Using all available rosidl_typesupport_cpp: rosidl_typesupport_fastrtps_cpp;rosidl_typesupport_introspection_cpp
[0.913s] -- Found ament_cmake_ros: 0.10.0 (/opt/ros/humble/share/ament_cmake_ros/cmake)
[1.048s] -- Using all available rosidl_typesupport_c: rosidl_typesupport_fastrtps_c;rosidl_typesupport_introspection_c
[1.245s] -- Using all available rosidl_typesupport_cpp: rosidl_typesupport_fastrtps_cpp;rosidl_typesupport_introspection_cpp
[1.268s] -- Found PythonInterp: /usr/bin/python3 (found suitable version "3.10.6", minimum required is "3.6") 
[1.269s] -- Found python_cmake_module: 0.10.0 (/opt/ros/humble/share/python_cmake_module/cmake)
[1.291s] -- Found PythonLibs: /usr/lib/x86_64-linux-gnu/libpython3.10.so (found suitable version "3.10.6", minimum required is "3.5") 
[1.291s] -- Using PYTHON_EXECUTABLE: /usr/bin/python3
[1.291s] -- Using PYTHON_INCLUDE_DIRS: /usr/include/python3.10
[1.291s] -- Using PYTHON_LIBRARIES: /usr/lib/x86_64-linux-gnu/libpython3.10.so
[1.310s] -- Found PythonExtra: .so  
[1.341s] -- Found ament_lint_auto: 0.12.6 (/opt/ros/humble/share/ament_lint_auto/cmake)
[1.357s] -- Added test 'lint_cmake' to check CMake code style
[1.358s] -- Added test 'xmllint' to check XML markup files
[1.359s] -- Configuring done
[1.378s] -- Generating done
[1.379s] -- Build files have been written to: /home/melmaphother/ROS2/ros2_ws/build/action_tutorials_interfaces
[1.384s] Invoked command in '/home/melmaphother/ROS2/ros2_ws/build/action_tutorials_interfaces' returned '0': CMAKE_PREFIX_PATH=/opt/ros/humble /usr/bin/cmake /home/melmaphother/ROS2/ros2_ws/src/action_tutorials_interfaces -DCMAKE_INSTALL_PREFIX=/home/melmaphother/ROS2/ros2_ws/install/action_tutorials_interfaces
[1.385s] Invoking command in '/home/melmaphother/ROS2/ros2_ws/build/action_tutorials_interfaces': CMAKE_PREFIX_PATH=/opt/ros/humble /usr/bin/cmake --build /home/melmaphother/ROS2/ros2_ws/build/action_tutorials_interfaces -- -j20 -l20
[1.411s] [  3%] [34m[1mGenerating C code for ROS interfaces[0m
[1.417s] [  6%] [34m[1mGenerating C++ code for ROS interfaces[0m
[1.421s] [  6%] Built target ament_cmake_python_copy_action_tutorials_interfaces
[1.567s] running egg_info
[1.567s] creating action_tutorials_interfaces.egg-info
[1.567s] writing action_tutorials_interfaces.egg-info/PKG-INFO
[1.567s] writing dependency_links to action_tutorials_interfaces.egg-info/dependency_links.txt
[1.567s] writing top-level names to action_tutorials_interfaces.egg-info/top_level.txt
[1.567s] writing manifest file 'action_tutorials_interfaces.egg-info/SOURCES.txt'
[1.569s] reading manifest file 'action_tutorials_interfaces.egg-info/SOURCES.txt'
[1.569s] writing manifest file 'action_tutorials_interfaces.egg-info/SOURCES.txt'
[1.585s] [  6%] Built target ament_cmake_python_build_action_tutorials_interfaces_egg
[1.662s] [  6%] Built target action_tutorials_interfaces__cpp
[1.664s] [  9%] [32mBuilding C object CMakeFiles/action_tutorials_interfaces__rosidl_generator_c.dir/rosidl_generator_c/action_tutorials_interfaces/action/detail/fibonacci__functions.c.o[0m
[1.667s] [ 12%] [34m[1mGenerating C++ type support dispatch for ROS interfaces[0m
[1.667s] [ 16%] [34m[1mGenerating C++ type support for eProsima Fast-RTPS[0m
[1.667s] [ 19%] [34m[1mGenerating C++ introspection for ROS interfaces[0m
[1.759s] [ 22%] [32m[1mLinking C shared library libaction_tutorials_interfaces__rosidl_generator_c.so[0m
[1.782s] [ 22%] Built target action_tutorials_interfaces__rosidl_generator_c
[1.787s] [ 29%] [34m[1mGenerating C type support for eProsima Fast-RTPS[0m
[1.787s] [ 29%] [34m[1mGenerating C introspection for ROS interfaces[0m
[1.787s] [ 32%] [34m[1mGenerating C type support dispatch for ROS interfaces[0m
[1.837s] [ 35%] [32mBuilding CXX object CMakeFiles/action_tutorials_interfaces__rosidl_typesupport_cpp.dir/rosidl_typesupport_cpp/action_tutorials_interfaces/action/fibonacci__type_support.cpp.o[0m
[1.862s] [ 38%] [32mBuilding CXX object CMakeFiles/action_tutorials_interfaces__rosidl_typesupport_introspection_cpp.dir/rosidl_typesupport_introspection_cpp/action_tutorials_interfaces/action/detail/fibonacci__type_support.cpp.o[0m
[1.887s] [ 41%] [32mBuilding CXX object CMakeFiles/action_tutorials_interfaces__rosidl_typesupport_fastrtps_cpp.dir/rosidl_typesupport_fastrtps_cpp/action_tutorials_interfaces/action/detail/dds_fastrtps/fibonacci__type_support.cpp.o[0m
[1.951s] [ 45%] [32mBuilding CXX object CMakeFiles/action_tutorials_interfaces__rosidl_typesupport_c.dir/rosidl_typesupport_c/action_tutorials_interfaces/action/fibonacci__type_support.cpp.o[0m
[1.981s] [ 48%] [32m[1mLinking CXX shared library libaction_tutorials_interfaces__rosidl_typesupport_c.so[0m
[1.997s] [ 51%] [32mBuilding C object CMakeFiles/action_tutorials_interfaces__rosidl_typesupport_introspection_c.dir/rosidl_typesupport_introspection_c/action_tutorials_interfaces/action/detail/fibonacci__type_support.c.o[0m
[2.003s] [ 54%] [32mBuilding CXX object CMakeFiles/action_tutorials_interfaces__rosidl_typesupport_fastrtps_c.dir/rosidl_typesupport_fastrtps_c/action_tutorials_interfaces/action/detail/fibonacci__type_support_c.cpp.o[0m
[2.006s] [ 54%] Built target action_tutorials_interfaces__rosidl_typesupport_c
[2.029s] [ 58%] [32m[1mLinking C shared library libaction_tutorials_interfaces__rosidl_typesupport_introspection_c.so[0m
[2.049s] [ 58%] Built target action_tutorials_interfaces__rosidl_typesupport_introspection_c
[2.125s] [ 61%] [32m[1mLinking CXX shared library libaction_tutorials_interfaces__rosidl_typesupport_cpp.so[0m
[2.150s] [ 61%] Built target action_tutorials_interfaces__rosidl_typesupport_cpp
[2.220s] [ 64%] [32m[1mLinking CXX shared library libaction_tutorials_interfaces__rosidl_typesupport_introspection_cpp.so[0m
[2.221s] [ 67%] [32m[1mLinking CXX shared library libaction_tutorials_interfaces__rosidl_typesupport_fastrtps_c.so[0m
[2.246s] [ 70%] [32m[1mLinking CXX shared library libaction_tutorials_interfaces__rosidl_typesupport_fastrtps_cpp.so[0m
[2.266s] [ 70%] Built target action_tutorials_interfaces__rosidl_typesupport_introspection_cpp
[2.268s] [ 70%] Built target action_tutorials_interfaces__rosidl_typesupport_fastrtps_c
[2.292s] [ 70%] Built target action_tutorials_interfaces__rosidl_typesupport_fastrtps_cpp
[2.303s] [ 70%] Built target action_tutorials_interfaces
[2.316s] [ 74%] [34m[1mGenerating Python code for ROS interfaces[0m
[2.727s] [ 74%] Built target action_tutorials_interfaces__py
[2.738s] [ 77%] [32mBuilding C object CMakeFiles/action_tutorials_interfaces__rosidl_generator_py.dir/rosidl_generator_py/action_tutorials_interfaces/action/_fibonacci_s.c.o[0m
[2.847s] [ 80%] [32m[1mLinking C shared library rosidl_generator_py/action_tutorials_interfaces/libaction_tutorials_interfaces__rosidl_generator_py.so[0m
[2.873s] [ 80%] Built target action_tutorials_interfaces__rosidl_generator_py
[2.884s] [ 83%] [32mBuilding C object CMakeFiles/action_tutorials_interfaces__rosidl_typesupport_fastrtps_c__pyext.dir/rosidl_generator_py/action_tutorials_interfaces/_action_tutorials_interfaces_s.ep.rosidl_typesupport_fastrtps_c.c.o[0m
[2.884s] [ 87%] [32mBuilding C object CMakeFiles/action_tutorials_interfaces__rosidl_typesupport_introspection_c__pyext.dir/rosidl_generator_py/action_tutorials_interfaces/_action_tutorials_interfaces_s.ep.rosidl_typesupport_introspection_c.c.o[0m
[2.884s] [ 90%] [32mBuilding C object CMakeFiles/action_tutorials_interfaces__rosidl_typesupport_c__pyext.dir/rosidl_generator_py/action_tutorials_interfaces/_action_tutorials_interfaces_s.ep.rosidl_typesupport_c.c.o[0m
[2.954s] [100%] [32m[1mLinking C shared library rosidl_generator_py/action_tutorials_interfaces/action_tutorials_interfaces_s__rosidl_typesupport_c.cpython-310-x86_64-linux-gnu.so[0m
[2.954s] [100%] [32m[1mLinking C shared library rosidl_generator_py/action_tutorials_interfaces/action_tutorials_interfaces_s__rosidl_typesupport_fastrtps_c.cpython-310-x86_64-linux-gnu.so[0m
[2.954s] [100%] [32m[1mLinking C shared library rosidl_generator_py/action_tutorials_interfaces/action_tutorials_interfaces_s__rosidl_typesupport_introspection_c.cpython-310-x86_64-linux-gnu.so[0m
[2.976s] [100%] Built target action_tutorials_interfaces__rosidl_typesupport_fastrtps_c__pyext
[2.976s] [100%] Built target action_tutorials_interfaces__rosidl_typesupport_introspection_c__pyext
[2.976s] [100%] Built target action_tutorials_interfaces__rosidl_typesupport_c__pyext
[2.983s] Invoked command in '/home/melmaphother/ROS2/ros2_ws/build/action_tutorials_interfaces' returned '0': CMAKE_PREFIX_PATH=/opt/ros/humble /usr/bin/cmake --build /home/melmaphother/ROS2/ros2_ws/build/action_tutorials_interfaces -- -j20 -l20
[3.016s] Invoking command in '/home/melmaphother/ROS2/ros2_ws/build/action_tutorials_interfaces': CMAKE_PREFIX_PATH=/opt/ros/humble /usr/bin/cmake --install /home/melmaphother/ROS2/ros2_ws/build/action_tutorials_interfaces
[3.022s] -- Install configuration: ""
[3.022s] -- Installing: /home/melmaphother/ROS2/ros2_ws/install/action_tutorials_interfaces/share/ament_index/resource_index/rosidl_interfaces/action_tutorials_interfaces
[3.022s] -- Installing: /home/melmaphother/ROS2/ros2_ws/install/action_tutorials_interfaces/include/action_tutorials_interfaces/action_tutorials_interfaces
[3.022s] -- Installing: /home/melmaphother/ROS2/ros2_ws/install/action_tutorials_interfaces/include/action_tutorials_interfaces/action_tutorials_interfaces/action
[3.022s] -- Installing: /home/melmaphother/ROS2/ros2_ws/install/action_tutorials_interfaces/include/action_tutorials_interfaces/action_tutorials_interfaces/action/detail
[3.022s] -- Installing: /home/melmaphother/ROS2/ros2_ws/install/action_tutorials_interfaces/include/action_tutorials_interfaces/action_tutorials_interfaces/action/detail/fibonacci__type_support.h
[3.022s] -- Installing: /home/melmaphother/ROS2/ros2_ws/install/action_tutorials_interfaces/include/action_tutorials_interfaces/action_tutorials_interfaces/action/detail/fibonacci__functions.c
[3.022s] -- Installing: /home/melmaphother/ROS2/ros2_ws/install/action_tutorials_interfaces/include/action_tutorials_interfaces/action_tutorials_interfaces/action/detail/fibonacci__functions.h
[3.023s] -- Installing: /home/melmaphother/ROS2/ros2_ws/install/action_tutorials_interfaces/include/action_tutorials_interfaces/action_tutorials_interfaces/action/detail/fibonacci__struct.h
[3.023s] -- Installing: /home/melmaphother/ROS2/ros2_ws/install/action_tutorials_interfaces/include/action_tutorials_interfaces/action_tutorials_interfaces/action/fibonacci.h
[3.023s] -- Installing: /home/melmaphother/ROS2/ros2_ws/install/action_tutorials_interfaces/include/action_tutorials_interfaces/action_tutorials_interfaces/msg
[3.023s] -- Installing: /home/melmaphother/ROS2/ros2_ws/install/action_tutorials_interfaces/include/action_tutorials_interfaces/action_tutorials_interfaces/msg/rosidl_generator_c__visibility_control.h
[3.023s] -- Installing: /home/melmaphother/ROS2/ros2_ws/install/action_tutorials_interfaces/share/action_tutorials_interfaces/environment/library_path.sh
[3.023s] -- Installing: /home/melmaphother/ROS2/ros2_ws/install/action_tutorials_interfaces/share/action_tutorials_interfaces/environment/library_path.dsv
[3.023s] -- Installing: /home/melmaphother/ROS2/ros2_ws/install/action_tutorials_interfaces/lib/libaction_tutorials_interfaces__rosidl_generator_c.so
[3.023s] -- Set runtime path of "/home/melmaphother/ROS2/ros2_ws/install/action_tutorials_interfaces/lib/libaction_tutorials_interfaces__rosidl_generator_c.so" to ""
[3.023s] -- Up-to-date: /home/melmaphother/ROS2/ros2_ws/install/action_tutorials_interfaces/include/action_tutorials_interfaces/action_tutorials_interfaces
[3.023s] -- Up-to-date: /home/melmaphother/ROS2/ros2_ws/install/action_tutorials_interfaces/include/action_tutorials_interfaces/action_tutorials_interfaces/action
[3.023s] -- Up-to-date: /home/melmaphother/ROS2/ros2_ws/install/action_tutorials_interfaces/include/action_tutorials_interfaces/action_tutorials_interfaces/action/detail
[3.023s] -- Installing: /home/melmaphother/ROS2/ros2_ws/install/action_tutorials_interfaces/include/action_tutorials_interfaces/action_tutorials_interfaces/action/detail/fibonacci__rosidl_typesupport_fastrtps_c.h
[3.023s] -- Up-to-date: /home/melmaphother/ROS2/ros2_ws/install/action_tutorials_interfaces/include/action_tutorials_interfaces/action_tutorials_interfaces/msg
[3.023s] -- Installing: /home/melmaphother/ROS2/ros2_ws/install/action_tutorials_interfaces/include/action_tutorials_interfaces/action_tutorials_interfaces/msg/rosidl_typesupport_fastrtps_c__visibility_control.h
[3.023s] -- Installing: /home/melmaphother/ROS2/ros2_ws/install/action_tutorials_interfaces/lib/libaction_tutorials_interfaces__rosidl_typesupport_fastrtps_c.so
[3.023s] -- Set runtime path of "/home/melmaphother/ROS2/ros2_ws/install/action_tutorials_interfaces/lib/libaction_tutorials_interfaces__rosidl_typesupport_fastrtps_c.so" to ""
[3.024s] -- Up-to-date: /home/melmaphother/ROS2/ros2_ws/install/action_tutorials_interfaces/include/action_tutorials_interfaces/action_tutorials_interfaces
[3.024s] -- Up-to-date: /home/melmaphother/ROS2/ros2_ws/install/action_tutorials_interfaces/include/action_tutorials_interfaces/action_tutorials_interfaces/action
[3.024s] -- Up-to-date: /home/melmaphother/ROS2/ros2_ws/install/action_tutorials_interfaces/include/action_tutorials_interfaces/action_tutorials_interfaces/action/detail
[3.024s] -- Installing: /home/melmaphother/ROS2/ros2_ws/install/action_tutorials_interfaces/include/action_tutorials_interfaces/action_tutorials_interfaces/action/detail/fibonacci__rosidl_typesupport_introspection_c.h
[3.024s] -- Installing: /home/melmaphother/ROS2/ros2_ws/install/action_tutorials_interfaces/include/action_tutorials_interfaces/action_tutorials_interfaces/action/detail/fibonacci__type_support.c
[3.024s] -- Up-to-date: /home/melmaphother/ROS2/ros2_ws/install/action_tutorials_interfaces/include/action_tutorials_interfaces/action_tutorials_interfaces/msg
[3.024s] -- Installing: /home/melmaphother/ROS2/ros2_ws/install/action_tutorials_interfaces/include/action_tutorials_interfaces/action_tutorials_interfaces/msg/rosidl_typesupport_introspection_c__visibility_control.h
[3.024s] -- Installing: /home/melmaphother/ROS2/ros2_ws/install/action_tutorials_interfaces/lib/libaction_tutorials_interfaces__rosidl_typesupport_introspection_c.so
[3.024s] -- Set runtime path of "/home/melmaphother/ROS2/ros2_ws/install/action_tutorials_interfaces/lib/libaction_tutorials_interfaces__rosidl_typesupport_introspection_c.so" to ""
[3.024s] -- Installing: /home/melmaphother/ROS2/ros2_ws/install/action_tutorials_interfaces/lib/libaction_tutorials_interfaces__rosidl_typesupport_c.so
[3.024s] -- Set runtime path of "/home/melmaphother/ROS2/ros2_ws/install/action_tutorials_interfaces/lib/libaction_tutorials_interfaces__rosidl_typesupport_c.so" to ""
[3.024s] -- Up-to-date: /home/melmaphother/ROS2/ros2_ws/install/action_tutorials_interfaces/include/action_tutorials_interfaces/action_tutorials_interfaces
[3.024s] -- Up-to-date: /home/melmaphother/ROS2/ros2_ws/install/action_tutorials_interfaces/include/action_tutorials_interfaces/action_tutorials_interfaces/action
[3.024s] -- Up-to-date: /home/melmaphother/ROS2/ros2_ws/install/action_tutorials_interfaces/include/action_tutorials_interfaces/action_tutorials_interfaces/action/detail
[3.024s] -- Installing: /home/melmaphother/ROS2/ros2_ws/install/action_tutorials_interfaces/include/action_tutorials_interfaces/action_tutorials_interfaces/action/detail/fibonacci__traits.hpp
[3.024s] -- Installing: /home/melmaphother/ROS2/ros2_ws/install/action_tutorials_interfaces/include/action_tutorials_interfaces/action_tutorials_interfaces/action/detail/fibonacci__builder.hpp
[3.024s] -- Installing: /home/melmaphother/ROS2/ros2_ws/install/action_tutorials_interfaces/include/action_tutorials_interfaces/action_tutorials_interfaces/action/detail/fibonacci__struct.hpp
[3.024s] -- Installing: /home/melmaphother/ROS2/ros2_ws/install/action_tutorials_interfaces/include/action_tutorials_interfaces/action_tutorials_interfaces/action/fibonacci.hpp
[3.024s] -- Up-to-date: /home/melmaphother/ROS2/ros2_ws/install/action_tutorials_interfaces/include/action_tutorials_interfaces/action_tutorials_interfaces
[3.024s] -- Up-to-date: /home/melmaphother/ROS2/ros2_ws/install/action_tutorials_interfaces/include/action_tutorials_interfaces/action_tutorials_interfaces/action
[3.024s] -- Up-to-date: /home/melmaphother/ROS2/ros2_ws/install/action_tutorials_interfaces/include/action_tutorials_interfaces/action_tutorials_interfaces/action/detail
[3.024s] -- Installing: /home/melmaphother/ROS2/ros2_ws/install/action_tutorials_interfaces/include/action_tutorials_interfaces/action_tutorials_interfaces/action/detail/dds_fastrtps
[3.025s] -- Installing: /home/melmaphother/ROS2/ros2_ws/install/action_tutorials_interfaces/include/action_tutorials_interfaces/action_tutorials_interfaces/action/detail/fibonacci__rosidl_typesupport_fastrtps_cpp.hpp
[3.025s] -- Up-to-date: /home/melmaphother/ROS2/ros2_ws/install/action_tutorials_interfaces/include/action_tutorials_interfaces/action_tutorials_interfaces/msg
[3.025s] -- Installing: /home/melmaphother/ROS2/ros2_ws/install/action_tutorials_interfaces/include/action_tutorials_interfaces/action_tutorials_interfaces/msg/rosidl_typesupport_fastrtps_cpp__visibility_control.h
[3.025s] -- Installing: /home/melmaphother/ROS2/ros2_ws/install/action_tutorials_interfaces/lib/libaction_tutorials_interfaces__rosidl_typesupport_fastrtps_cpp.so
[3.025s] -- Set runtime path of "/home/melmaphother/ROS2/ros2_ws/install/action_tutorials_interfaces/lib/libaction_tutorials_interfaces__rosidl_typesupport_fastrtps_cpp.so" to ""
[3.025s] -- Up-to-date: /home/melmaphother/ROS2/ros2_ws/install/action_tutorials_interfaces/include/action_tutorials_interfaces/action_tutorials_interfaces
[3.025s] -- Up-to-date: /home/melmaphother/ROS2/ros2_ws/install/action_tutorials_interfaces/include/action_tutorials_interfaces/action_tutorials_interfaces/action
[3.025s] -- Up-to-date: /home/melmaphother/ROS2/ros2_ws/install/action_tutorials_interfaces/include/action_tutorials_interfaces/action_tutorials_interfaces/action/detail
[3.025s] -- Installing: /home/melmaphother/ROS2/ros2_ws/install/action_tutorials_interfaces/include/action_tutorials_interfaces/action_tutorials_interfaces/action/detail/fibonacci__rosidl_typesupport_introspection_cpp.hpp
[3.025s] -- Installing: /home/melmaphother/ROS2/ros2_ws/install/action_tutorials_interfaces/include/action_tutorials_interfaces/action_tutorials_interfaces/action/detail/fibonacci__type_support.cpp
[3.025s] -- Installing: /home/melmaphother/ROS2/ros2_ws/install/action_tutorials_interfaces/lib/libaction_tutorials_interfaces__rosidl_typesupport_introspection_cpp.so
[3.025s] -- Set runtime path of "/home/melmaphother/ROS2/ros2_ws/install/action_tutorials_interfaces/lib/libaction_tutorials_interfaces__rosidl_typesupport_introspection_cpp.so" to ""
[3.025s] -- Installing: /home/melmaphother/ROS2/ros2_ws/install/action_tutorials_interfaces/lib/libaction_tutorials_interfaces__rosidl_typesupport_cpp.so
[3.025s] -- Set runtime path of "/home/melmaphother/ROS2/ros2_ws/install/action_tutorials_interfaces/lib/libaction_tutorials_interfaces__rosidl_typesupport_cpp.so" to ""
[3.025s] -- Installing: /home/melmaphother/ROS2/ros2_ws/install/action_tutorials_interfaces/share/action_tutorials_interfaces/environment/pythonpath.sh
[3.025s] -- Installing: /home/melmaphother/ROS2/ros2_ws/install/action_tutorials_interfaces/share/action_tutorials_interfaces/environment/pythonpath.dsv
[3.025s] -- Installing: /home/melmaphother/ROS2/ros2_ws/install/action_tutorials_interfaces/local/lib/python3.10/dist-packages/action_tutorials_interfaces-0.0.0-py3.10.egg-info
[3.025s] -- Installing: /home/melmaphother/ROS2/ros2_ws/install/action_tutorials_interfaces/local/lib/python3.10/dist-packages/action_tutorials_interfaces-0.0.0-py3.10.egg-info/SOURCES.txt
[3.025s] -- Installing: /home/melmaphother/ROS2/ros2_ws/install/action_tutorials_interfaces/local/lib/python3.10/dist-packages/action_tutorials_interfaces-0.0.0-py3.10.egg-info/PKG-INFO
[3.025s] -- Installing: /home/melmaphother/ROS2/ros2_ws/install/action_tutorials_interfaces/local/lib/python3.10/dist-packages/action_tutorials_interfaces-0.0.0-py3.10.egg-info/top_level.txt
[3.026s] -- Installing: /home/melmaphother/ROS2/ros2_ws/install/action_tutorials_interfaces/local/lib/python3.10/dist-packages/action_tutorials_interfaces-0.0.0-py3.10.egg-info/dependency_links.txt
[3.026s] -- Installing: /home/melmaphother/ROS2/ros2_ws/install/action_tutorials_interfaces/local/lib/python3.10/dist-packages/action_tutorials_interfaces
[3.026s] -- Installing: /home/melmaphother/ROS2/ros2_ws/install/action_tutorials_interfaces/local/lib/python3.10/dist-packages/action_tutorials_interfaces/_action_tutorials_interfaces_s.ep.rosidl_typesupport_c.c
[3.026s] -- Installing: /home/melmaphother/ROS2/ros2_ws/install/action_tutorials_interfaces/local/lib/python3.10/dist-packages/action_tutorials_interfaces/__init__.py
[3.026s] -- Installing: /home/melmaphother/ROS2/ros2_ws/install/action_tutorials_interfaces/local/lib/python3.10/dist-packages/action_tutorials_interfaces/action_tutorials_interfaces_s__rosidl_typesupport_c.cpython-310-x86_64-linux-gnu.so
[3.026s] -- Installing: /home/melmaphother/ROS2/ros2_ws/install/action_tutorials_interfaces/local/lib/python3.10/dist-packages/action_tutorials_interfaces/action_tutorials_interfaces_s__rosidl_typesupport_fastrtps_c.cpython-310-x86_64-linux-gnu.so
[3.026s] -- Installing: /home/melmaphother/ROS2/ros2_ws/install/action_tutorials_interfaces/local/lib/python3.10/dist-packages/action_tutorials_interfaces/action
[3.026s] -- Installing: /home/melmaphother/ROS2/ros2_ws/install/action_tutorials_interfaces/local/lib/python3.10/dist-packages/action_tutorials_interfaces/action/_fibonacci_s.c
[3.026s] -- Installing: /home/melmaphother/ROS2/ros2_ws/install/action_tutorials_interfaces/local/lib/python3.10/dist-packages/action_tutorials_interfaces/action/__init__.py
[3.026s] -- Installing: /home/melmaphother/ROS2/ros2_ws/install/action_tutorials_interfaces/local/lib/python3.10/dist-packages/action_tutorials_interfaces/action/_fibonacci.py
[3.026s] -- Installing: /home/melmaphother/ROS2/ros2_ws/install/action_tutorials_interfaces/local/lib/python3.10/dist-packages/action_tutorials_interfaces/action_tutorials_interfaces_s__rosidl_typesupport_introspection_c.cpython-310-x86_64-linux-gnu.so
[3.026s] -- Installing: /home/melmaphother/ROS2/ros2_ws/install/action_tutorials_interfaces/local/lib/python3.10/dist-packages/action_tutorials_interfaces/_action_tutorials_interfaces_s.ep.rosidl_typesupport_fastrtps_c.c
[3.026s] -- Installing: /home/melmaphother/ROS2/ros2_ws/install/action_tutorials_interfaces/local/lib/python3.10/dist-packages/action_tutorials_interfaces/_action_tutorials_interfaces_s.ep.rosidl_typesupport_introspection_c.c
[3.027s] -- Installing: /home/melmaphother/ROS2/ros2_ws/install/action_tutorials_interfaces/local/lib/python3.10/dist-packages/action_tutorials_interfaces/libaction_tutorials_interfaces__rosidl_generator_py.so
[3.052s] Listing '/home/melmaphother/ROS2/ros2_ws/install/action_tutorials_interfaces/local/lib/python3.10/dist-packages/action_tutorials_interfaces'...
[3.052s] Compiling '/home/melmaphother/ROS2/ros2_ws/install/action_tutorials_interfaces/local/lib/python3.10/dist-packages/action_tutorials_interfaces/__init__.py'...
[3.052s] Listing '/home/melmaphother/ROS2/ros2_ws/install/action_tutorials_interfaces/local/lib/python3.10/dist-packages/action_tutorials_interfaces/action'...
[3.052s] Compiling '/home/melmaphother/ROS2/ros2_ws/install/action_tutorials_interfaces/local/lib/python3.10/dist-packages/action_tutorials_interfaces/action/__init__.py'...
[3.052s] Compiling '/home/melmaphother/ROS2/ros2_ws/install/action_tutorials_interfaces/local/lib/python3.10/dist-packages/action_tutorials_interfaces/action/_fibonacci.py'...
[3.055s] -- Installing: /home/melmaphother/ROS2/ros2_ws/install/action_tutorials_interfaces/local/lib/python3.10/dist-packages/action_tutorials_interfaces/action_tutorials_interfaces_s__rosidl_typesupport_fastrtps_c.cpython-310-x86_64-linux-gnu.so
[3.055s] -- Set runtime path of "/home/melmaphother/ROS2/ros2_ws/install/action_tutorials_interfaces/local/lib/python3.10/dist-packages/action_tutorials_interfaces/action_tutorials_interfaces_s__rosidl_typesupport_fastrtps_c.cpython-310-x86_64-linux-gnu.so" to ""
[3.055s] -- Installing: /home/melmaphother/ROS2/ros2_ws/install/action_tutorials_interfaces/local/lib/python3.10/dist-packages/action_tutorials_interfaces/action_tutorials_interfaces_s__rosidl_typesupport_introspection_c.cpython-310-x86_64-linux-gnu.so
[3.055s] -- Set runtime path of "/home/melmaphother/ROS2/ros2_ws/install/action_tutorials_interfaces/local/lib/python3.10/dist-packages/action_tutorials_interfaces/action_tutorials_interfaces_s__rosidl_typesupport_introspection_c.cpython-310-x86_64-linux-gnu.so" to ""
[3.055s] -- Installing: /home/melmaphother/ROS2/ros2_ws/install/action_tutorials_interfaces/local/lib/python3.10/dist-packages/action_tutorials_interfaces/action_tutorials_interfaces_s__rosidl_typesupport_c.cpython-310-x86_64-linux-gnu.so
[3.056s] -- Set runtime path of "/home/melmaphother/ROS2/ros2_ws/install/action_tutorials_interfaces/local/lib/python3.10/dist-packages/action_tutorials_interfaces/action_tutorials_interfaces_s__rosidl_typesupport_c.cpython-310-x86_64-linux-gnu.so" to ""
[3.056s] -- Installing: /home/melmaphother/ROS2/ros2_ws/install/action_tutorials_interfaces/lib/libaction_tutorials_interfaces__rosidl_generator_py.so
[3.056s] -- Set runtime path of "/home/melmaphother/ROS2/ros2_ws/install/action_tutorials_interfaces/lib/libaction_tutorials_interfaces__rosidl_generator_py.so" to ""
[3.056s] -- Installing: /home/melmaphother/ROS2/ros2_ws/install/action_tutorials_interfaces/share/action_tutorials_interfaces/action/Fibonacci.idl
[3.056s] -- Installing: /home/melmaphother/ROS2/ros2_ws/install/action_tutorials_interfaces/share/action_tutorials_interfaces/action/Fibonacci.action
[3.056s] -- Installing: /home/melmaphother/ROS2/ros2_ws/install/action_tutorials_interfaces/share/ament_index/resource_index/package_run_dependencies/action_tutorials_interfaces
[3.056s] -- Installing: /home/melmaphother/ROS2/ros2_ws/install/action_tutorials_interfaces/share/ament_index/resource_index/parent_prefix_path/action_tutorials_interfaces
[3.056s] -- Installing: /home/melmaphother/ROS2/ros2_ws/install/action_tutorials_interfaces/share/action_tutorials_interfaces/environment/ament_prefix_path.sh
[3.056s] -- Installing: /home/melmaphother/ROS2/ros2_ws/install/action_tutorials_interfaces/share/action_tutorials_interfaces/environment/ament_prefix_path.dsv
[3.057s] -- Installing: /home/melmaphother/ROS2/ros2_ws/install/action_tutorials_interfaces/share/action_tutorials_interfaces/environment/path.sh
[3.057s] -- Installing: /home/melmaphother/ROS2/ros2_ws/install/action_tutorials_interfaces/share/action_tutorials_interfaces/environment/path.dsv
[3.057s] -- Installing: /home/melmaphother/ROS2/ros2_ws/install/action_tutorials_interfaces/share/action_tutorials_interfaces/local_setup.bash
[3.057s] -- Installing: /home/melmaphother/ROS2/ros2_ws/install/action_tutorials_interfaces/share/action_tutorials_interfaces/local_setup.sh
[3.057s] -- Installing: /home/melmaphother/ROS2/ros2_ws/install/action_tutorials_interfaces/share/action_tutorials_interfaces/local_setup.zsh
[3.057s] -- Installing: /home/melmaphother/ROS2/ros2_ws/install/action_tutorials_interfaces/share/action_tutorials_interfaces/local_setup.dsv
[3.057s] -- Installing: /home/melmaphother/ROS2/ros2_ws/install/action_tutorials_interfaces/share/action_tutorials_interfaces/package.dsv
[3.057s] -- Installing: /home/melmaphother/ROS2/ros2_ws/install/action_tutorials_interfaces/share/ament_index/resource_index/packages/action_tutorials_interfaces
[3.057s] -- Installing: /home/melmaphother/ROS2/ros2_ws/install/action_tutorials_interfaces/share/action_tutorials_interfaces/cmake/export_action_tutorials_interfaces__rosidl_generator_cExport.cmake
[3.057s] -- Installing: /home/melmaphother/ROS2/ros2_ws/install/action_tutorials_interfaces/share/action_tutorials_interfaces/cmake/export_action_tutorials_interfaces__rosidl_generator_cExport-noconfig.cmake
[3.057s] -- Installing: /home/melmaphother/ROS2/ros2_ws/install/action_tutorials_interfaces/share/action_tutorials_interfaces/cmake/export_action_tutorials_interfaces__rosidl_typesupport_fastrtps_cExport.cmake
[3.057s] -- Installing: /home/melmaphother/ROS2/ros2_ws/install/action_tutorials_interfaces/share/action_tutorials_interfaces/cmake/export_action_tutorials_interfaces__rosidl_typesupport_fastrtps_cExport-noconfig.cmake
[3.058s] -- Installing: /home/melmaphother/ROS2/ros2_ws/install/action_tutorials_interfaces/share/action_tutorials_interfaces/cmake/action_tutorials_interfaces__rosidl_typesupport_introspection_cExport.cmake
[3.058s] -- Installing: /home/melmaphother/ROS2/ros2_ws/install/action_tutorials_interfaces/share/action_tutorials_interfaces/cmake/action_tutorials_interfaces__rosidl_typesupport_introspection_cExport-noconfig.cmake
[3.058s] -- Installing: /home/melmaphother/ROS2/ros2_ws/install/action_tutorials_interfaces/share/action_tutorials_interfaces/cmake/action_tutorials_interfaces__rosidl_typesupport_cExport.cmake
[3.058s] -- Installing: /home/melmaphother/ROS2/ros2_ws/install/action_tutorials_interfaces/share/action_tutorials_interfaces/cmake/action_tutorials_interfaces__rosidl_typesupport_cExport-noconfig.cmake
[3.058s] -- Installing: /home/melmaphother/ROS2/ros2_ws/install/action_tutorials_interfaces/share/action_tutorials_interfaces/cmake/export_action_tutorials_interfaces__rosidl_generator_cppExport.cmake
[3.058s] -- Installing: /home/melmaphother/ROS2/ros2_ws/install/action_tutorials_interfaces/share/action_tutorials_interfaces/cmake/export_action_tutorials_interfaces__rosidl_typesupport_fastrtps_cppExport.cmake
[3.058s] -- Installing: /home/melmaphother/ROS2/ros2_ws/install/action_tutorials_interfaces/share/action_tutorials_interfaces/cmake/export_action_tutorials_interfaces__rosidl_typesupport_fastrtps_cppExport-noconfig.cmake
[3.058s] -- Installing: /home/melmaphother/ROS2/ros2_ws/install/action_tutorials_interfaces/share/action_tutorials_interfaces/cmake/action_tutorials_interfaces__rosidl_typesupport_introspection_cppExport.cmake
[3.058s] -- Installing: /home/melmaphother/ROS2/ros2_ws/install/action_tutorials_interfaces/share/action_tutorials_interfaces/cmake/action_tutorials_interfaces__rosidl_typesupport_introspection_cppExport-noconfig.cmake
[3.058s] -- Installing: /home/melmaphother/ROS2/ros2_ws/install/action_tutorials_interfaces/share/action_tutorials_interfaces/cmake/action_tutorials_interfaces__rosidl_typesupport_cppExport.cmake
[3.058s] -- Installing: /home/melmaphother/ROS2/ros2_ws/install/action_tutorials_interfaces/share/action_tutorials_interfaces/cmake/action_tutorials_interfaces__rosidl_typesupport_cppExport-noconfig.cmake
[3.058s] -- Installing: /home/melmaphother/ROS2/ros2_ws/install/action_tutorials_interfaces/share/action_tutorials_interfaces/cmake/export_action_tutorials_interfaces__rosidl_generator_pyExport.cmake
[3.058s] -- Installing: /home/melmaphother/ROS2/ros2_ws/install/action_tutorials_interfaces/share/action_tutorials_interfaces/cmake/export_action_tutorials_interfaces__rosidl_generator_pyExport-noconfig.cmake
[3.058s] -- Installing: /home/melmaphother/ROS2/ros2_ws/install/action_tutorials_interfaces/share/action_tutorials_interfaces/cmake/rosidl_cmake-extras.cmake
[3.058s] -- Installing: /home/melmaphother/ROS2/ros2_ws/install/action_tutorials_interfaces/share/action_tutorials_interfaces/cmake/ament_cmake_export_dependencies-extras.cmake
[3.058s] -- Installing: /home/melmaphother/ROS2/ros2_ws/install/action_tutorials_interfaces/share/action_tutorials_interfaces/cmake/ament_cmake_export_include_directories-extras.cmake
[3.058s] -- Installing: /home/melmaphother/ROS2/ros2_ws/install/action_tutorials_interfaces/share/action_tutorials_interfaces/cmake/ament_cmake_export_libraries-extras.cmake
[3.058s] -- Installing: /home/melmaphother/ROS2/ros2_ws/install/action_tutorials_interfaces/share/action_tutorials_interfaces/cmake/ament_cmake_export_targets-extras.cmake
[3.059s] -- Installing: /home/melmaphother/ROS2/ros2_ws/install/action_tutorials_interfaces/share/action_tutorials_interfaces/cmake/rosidl_cmake_export_typesupport_targets-extras.cmake
[3.059s] -- Installing: /home/melmaphother/ROS2/ros2_ws/install/action_tutorials_interfaces/share/action_tutorials_interfaces/cmake/rosidl_cmake_export_typesupport_libraries-extras.cmake
[3.059s] -- Installing: /home/melmaphother/ROS2/ros2_ws/install/action_tutorials_interfaces/share/action_tutorials_interfaces/cmake/action_tutorials_interfacesConfig.cmake
[3.059s] -- Installing: /home/melmaphother/ROS2/ros2_ws/install/action_tutorials_interfaces/share/action_tutorials_interfaces/cmake/action_tutorials_interfacesConfig-version.cmake
[3.059s] -- Installing: /home/melmaphother/ROS2/ros2_ws/install/action_tutorials_interfaces/share/action_tutorials_interfaces/package.xml
[3.060s] Invoked command in '/home/melmaphother/ROS2/ros2_ws/build/action_tutorials_interfaces' returned '0': CMAKE_PREFIX_PATH=/opt/ros/humble /usr/bin/cmake --install /home/melmaphother/ROS2/ros2_ws/build/action_tutorials_interfaces
