[0.363s] Invoking command in '/home/melmaphother/ROS2/ros2_ws/src/py_srvcli': PYTHONPATH=/home/melmaphother/ROS2/ros2_ws/build/py_srvcli/prefix_override:/home/melmaphother/ROS2/ros2_ws/install/py_srvcli/lib/python3.10/site-packages:${PYTHONPATH} /usr/bin/python3 setup.py egg_info --egg-base ../../build/py_srvcli build --build-base /home/melmaphother/ROS2/ros2_ws/build/py_srvcli/build install --record /home/melmaphother/ROS2/ros2_ws/build/py_srvcli/install.log --single-version-externally-managed
[0.501s] running egg_info
[0.501s] creating ../../build/py_srvcli/py_srvcli.egg-info
[0.502s] writing ../../build/py_srvcli/py_srvcli.egg-info/PKG-INFO
[0.502s] writing dependency_links to ../../build/py_srvcli/py_srvcli.egg-info/dependency_links.txt
[0.502s] writing entry points to ../../build/py_srvcli/py_srvcli.egg-info/entry_points.txt
[0.502s] writing requirements to ../../build/py_srvcli/py_srvcli.egg-info/requires.txt
[0.502s] writing top-level names to ../../build/py_srvcli/py_srvcli.egg-info/top_level.txt
[0.502s] writing manifest file '../../build/py_srvcli/py_srvcli.egg-info/SOURCES.txt'
[0.503s] reading manifest file '../../build/py_srvcli/py_srvcli.egg-info/SOURCES.txt'
[0.503s] writing manifest file '../../build/py_srvcli/py_srvcli.egg-info/SOURCES.txt'
[0.503s] running build
[0.503s] running build_py
[0.503s] creating /home/melmaphother/ROS2/ros2_ws/build/py_srvcli/build
[0.503s] creating /home/melmaphother/ROS2/ros2_ws/build/py_srvcli/build/lib
[0.503s] creating /home/melmaphother/ROS2/ros2_ws/build/py_srvcli/build/lib/py_srvcli
[0.503s] copying py_srvcli/service_member_function.py -> /home/melmaphother/ROS2/ros2_ws/build/py_srvcli/build/lib/py_srvcli
[0.503s] copying py_srvcli/client_member_function.py -> /home/melmaphother/ROS2/ros2_ws/build/py_srvcli/build/lib/py_srvcli
[0.504s] copying py_srvcli/__init__.py -> /home/melmaphother/ROS2/ros2_ws/build/py_srvcli/build/lib/py_srvcli
[0.504s] running install
[0.504s] /usr/lib/python3/dist-packages/setuptools/command/install.py:34: SetuptoolsDeprecationWarning: setup.py install is deprecated. Use build and pip and other standards-based tools.
[0.504s]   warnings.warn(
[0.504s] running install_lib
[0.505s] creating /home/melmaphother/ROS2/ros2_ws/install/py_srvcli/lib/python3.10/site-packages/py_srvcli
[0.505s] copying /home/melmaphother/ROS2/ros2_ws/build/py_srvcli/build/lib/py_srvcli/service_member_function.py -> /home/melmaphother/ROS2/ros2_ws/install/py_srvcli/lib/python3.10/site-packages/py_srvcli
[0.505s] copying /home/melmaphother/ROS2/ros2_ws/build/py_srvcli/build/lib/py_srvcli/client_member_function.py -> /home/melmaphother/ROS2/ros2_ws/install/py_srvcli/lib/python3.10/site-packages/py_srvcli
[0.505s] copying /home/melmaphother/ROS2/ros2_ws/build/py_srvcli/build/lib/py_srvcli/__init__.py -> /home/melmaphother/ROS2/ros2_ws/install/py_srvcli/lib/python3.10/site-packages/py_srvcli
[0.505s] byte-compiling /home/melmaphother/ROS2/ros2_ws/install/py_srvcli/lib/python3.10/site-packages/py_srvcli/service_member_function.py to service_member_function.cpython-310.pyc
[0.505s] byte-compiling /home/melmaphother/ROS2/ros2_ws/install/py_srvcli/lib/python3.10/site-packages/py_srvcli/client_member_function.py to client_member_function.cpython-310.pyc
[0.505s] byte-compiling /home/melmaphother/ROS2/ros2_ws/install/py_srvcli/lib/python3.10/site-packages/py_srvcli/__init__.py to __init__.cpython-310.pyc
[0.505s] running install_data
[0.506s] creating /home/melmaphother/ROS2/ros2_ws/install/py_srvcli/share/ament_index
[0.506s] creating /home/melmaphother/ROS2/ros2_ws/install/py_srvcli/share/ament_index/resource_index
[0.506s] creating /home/melmaphother/ROS2/ros2_ws/install/py_srvcli/share/ament_index/resource_index/packages
[0.506s] copying resource/py_srvcli -> /home/melmaphother/ROS2/ros2_ws/install/py_srvcli/share/ament_index/resource_index/packages
[0.506s] copying package.xml -> /home/melmaphother/ROS2/ros2_ws/install/py_srvcli/share/py_srvcli
[0.506s] running install_egg_info
[0.507s] Copying ../../build/py_srvcli/py_srvcli.egg-info to /home/melmaphother/ROS2/ros2_ws/install/py_srvcli/lib/python3.10/site-packages/py_srvcli-0.0.0-py3.10.egg-info
[0.507s] running install_scripts
[0.520s] Installing client script to /home/melmaphother/ROS2/ros2_ws/install/py_srvcli/lib/py_srvcli
[0.520s] Installing service script to /home/melmaphother/ROS2/ros2_ws/install/py_srvcli/lib/py_srvcli
[0.520s] writing list of installed files to '/home/melmaphother/ROS2/ros2_ws/build/py_srvcli/install.log'
[0.534s] Invoked command in '/home/melmaphother/ROS2/ros2_ws/src/py_srvcli' returned '0': PYTHONPATH=/home/melmaphother/ROS2/ros2_ws/build/py_srvcli/prefix_override:/home/melmaphother/ROS2/ros2_ws/install/py_srvcli/lib/python3.10/site-packages:${PYTHONPATH} /usr/bin/python3 setup.py egg_info --egg-base ../../build/py_srvcli build --build-base /home/melmaphother/ROS2/ros2_ws/build/py_srvcli/build install --record /home/melmaphother/ROS2/ros2_ws/build/py_srvcli/install.log --single-version-externally-managed
