[0.007s] Invoking command in '/home/melmaphother/ROS2/ros2_ws/build/ros2_shm_demo': CMAKE_PREFIX_PATH=/opt/ros/humble /usr/bin/cmake /home/melmaphother/ROS2/ros2_ws/src/ros2_shm_demo -DCMAKE_INSTALL_PREFIX=/home/melmaphother/ROS2/ros2_ws/install/ros2_shm_demo
[0.015s] -- Found ament_cmake: 1.3.5 (/opt/ros/humble/share/ament_cmake/cmake)
[0.123s] -- Found rosidl_default_generators: 1.2.0 (/opt/ros/humble/share/rosidl_default_generators/cmake)
[0.124s] -- Using all available rosidl_typesupport_c: rosidl_typesupport_fastrtps_c;rosidl_typesupport_introspection_c
[0.125s] -- Found rosidl_adapter: 3.1.4 (/opt/ros/humble/share/rosidl_adapter/cmake)
[0.145s] -- Using all available rosidl_typesupport_cpp: rosidl_typesupport_fastrtps_cpp;rosidl_typesupport_introspection_cpp
[0.161s] -- Found rclcpp: 16.0.4 (/opt/ros/humble/share/rclcpp/cmake)
[0.205s] -- Found rmw_implementation_cmake: 6.1.1 (/opt/ros/humble/share/rmw_implementation_cmake/cmake)
[0.205s] -- Found rmw_fastrtps_cpp: 6.2.2 (/opt/ros/humble/share/rmw_fastrtps_cpp/cmake)
[0.279s] -- Using RMW implementation 'rmw_fastrtps_cpp' as default
[0.388s] [31mCMake Error at CMakeLists.txt:15 (find_package):
[0.388s]   Could not find a package configuration file provided by "iceoryx_posh" with
[0.388s]   any of the following names:
[0.388s] 
[0.388s]     iceoryx_poshConfig.cmake
[0.388s]     iceoryx_posh-config.cmake
[0.388s] 
[0.388s]   Add the installation prefix of "iceoryx_posh" to CMAKE_PREFIX_PATH or set
[0.388s]   "iceoryx_posh_DIR" to a directory containing one of the above files.  If
[0.388s]   "iceoryx_posh" provides a separate development package or SDK, be sure it
[0.388s]   has been installed.
[0.388s] 
[0.388s] [0m
[0.388s] -- Configuring incomplete, errors occurred!
[0.388s] See also "/home/melmaphother/ROS2/ros2_ws/build/ros2_shm_demo/CMakeFiles/CMakeOutput.log".
[0.393s] Invoked command in '/home/melmaphother/ROS2/ros2_ws/build/ros2_shm_demo' returned '1': CMAKE_PREFIX_PATH=/opt/ros/humble /usr/bin/cmake /home/melmaphother/ROS2/ros2_ws/src/ros2_shm_demo -DCMAKE_INSTALL_PREFIX=/home/melmaphother/ROS2/ros2_ws/install/ros2_shm_demo
