[35m[1mConsolidate compiler generated dependencies of target ros2_shm_demo__rosidl_generator_c[0m
[  2%] Built target ros2_shm_demo__cpp
[ 10%] Built target ros2_shm_demo__rosidl_generator_c
[ 10%] Built target ament_cmake_python_copy_ros2_shm_demo
[35m[1mConsolidate compiler generated dependencies of target ros2_shm_demo__rosidl_typesupport_cpp[0m
[35m[1mConsolidate compiler generated dependencies of target ros2_shm_demo__rosidl_typesupport_introspection_cpp[0m
[35m[1mConsolidate compiler generated dependencies of target ros2_shm_demo__rosidl_typesupport_fastrtps_cpp[0m
[35m[1mConsolidate compiler generated dependencies of target ros2_shm_demo__rosidl_typesupport_fastrtps_c[0m
[35m[1mConsolidate compiler generated dependencies of target ros2_shm_demo__rosidl_typesupport_c[0m
[35m[1mConsolidate compiler generated dependencies of target ros2_shm_demo__rosidl_typesupport_introspection_c[0m
[ 18%] Built target ros2_shm_demo__rosidl_typesupport_cpp
[ 27%] Built target ros2_shm_demo__rosidl_typesupport_fastrtps_cpp
[ 35%] Built target ros2_shm_demo__rosidl_typesupport_introspection_cpp
[ 43%] Built target ros2_shm_demo__rosidl_typesupport_c
[ 51%] Built target ros2_shm_demo__rosidl_typesupport_introspection_c
[ 59%] Built target ros2_shm_demo__rosidl_typesupport_fastrtps_c
[ 59%] Built target ros2_shm_demo
[35m[1mConsolidate compiler generated dependencies of target talker[0m
[35m[1mConsolidate compiler generated dependencies of target listener[0m
[ 62%] Built target ros2_shm_demo__py
[ 64%] [32mBuilding CXX object CMakeFiles/iox_subscriber.dir/src/iox_subscriber.cpp.o[0m
[ 70%] Built target talker
[ 75%] Built target listener
[ 78%] [32mBuilding C object CMakeFiles/ros2_shm_demo__rosidl_generator_py.dir/rosidl_generator_py/ros2_shm_demo/msg/_shm_topic_s.c.o[0m
[ 81%] [32m[1mLinking C shared library rosidl_generator_py/ros2_shm_demo/libros2_shm_demo__rosidl_generator_py.so[0m
[ 81%] Built target ros2_shm_demo__rosidl_generator_py
[ 86%] [32mBuilding C object CMakeFiles/ros2_shm_demo__rosidl_typesupport_fastrtps_c__pyext.dir/rosidl_generator_py/ros2_shm_demo/_ros2_shm_demo_s.ep.rosidl_typesupport_fastrtps_c.c.o[0m
[ 86%] [32mBuilding C object CMakeFiles/ros2_shm_demo__rosidl_typesupport_introspection_c__pyext.dir/rosidl_generator_py/ros2_shm_demo/_ros2_shm_demo_s.ep.rosidl_typesupport_introspection_c.c.o[0m
[ 89%] [32mBuilding C object CMakeFiles/ros2_shm_demo__rosidl_typesupport_c__pyext.dir/rosidl_generator_py/ros2_shm_demo/_ros2_shm_demo_s.ep.rosidl_typesupport_c.c.o[0m
running egg_info
writing ros2_shm_demo.egg-info/PKG-INFO
writing dependency_links to ros2_shm_demo.egg-info/dependency_links.txt
writing top-level names to ros2_shm_demo.egg-info/top_level.txt
reading manifest file 'ros2_shm_demo.egg-info/SOURCES.txt'
writing manifest file 'ros2_shm_demo.egg-info/SOURCES.txt'
[ 89%] Built target ament_cmake_python_build_ros2_shm_demo_egg
[ 94%] [32m[1mLinking C shared library rosidl_generator_py/ros2_shm_demo/ros2_shm_demo_s__rosidl_typesupport_c.cpython-310-x86_64-linux-gnu.so[0m
[ 94%] [32m[1mLinking C shared library rosidl_generator_py/ros2_shm_demo/ros2_shm_demo_s__rosidl_typesupport_introspection_c.cpython-310-x86_64-linux-gnu.so[0m
[ 97%] [32m[1mLinking C shared library rosidl_generator_py/ros2_shm_demo/ros2_shm_demo_s__rosidl_typesupport_fastrtps_c.cpython-310-x86_64-linux-gnu.so[0m
[ 97%] Built target ros2_shm_demo__rosidl_typesupport_introspection_c__pyext
[ 97%] Built target ros2_shm_demo__rosidl_typesupport_c__pyext
[ 97%] Built target ros2_shm_demo__rosidl_typesupport_fastrtps_c__pyext
