[0.008s] Invoking command in '/home/melmaphother/ROS2/ros2_ws/build/ros2_shm_demo': CMAKE_PREFIX_PATH=/opt/ros/humble /usr/bin/cmake --build /home/melmaphother/ROS2/ros2_ws/build/ros2_shm_demo -- -j20 -l20
[0.034s] [35m[1mConsolidate compiler generated dependencies of target ros2_shm_demo__rosidl_generator_c[0m
[0.040s] [  2%] Built target ros2_shm_demo__cpp
[0.040s] [ 10%] Built target ros2_shm_demo__rosidl_generator_c
[0.044s] [ 10%] Built target ament_cmake_python_copy_ros2_shm_demo
[0.045s] [35m[1mConsolidate compiler generated dependencies of target ros2_shm_demo__rosidl_typesupport_cpp[0m
[0.046s] [35m[1mConsolidate compiler generated dependencies of target ros2_shm_demo__rosidl_typesupport_introspection_cpp[0m
[0.047s] [35m[1mConsolidate compiler generated dependencies of target ros2_shm_demo__rosidl_typesupport_fastrtps_cpp[0m
[0.052s] [35m[1mConsolidate compiler generated dependencies of target ros2_shm_demo__rosidl_typesupport_fastrtps_c[0m
[0.053s] [35m[1mConsolidate compiler generated dependencies of target ros2_shm_demo__rosidl_typesupport_c[0m
[0.053s] [35m[1mConsolidate compiler generated dependencies of target ros2_shm_demo__rosidl_typesupport_introspection_c[0m
[0.055s] [ 18%] Built target ros2_shm_demo__rosidl_typesupport_cpp
[0.058s] [ 27%] Built target ros2_shm_demo__rosidl_typesupport_fastrtps_cpp
[0.059s] [ 35%] Built target ros2_shm_demo__rosidl_typesupport_introspection_cpp
[0.059s] [ 43%] Built target ros2_shm_demo__rosidl_typesupport_c
[0.059s] [ 51%] Built target ros2_shm_demo__rosidl_typesupport_introspection_c
[0.060s] [ 59%] Built target ros2_shm_demo__rosidl_typesupport_fastrtps_c
[0.070s] [ 59%] Built target ros2_shm_demo
[0.075s] [35m[1mConsolidate compiler generated dependencies of target talker[0m
[0.075s] [35m[1mConsolidate compiler generated dependencies of target listener[0m
[0.080s] [ 62%] Built target ros2_shm_demo__py
[0.080s] [ 64%] [32mBuilding CXX object CMakeFiles/iox_subscriber.dir/src/iox_subscriber.cpp.o[0m
[0.084s] [ 70%] Built target talker
[0.084s] [ 75%] Built target listener
[0.090s] [ 78%] [32mBuilding C object CMakeFiles/ros2_shm_demo__rosidl_generator_py.dir/rosidl_generator_py/ros2_shm_demo/msg/_shm_topic_s.c.o[0m
[0.152s] [ 81%] [32m[1mLinking C shared library rosidl_generator_py/ros2_shm_demo/libros2_shm_demo__rosidl_generator_py.so[0m
[0.176s] [ 81%] Built target ros2_shm_demo__rosidl_generator_py
[0.187s] [ 86%] [32mBuilding C object CMakeFiles/ros2_shm_demo__rosidl_typesupport_fastrtps_c__pyext.dir/rosidl_generator_py/ros2_shm_demo/_ros2_shm_demo_s.ep.rosidl_typesupport_fastrtps_c.c.o[0m
[0.187s] [ 86%] [32mBuilding C object CMakeFiles/ros2_shm_demo__rosidl_typesupport_introspection_c__pyext.dir/rosidl_generator_py/ros2_shm_demo/_ros2_shm_demo_s.ep.rosidl_typesupport_introspection_c.c.o[0m
[0.187s] [ 89%] [32mBuilding C object CMakeFiles/ros2_shm_demo__rosidl_typesupport_c__pyext.dir/rosidl_generator_py/ros2_shm_demo/_ros2_shm_demo_s.ep.rosidl_typesupport_c.c.o[0m
[0.191s] running egg_info
[0.192s] writing ros2_shm_demo.egg-info/PKG-INFO
[0.192s] writing dependency_links to ros2_shm_demo.egg-info/dependency_links.txt
[0.192s] writing top-level names to ros2_shm_demo.egg-info/top_level.txt
[0.193s] reading manifest file 'ros2_shm_demo.egg-info/SOURCES.txt'
[0.194s] writing manifest file 'ros2_shm_demo.egg-info/SOURCES.txt'
[0.210s] [ 89%] Built target ament_cmake_python_build_ros2_shm_demo_egg
[0.239s] [ 94%] [32m[1mLinking C shared library rosidl_generator_py/ros2_shm_demo/ros2_shm_demo_s__rosidl_typesupport_c.cpython-310-x86_64-linux-gnu.so[0m
[0.239s] [ 94%] [32m[1mLinking C shared library rosidl_generator_py/ros2_shm_demo/ros2_shm_demo_s__rosidl_typesupport_introspection_c.cpython-310-x86_64-linux-gnu.so[0m
[0.240s] [ 97%] [32m[1mLinking C shared library rosidl_generator_py/ros2_shm_demo/ros2_shm_demo_s__rosidl_typesupport_fastrtps_c.cpython-310-x86_64-linux-gnu.so[0m
[0.258s] [ 97%] Built target ros2_shm_demo__rosidl_typesupport_introspection_c__pyext
[0.258s] [ 97%] Built target ros2_shm_demo__rosidl_typesupport_c__pyext
[0.259s] [ 97%] Built target ros2_shm_demo__rosidl_typesupport_fastrtps_c__pyext
[0.524s] [01m[K/home/melmaphother/ROS2/ros2_ws/src/ros2_shm_demo/src/iox_subscriber.cpp:33:6:[m[K [01;31m[Kerror: [m[K‘[01m[Kbool shutdown[m[K’ redeclared as different kind of entity
[0.524s]    33 | bool [01;31m[Kshutdown[m[K = false;
[0.524s]       |      [01;31m[K^~~~~~~~[m[K
[0.524s] In file included from [01m[K/usr/local/include/iceoryx/v/iceoryx_platform/socket.hpp:21[m[K,
[0.524s]                  from [01m[K/usr/local/include/iceoryx/v/iceoryx_hoofs/internal/posix_wrapper/unix_domain_socket.hpp:24[m[K,
[0.525s]                  from [01m[K/usr/local/include/iceoryx/v/iceoryx_posh/internal/runtime/ipc_interface_base.hpp:35[m[K,
[0.525s]                  from [01m[K/usr/local/include/iceoryx/v/iceoryx_posh/internal/runtime/ipc_interface_creator.hpp:22[m[K,
[0.525s]                  from [01m[K/usr/local/include/iceoryx/v/iceoryx_posh/internal/runtime/ipc_runtime_interface.hpp:21[m[K,
[0.525s]                  from [01m[K/usr/local/include/iceoryx/v/iceoryx_posh/runtime/posh_runtime.hpp:28[m[K,
[0.525s]                  from [01m[K/usr/local/include/iceoryx/v/iceoryx_posh/popo/wait_set.hpp:29[m[K,
[0.525s]                  from [01m[K/usr/local/include/iceoryx/v/iceoryx_posh/internal/popo/base_subscriber.hpp:25[m[K,
[0.525s]                  from [01m[K/usr/local/include/iceoryx/v/iceoryx_posh/internal/popo/untyped_subscriber_impl.hpp:23[m[K,
[0.525s]                  from [01m[K/usr/local/include/iceoryx/v/iceoryx_posh/popo/untyped_subscriber.hpp:21[m[K,
[0.525s]                  from [01m[K/home/melmaphother/ROS2/ros2_ws/src/ros2_shm_demo/src/iox_subscriber.cpp:17[m[K:
[0.525s] [01m[K/usr/include/x86_64-linux-gnu/sys/socket.h:324:12:[m[K [01;36m[Knote: [m[Kprevious declaration ‘[01m[Kint shutdown(int, int)[m[K’
[0.525s]   324 | extern int [01;36m[Kshutdown[m[K (int __fd, int __how) __THROW;
[0.525s]       |            [01;36m[K^~~~~~~~[m[K
[0.525s] [01m[K/home/melmaphother/ROS2/ros2_ws/src/ros2_shm_demo/src/iox_subscriber.cpp:[m[K In function ‘[01m[Kvoid sigHandler(int)[m[K’:
[0.525s] [01m[K/home/melmaphother/ROS2/ros2_ws/src/ros2_shm_demo/src/iox_subscriber.cpp:38:12:[m[K [01;31m[Kerror: [m[Kassignment of function ‘[01m[Kint shutdown(int, int)[m[K’
[0.525s]    38 |   [01;31m[Kshutdown = true[m[K;
[0.525s]       |   [01;31m[K~~~~~~~~~^~~~~~[m[K
[0.526s] [01m[K/home/melmaphother/ROS2/ros2_ws/src/ros2_shm_demo/src/iox_subscriber.cpp:[m[K In function ‘[01m[Kint main()[m[K’:
[0.526s] [01m[K/home/melmaphother/ROS2/ros2_ws/src/ros2_shm_demo/src/iox_subscriber.cpp:67:11:[m[K [01;35m[Kwarning: [m[Kthe address of ‘[01m[Kint shutdown(int, int)[m[K’ will never be NULL [[01;35m[K]8;;https://gcc.gnu.org/onlinedocs/gcc/Warning-Options.html#index-Waddress-Waddress]8;;[m[K]
[0.526s]    67 |   while (![01;35m[Kshutdown[m[K) {
[0.526s]       |           [01;35m[K^~~~~~~~[m[K
[0.620s] gmake[2]: *** [CMakeFiles/iox_subscriber.dir/build.make:76：CMakeFiles/iox_subscriber.dir/src/iox_subscriber.cpp.o] 错误 1
[0.620s] gmake[1]: *** [CMakeFiles/Makefile2:654：CMakeFiles/iox_subscriber.dir/all] 错误 2
[0.621s] gmake: *** [Makefile:146：all] 错误 2
[0.623s] Invoked command in '/home/melmaphother/ROS2/ros2_ws/build/ros2_shm_demo' returned '2': CMAKE_PREFIX_PATH=/opt/ros/humble /usr/bin/cmake --build /home/melmaphother/ROS2/ros2_ws/build/ros2_shm_demo -- -j20 -l20
