[0.007s] Invoking command in '/home/melmaphother/ROS2/ros2_ws/build/ros2_shm_demo': CMAKE_PREFIX_PATH=/opt/ros/humble /usr/bin/cmake /home/melmaphother/ROS2/ros2_ws/src/ros2_shm_demo -DCMAKE_INSTALL_PREFIX=/home/melmaphother/ROS2/ros2_ws/install/ros2_shm_demo
[0.016s] -- Found ament_cmake: 1.3.5 (/opt/ros/humble/share/ament_cmake/cmake)
[0.151s] -- Found Python3: /usr/bin/python3.10 (found version "3.10.6") found components: Interpreter 
[0.211s] -- Found rosidl_default_generators: 1.2.0 (/opt/ros/humble/share/rosidl_default_generators/cmake)
[0.215s] -- Using all available rosidl_typesupport_c: rosidl_typesupport_fastrtps_c;rosidl_typesupport_introspection_c
[0.222s] -- Found rosidl_adapter: 3.1.4 (/opt/ros/humble/share/rosidl_adapter/cmake)
[0.258s] -- Using all available rosidl_typesupport_cpp: rosidl_typesupport_fastrtps_cpp;rosidl_typesupport_introspection_cpp
[0.283s] -- Found rclcpp: 16.0.4 (/opt/ros/humble/share/rclcpp/cmake)
[0.338s] -- Found rmw_implementation_cmake: 6.1.1 (/opt/ros/humble/share/rmw_implementation_cmake/cmake)
[0.340s] -- Found rmw_fastrtps_cpp: 6.2.2 (/opt/ros/humble/share/rmw_fastrtps_cpp/cmake)
[0.409s] -- Found OpenSSL: /usr/lib/x86_64-linux-gnu/libcrypto.so (found version "3.0.2")  
[0.428s] -- Found FastRTPS: /opt/ros/humble/include  
[0.456s] -- Using RMW implementation 'rmw_fastrtps_cpp' as default
[0.463s] -- Looking for pthread.h
[0.525s] -- Looking for pthread.h - found
[0.525s] -- Performing Test CMAKE_HAVE_LIBC_PTHREAD
[0.602s] -- Performing Test CMAKE_HAVE_LIBC_PTHREAD - Success
[0.603s] -- Found Threads: TRUE  
[0.723s] -- Configuring incomplete, errors occurred!
[0.723s] See also "/home/melmaphother/ROS2/ros2_ws/build/ros2_shm_demo/CMakeFiles/CMakeOutput.log".
[0.723s] [31mCMake Error at CMakeLists.txt:15 (find_package):
[0.723s]   Could not find a package configuration file provided by "iceoryx_posh" with
[0.723s]   any of the following names:
[0.723s] 
[0.723s]     iceoryx_poshConfig.cmake
[0.724s]     iceoryx_posh-config.cmake
[0.724s] 
[0.724s]   Add the installation prefix of "iceoryx_posh" to CMAKE_PREFIX_PATH or set
[0.724s]   "iceoryx_posh_DIR" to a directory containing one of the above files.  If
[0.724s]   "iceoryx_posh" provides a separate development package or SDK, be sure it
[0.724s]   has been installed.
[0.724s] 
[0.724s] [0m
[0.727s] Invoked command in '/home/melmaphother/ROS2/ros2_ws/build/ros2_shm_demo' returned '1': CMAKE_PREFIX_PATH=/opt/ros/humble /usr/bin/cmake /home/melmaphother/ROS2/ros2_ws/src/ros2_shm_demo -DCMAKE_INSTALL_PREFIX=/home/melmaphother/ROS2/ros2_ws/install/ros2_shm_demo
