[0.008s] Invoking command in '/home/melmaphother/ROS2/ros2_ws/build/tutorial_interfaces': CMAKE_PREFIX_PATH=${CMAKE_PREFIX_PATH}:/opt/ros/humble:/home/melmaphother/ROS2/ros2_ws/install/py_srvcli /usr/bin/cmake /home/melmaphother/ROS2/ros2_ws/src/tutorial_interfaces -DCMAKE_INSTALL_PREFIX=/home/melmaphother/ROS2/ros2_ws/install/tutorial_interfaces
[0.099s] -- The C compiler identification is GNU 11.3.0
[0.172s] -- The CXX compiler identification is GNU 11.3.0
[0.179s] -- Detecting C compiler ABI info
[0.245s] -- Detecting C compiler ABI info - done
[0.250s] -- Check for working C compiler: /usr/bin/cc - skipped
[0.250s] -- Detecting C compile features
[0.251s] -- Detecting C compile features - done
[0.253s] -- Detecting CXX compiler ABI info
[0.306s] -- Detecting CXX compiler ABI info - done
[0.313s] -- Check for working CXX compiler: /usr/bin/c++ - skipped
[0.313s] -- Detecting CXX compile features
[0.314s] -- Detecting CXX compile features - done
[0.317s] -- Found ament_cmake: 1.3.5 (/opt/ros/humble/share/ament_cmake/cmake)
[0.454s] -- Found Python3: /usr/bin/python3.10 (found version "3.10.6") found components: Interpreter 
[0.530s] -- Found geometry_msgs: 4.2.3 (/opt/ros/humble/share/geometry_msgs/cmake)
[0.563s] -- Found rosidl_generator_c: 3.1.4 (/opt/ros/humble/share/rosidl_generator_c/cmake)
[0.567s] -- Found rosidl_adapter: 3.1.4 (/opt/ros/humble/share/rosidl_adapter/cmake)
[0.574s] -- Found rosidl_generator_cpp: 3.1.4 (/opt/ros/humble/share/rosidl_generator_cpp/cmake)
[0.585s] -- Using all available rosidl_typesupport_c: rosidl_typesupport_fastrtps_c;rosidl_typesupport_introspection_c
[0.599s] -- Using all available rosidl_typesupport_cpp: rosidl_typesupport_fastrtps_cpp;rosidl_typesupport_introspection_cpp
[0.686s] -- Found rosidl_default_generators: 1.2.0 (/opt/ros/humble/share/rosidl_default_generators/cmake)
[0.902s] -- Found ament_cmake_ros: 0.10.0 (/opt/ros/humble/share/ament_cmake_ros/cmake)
[1.185s] -- Using all available rosidl_typesupport_c: rosidl_typesupport_fastrtps_c;rosidl_typesupport_introspection_c
[1.295s] -- Using all available rosidl_typesupport_cpp: rosidl_typesupport_fastrtps_cpp;rosidl_typesupport_introspection_cpp
[1.316s] -- Found PythonInterp: /usr/bin/python3 (found suitable version "3.10.6", minimum required is "3.6") 
[1.318s] -- Found python_cmake_module: 0.10.0 (/opt/ros/humble/share/python_cmake_module/cmake)
[1.337s] -- Found PythonLibs: /usr/lib/x86_64-linux-gnu/libpython3.10.so (found suitable version "3.10.6", minimum required is "3.5") 
[1.337s] -- Using PYTHON_EXECUTABLE: /usr/bin/python3
[1.337s] -- Using PYTHON_INCLUDE_DIRS: /usr/include/python3.10
[1.337s] -- Using PYTHON_LIBRARIES: /usr/lib/x86_64-linux-gnu/libpython3.10.so
[1.353s] -- Found PythonExtra: .so  
[1.394s] -- Found ament_lint_auto: 0.12.6 (/opt/ros/humble/share/ament_lint_auto/cmake)
[1.418s] -- Added test 'lint_cmake' to check CMake code style
[1.419s] -- Added test 'xmllint' to check XML markup files
[1.421s] -- Configuring done
[1.443s] -- Generating done
[1.444s] -- Build files have been written to: /home/melmaphother/ROS2/ros2_ws/build/tutorial_interfaces
[1.450s] Invoked command in '/home/melmaphother/ROS2/ros2_ws/build/tutorial_interfaces' returned '0': CMAKE_PREFIX_PATH=${CMAKE_PREFIX_PATH}:/opt/ros/humble:/home/melmaphother/ROS2/ros2_ws/install/py_srvcli /usr/bin/cmake /home/melmaphother/ROS2/ros2_ws/src/tutorial_interfaces -DCMAKE_INSTALL_PREFIX=/home/melmaphother/ROS2/ros2_ws/install/tutorial_interfaces
[1.451s] Invoking command in '/home/melmaphother/ROS2/ros2_ws/build/tutorial_interfaces': CMAKE_PREFIX_PATH=${CMAKE_PREFIX_PATH}:/opt/ros/humble:/home/melmaphother/ROS2/ros2_ws/install/py_srvcli /usr/bin/cmake --build /home/melmaphother/ROS2/ros2_ws/build/tutorial_interfaces -- -j20 -l20
[1.479s] [  2%] [34m[1mGenerating C code for ROS interfaces[0m
[1.486s] [  4%] [34m[1mGenerating C++ code for ROS interfaces[0m
[1.490s] [  4%] Built target ament_cmake_python_copy_tutorial_interfaces
[1.633s] running egg_info
[1.634s] creating tutorial_interfaces.egg-info
[1.634s] writing tutorial_interfaces.egg-info/PKG-INFO
[1.634s] writing dependency_links to tutorial_interfaces.egg-info/dependency_links.txt
[1.634s] writing top-level names to tutorial_interfaces.egg-info/top_level.txt
[1.634s] writing manifest file 'tutorial_interfaces.egg-info/SOURCES.txt'
[1.635s] reading manifest file 'tutorial_interfaces.egg-info/SOURCES.txt'
[1.635s] writing manifest file 'tutorial_interfaces.egg-info/SOURCES.txt'
[1.653s] [  4%] Built target ament_cmake_python_build_tutorial_interfaces_egg
[1.690s] [  4%] Built target tutorial_interfaces__cpp
[1.695s] [  6%] [34m[1mGenerating C++ type support dispatch for ROS interfaces[0m
[1.695s] [  8%] [34m[1mGenerating C++ type support for eProsima Fast-RTPS[0m
[1.695s] [ 10%] [34m[1mGenerating C++ introspection for ROS interfaces[0m
[1.696s] [ 12%] [32mBuilding C object CMakeFiles/tutorial_interfaces__rosidl_generator_c.dir/rosidl_generator_c/tutorial_interfaces/msg/detail/num__functions.c.o[0m
[1.697s] [ 14%] [32mBuilding C object CMakeFiles/tutorial_interfaces__rosidl_generator_c.dir/rosidl_generator_c/tutorial_interfaces/msg/detail/sphere__functions.c.o[0m
[1.697s] [ 17%] [32mBuilding C object CMakeFiles/tutorial_interfaces__rosidl_generator_c.dir/rosidl_generator_c/tutorial_interfaces/srv/detail/add_three_ints__functions.c.o[0m
[1.731s] [ 19%] [32m[1mLinking C shared library libtutorial_interfaces__rosidl_generator_c.so[0m
[1.755s] [ 19%] Built target tutorial_interfaces__rosidl_generator_c
[1.761s] [ 21%] [34m[1mGenerating C type support for eProsima Fast-RTPS[0m
[1.761s] [ 23%] [34m[1mGenerating C type support dispatch for ROS interfaces[0m
[1.761s] [ 25%] [34m[1mGenerating C introspection for ROS interfaces[0m
[1.859s] [ 27%] [32mBuilding CXX object CMakeFiles/tutorial_interfaces__rosidl_typesupport_cpp.dir/rosidl_typesupport_cpp/tutorial_interfaces/msg/num__type_support.cpp.o[0m
[1.862s] [ 31%] [32mBuilding CXX object CMakeFiles/tutorial_interfaces__rosidl_typesupport_cpp.dir/rosidl_typesupport_cpp/tutorial_interfaces/srv/add_three_ints__type_support.cpp.o[0m
[1.862s] [ 31%] [32mBuilding CXX object CMakeFiles/tutorial_interfaces__rosidl_typesupport_cpp.dir/rosidl_typesupport_cpp/tutorial_interfaces/msg/sphere__type_support.cpp.o[0m
[1.877s] [ 34%] [32mBuilding CXX object CMakeFiles/tutorial_interfaces__rosidl_typesupport_introspection_cpp.dir/rosidl_typesupport_introspection_cpp/tutorial_interfaces/msg/detail/num__type_support.cpp.o[0m
[1.878s] [ 36%] [32mBuilding CXX object CMakeFiles/tutorial_interfaces__rosidl_typesupport_introspection_cpp.dir/rosidl_typesupport_introspection_cpp/tutorial_interfaces/msg/detail/sphere__type_support.cpp.o[0m
[1.879s] [ 38%] [32mBuilding CXX object CMakeFiles/tutorial_interfaces__rosidl_typesupport_introspection_cpp.dir/rosidl_typesupport_introspection_cpp/tutorial_interfaces/srv/detail/add_three_ints__type_support.cpp.o[0m
[1.894s] [ 40%] [32mBuilding CXX object CMakeFiles/tutorial_interfaces__rosidl_typesupport_fastrtps_cpp.dir/rosidl_typesupport_fastrtps_cpp/tutorial_interfaces/msg/detail/dds_fastrtps/sphere__type_support.cpp.o[0m
[1.894s] [ 42%] [32mBuilding CXX object CMakeFiles/tutorial_interfaces__rosidl_typesupport_fastrtps_cpp.dir/rosidl_typesupport_fastrtps_cpp/tutorial_interfaces/srv/detail/dds_fastrtps/add_three_ints__type_support.cpp.o[0m
[1.895s] [ 44%] [32mBuilding CXX object CMakeFiles/tutorial_interfaces__rosidl_typesupport_fastrtps_cpp.dir/rosidl_typesupport_fastrtps_cpp/tutorial_interfaces/msg/detail/dds_fastrtps/num__type_support.cpp.o[0m
[1.945s] [ 46%] [32mBuilding CXX object CMakeFiles/tutorial_interfaces__rosidl_typesupport_c.dir/rosidl_typesupport_c/tutorial_interfaces/msg/num__type_support.cpp.o[0m
[1.947s] [ 51%] [32mBuilding CXX object CMakeFiles/tutorial_interfaces__rosidl_typesupport_c.dir/rosidl_typesupport_c/tutorial_interfaces/msg/sphere__type_support.cpp.o[0m
[1.948s] [ 51%] [32mBuilding CXX object CMakeFiles/tutorial_interfaces__rosidl_typesupport_c.dir/rosidl_typesupport_c/tutorial_interfaces/srv/add_three_ints__type_support.cpp.o[0m
[1.950s] [ 55%] [32mBuilding C object CMakeFiles/tutorial_interfaces__rosidl_typesupport_introspection_c.dir/rosidl_typesupport_introspection_c/tutorial_interfaces/msg/detail/num__type_support.c.o[0m
[1.950s] [ 55%] [32mBuilding C object CMakeFiles/tutorial_interfaces__rosidl_typesupport_introspection_c.dir/rosidl_typesupport_introspection_c/tutorial_interfaces/msg/detail/sphere__type_support.c.o[0m
[1.952s] [ 57%] [32mBuilding C object CMakeFiles/tutorial_interfaces__rosidl_typesupport_introspection_c.dir/rosidl_typesupport_introspection_c/tutorial_interfaces/srv/detail/add_three_ints__type_support.c.o[0m
[1.973s] [ 59%] [32m[1mLinking CXX shared library libtutorial_interfaces__rosidl_typesupport_c.so[0m
[1.989s] [ 61%] [32m[1mLinking C shared library libtutorial_interfaces__rosidl_typesupport_introspection_c.so[0m
[1.998s] [ 61%] Built target tutorial_interfaces__rosidl_typesupport_c
[2.012s] [ 61%] Built target tutorial_interfaces__rosidl_typesupport_introspection_c
[2.026s] [ 63%] [32mBuilding CXX object CMakeFiles/tutorial_interfaces__rosidl_typesupport_fastrtps_c.dir/rosidl_typesupport_fastrtps_c/tutorial_interfaces/msg/detail/num__type_support_c.cpp.o[0m
[2.029s] [ 68%] [32mBuilding CXX object CMakeFiles/tutorial_interfaces__rosidl_typesupport_fastrtps_c.dir/rosidl_typesupport_fastrtps_c/tutorial_interfaces/srv/detail/add_three_ints__type_support_c.cpp.o[0m
[2.029s] [ 68%] [32mBuilding CXX object CMakeFiles/tutorial_interfaces__rosidl_typesupport_fastrtps_c.dir/rosidl_typesupport_fastrtps_c/tutorial_interfaces/msg/detail/sphere__type_support_c.cpp.o[0m
[2.148s] [ 70%] [32m[1mLinking CXX shared library libtutorial_interfaces__rosidl_typesupport_fastrtps_cpp.so[0m
[2.150s] [ 72%] [32m[1mLinking CXX shared library libtutorial_interfaces__rosidl_typesupport_cpp.so[0m
[2.175s] [ 72%] Built target tutorial_interfaces__rosidl_typesupport_cpp
[2.207s] [ 74%] [32m[1mLinking CXX shared library libtutorial_interfaces__rosidl_typesupport_introspection_cpp.so[0m
[2.209s] [ 74%] Built target tutorial_interfaces__rosidl_typesupport_fastrtps_cpp
[2.249s] [ 74%] Built target tutorial_interfaces__rosidl_typesupport_introspection_cpp
[2.256s] [ 76%] [32m[1mLinking CXX shared library libtutorial_interfaces__rosidl_typesupport_fastrtps_c.so[0m
[2.302s] [ 76%] Built target tutorial_interfaces__rosidl_typesupport_fastrtps_c
[2.313s] [ 76%] Built target tutorial_interfaces
[2.330s] [ 78%] [34m[1mGenerating Python code for ROS interfaces[0m
[2.630s] [ 78%] Built target tutorial_interfaces__py
[2.641s] [ 82%] [32mBuilding C object CMakeFiles/tutorial_interfaces__rosidl_generator_py.dir/rosidl_generator_py/tutorial_interfaces/msg/_num_s.c.o[0m
[2.642s] [ 82%] [32mBuilding C object CMakeFiles/tutorial_interfaces__rosidl_generator_py.dir/rosidl_generator_py/tutorial_interfaces/msg/_sphere_s.c.o[0m
[2.642s] [ 85%] [32mBuilding C object CMakeFiles/tutorial_interfaces__rosidl_generator_py.dir/rosidl_generator_py/tutorial_interfaces/srv/_add_three_ints_s.c.o[0m
[2.715s] [ 87%] [32m[1mLinking C shared library rosidl_generator_py/tutorial_interfaces/libtutorial_interfaces__rosidl_generator_py.so[0m
[2.748s] [ 87%] Built target tutorial_interfaces__rosidl_generator_py
[2.767s] [ 89%] [32mBuilding C object CMakeFiles/tutorial_interfaces__rosidl_typesupport_fastrtps_c__pyext.dir/rosidl_generator_py/tutorial_interfaces/_tutorial_interfaces_s.ep.rosidl_typesupport_fastrtps_c.c.o[0m
[2.767s] [ 91%] [32mBuilding C object CMakeFiles/tutorial_interfaces__rosidl_typesupport_introspection_c__pyext.dir/rosidl_generator_py/tutorial_interfaces/_tutorial_interfaces_s.ep.rosidl_typesupport_introspection_c.c.o[0m
[2.767s] [ 93%] [32mBuilding C object CMakeFiles/tutorial_interfaces__rosidl_typesupport_c__pyext.dir/rosidl_generator_py/tutorial_interfaces/_tutorial_interfaces_s.ep.rosidl_typesupport_c.c.o[0m
[2.830s] [100%] [32m[1mLinking C shared library rosidl_generator_py/tutorial_interfaces/tutorial_interfaces_s__rosidl_typesupport_c.cpython-310-x86_64-linux-gnu.so[0m
[2.830s] [100%] [32m[1mLinking C shared library rosidl_generator_py/tutorial_interfaces/tutorial_interfaces_s__rosidl_typesupport_fastrtps_c.cpython-310-x86_64-linux-gnu.so[0m
[2.830s] [100%] [32m[1mLinking C shared library rosidl_generator_py/tutorial_interfaces/tutorial_interfaces_s__rosidl_typesupport_introspection_c.cpython-310-x86_64-linux-gnu.so[0m
[2.853s] [100%] Built target tutorial_interfaces__rosidl_typesupport_c__pyext
[2.853s] [100%] Built target tutorial_interfaces__rosidl_typesupport_fastrtps_c__pyext
[2.853s] [100%] Built target tutorial_interfaces__rosidl_typesupport_introspection_c__pyext
[2.859s] Invoked command in '/home/melmaphother/ROS2/ros2_ws/build/tutorial_interfaces' returned '0': CMAKE_PREFIX_PATH=${CMAKE_PREFIX_PATH}:/opt/ros/humble:/home/melmaphother/ROS2/ros2_ws/install/py_srvcli /usr/bin/cmake --build /home/melmaphother/ROS2/ros2_ws/build/tutorial_interfaces -- -j20 -l20
[2.940s] Invoking command in '/home/melmaphother/ROS2/ros2_ws/build/tutorial_interfaces': CMAKE_PREFIX_PATH=${CMAKE_PREFIX_PATH}:/opt/ros/humble:/home/melmaphother/ROS2/ros2_ws/install/py_srvcli /usr/bin/cmake --install /home/melmaphother/ROS2/ros2_ws/build/tutorial_interfaces
[2.947s] -- Install configuration: ""
[2.947s] -- Installing: /home/melmaphother/ROS2/ros2_ws/install/tutorial_interfaces/share/ament_index/resource_index/rosidl_interfaces/tutorial_interfaces
[2.947s] -- Installing: /home/melmaphother/ROS2/ros2_ws/install/tutorial_interfaces/include/tutorial_interfaces/tutorial_interfaces
[2.947s] -- Installing: /home/melmaphother/ROS2/ros2_ws/install/tutorial_interfaces/include/tutorial_interfaces/tutorial_interfaces/srv
[2.947s] -- Installing: /home/melmaphother/ROS2/ros2_ws/install/tutorial_interfaces/include/tutorial_interfaces/tutorial_interfaces/srv/add_three_ints.h
[2.947s] -- Installing: /home/melmaphother/ROS2/ros2_ws/install/tutorial_interfaces/include/tutorial_interfaces/tutorial_interfaces/srv/detail
[2.947s] -- Installing: /home/melmaphother/ROS2/ros2_ws/install/tutorial_interfaces/include/tutorial_interfaces/tutorial_interfaces/srv/detail/add_three_ints__functions.h
[2.947s] -- Installing: /home/melmaphother/ROS2/ros2_ws/install/tutorial_interfaces/include/tutorial_interfaces/tutorial_interfaces/srv/detail/add_three_ints__functions.c
[2.947s] -- Installing: /home/melmaphother/ROS2/ros2_ws/install/tutorial_interfaces/include/tutorial_interfaces/tutorial_interfaces/srv/detail/add_three_ints__type_support.h
[2.947s] -- Installing: /home/melmaphother/ROS2/ros2_ws/install/tutorial_interfaces/include/tutorial_interfaces/tutorial_interfaces/srv/detail/add_three_ints__struct.h
[2.947s] -- Installing: /home/melmaphother/ROS2/ros2_ws/install/tutorial_interfaces/include/tutorial_interfaces/tutorial_interfaces/msg
[2.947s] -- Installing: /home/melmaphother/ROS2/ros2_ws/install/tutorial_interfaces/include/tutorial_interfaces/tutorial_interfaces/msg/sphere.h
[2.947s] -- Installing: /home/melmaphother/ROS2/ros2_ws/install/tutorial_interfaces/include/tutorial_interfaces/tutorial_interfaces/msg/num.h
[2.947s] -- Installing: /home/melmaphother/ROS2/ros2_ws/install/tutorial_interfaces/include/tutorial_interfaces/tutorial_interfaces/msg/detail
[2.947s] -- Installing: /home/melmaphother/ROS2/ros2_ws/install/tutorial_interfaces/include/tutorial_interfaces/tutorial_interfaces/msg/detail/sphere__functions.c
[2.947s] -- Installing: /home/melmaphother/ROS2/ros2_ws/install/tutorial_interfaces/include/tutorial_interfaces/tutorial_interfaces/msg/detail/num__struct.h
[2.948s] -- Installing: /home/melmaphother/ROS2/ros2_ws/install/tutorial_interfaces/include/tutorial_interfaces/tutorial_interfaces/msg/detail/num__functions.h
[2.948s] -- Installing: /home/melmaphother/ROS2/ros2_ws/install/tutorial_interfaces/include/tutorial_interfaces/tutorial_interfaces/msg/detail/sphere__functions.h
[2.948s] -- Installing: /home/melmaphother/ROS2/ros2_ws/install/tutorial_interfaces/include/tutorial_interfaces/tutorial_interfaces/msg/detail/num__functions.c
[2.948s] -- Installing: /home/melmaphother/ROS2/ros2_ws/install/tutorial_interfaces/include/tutorial_interfaces/tutorial_interfaces/msg/detail/sphere__struct.h
[2.948s] -- Installing: /home/melmaphother/ROS2/ros2_ws/install/tutorial_interfaces/include/tutorial_interfaces/tutorial_interfaces/msg/detail/num__type_support.h
[2.948s] -- Installing: /home/melmaphother/ROS2/ros2_ws/install/tutorial_interfaces/include/tutorial_interfaces/tutorial_interfaces/msg/detail/sphere__type_support.h
[2.948s] -- Installing: /home/melmaphother/ROS2/ros2_ws/install/tutorial_interfaces/include/tutorial_interfaces/tutorial_interfaces/msg/rosidl_generator_c__visibility_control.h
[2.948s] -- Installing: /home/melmaphother/ROS2/ros2_ws/install/tutorial_interfaces/share/tutorial_interfaces/environment/library_path.sh
[2.948s] -- Installing: /home/melmaphother/ROS2/ros2_ws/install/tutorial_interfaces/share/tutorial_interfaces/environment/library_path.dsv
[2.948s] -- Installing: /home/melmaphother/ROS2/ros2_ws/install/tutorial_interfaces/lib/libtutorial_interfaces__rosidl_generator_c.so
[2.948s] -- Set runtime path of "/home/melmaphother/ROS2/ros2_ws/install/tutorial_interfaces/lib/libtutorial_interfaces__rosidl_generator_c.so" to ""
[2.948s] -- Up-to-date: /home/melmaphother/ROS2/ros2_ws/install/tutorial_interfaces/include/tutorial_interfaces/tutorial_interfaces
[2.948s] -- Up-to-date: /home/melmaphother/ROS2/ros2_ws/install/tutorial_interfaces/include/tutorial_interfaces/tutorial_interfaces/srv
[2.948s] -- Up-to-date: /home/melmaphother/ROS2/ros2_ws/install/tutorial_interfaces/include/tutorial_interfaces/tutorial_interfaces/srv/detail
[2.948s] -- Installing: /home/melmaphother/ROS2/ros2_ws/install/tutorial_interfaces/include/tutorial_interfaces/tutorial_interfaces/srv/detail/add_three_ints__rosidl_typesupport_fastrtps_c.h
[2.948s] -- Up-to-date: /home/melmaphother/ROS2/ros2_ws/install/tutorial_interfaces/include/tutorial_interfaces/tutorial_interfaces/msg
[2.948s] -- Up-to-date: /home/melmaphother/ROS2/ros2_ws/install/tutorial_interfaces/include/tutorial_interfaces/tutorial_interfaces/msg/detail
[2.948s] -- Installing: /home/melmaphother/ROS2/ros2_ws/install/tutorial_interfaces/include/tutorial_interfaces/tutorial_interfaces/msg/detail/num__rosidl_typesupport_fastrtps_c.h
[2.949s] -- Installing: /home/melmaphother/ROS2/ros2_ws/install/tutorial_interfaces/include/tutorial_interfaces/tutorial_interfaces/msg/detail/sphere__rosidl_typesupport_fastrtps_c.h
[2.949s] -- Installing: /home/melmaphother/ROS2/ros2_ws/install/tutorial_interfaces/include/tutorial_interfaces/tutorial_interfaces/msg/rosidl_typesupport_fastrtps_c__visibility_control.h
[2.949s] -- Installing: /home/melmaphother/ROS2/ros2_ws/install/tutorial_interfaces/lib/libtutorial_interfaces__rosidl_typesupport_fastrtps_c.so
[2.949s] -- Set runtime path of "/home/melmaphother/ROS2/ros2_ws/install/tutorial_interfaces/lib/libtutorial_interfaces__rosidl_typesupport_fastrtps_c.so" to ""
[2.949s] -- Up-to-date: /home/melmaphother/ROS2/ros2_ws/install/tutorial_interfaces/include/tutorial_interfaces/tutorial_interfaces
[2.949s] -- Up-to-date: /home/melmaphother/ROS2/ros2_ws/install/tutorial_interfaces/include/tutorial_interfaces/tutorial_interfaces/srv
[2.949s] -- Installing: /home/melmaphother/ROS2/ros2_ws/install/tutorial_interfaces/include/tutorial_interfaces/tutorial_interfaces/srv/add_three_ints.hpp
[2.949s] -- Up-to-date: /home/melmaphother/ROS2/ros2_ws/install/tutorial_interfaces/include/tutorial_interfaces/tutorial_interfaces/srv/detail
[2.949s] -- Installing: /home/melmaphother/ROS2/ros2_ws/install/tutorial_interfaces/include/tutorial_interfaces/tutorial_interfaces/srv/detail/add_three_ints__struct.hpp
[2.949s] -- Installing: /home/melmaphother/ROS2/ros2_ws/install/tutorial_interfaces/include/tutorial_interfaces/tutorial_interfaces/srv/detail/add_three_ints__traits.hpp
[2.949s] -- Installing: /home/melmaphother/ROS2/ros2_ws/install/tutorial_interfaces/include/tutorial_interfaces/tutorial_interfaces/srv/detail/add_three_ints__builder.hpp
[2.949s] -- Up-to-date: /home/melmaphother/ROS2/ros2_ws/install/tutorial_interfaces/include/tutorial_interfaces/tutorial_interfaces/msg
[2.949s] -- Up-to-date: /home/melmaphother/ROS2/ros2_ws/install/tutorial_interfaces/include/tutorial_interfaces/tutorial_interfaces/msg/detail
[2.949s] -- Installing: /home/melmaphother/ROS2/ros2_ws/install/tutorial_interfaces/include/tutorial_interfaces/tutorial_interfaces/msg/detail/num__traits.hpp
[2.949s] -- Installing: /home/melmaphother/ROS2/ros2_ws/install/tutorial_interfaces/include/tutorial_interfaces/tutorial_interfaces/msg/detail/sphere__struct.hpp
[2.949s] -- Installing: /home/melmaphother/ROS2/ros2_ws/install/tutorial_interfaces/include/tutorial_interfaces/tutorial_interfaces/msg/detail/num__builder.hpp
[2.949s] -- Installing: /home/melmaphother/ROS2/ros2_ws/install/tutorial_interfaces/include/tutorial_interfaces/tutorial_interfaces/msg/detail/sphere__traits.hpp
[2.949s] -- Installing: /home/melmaphother/ROS2/ros2_ws/install/tutorial_interfaces/include/tutorial_interfaces/tutorial_interfaces/msg/detail/num__struct.hpp
[2.949s] -- Installing: /home/melmaphother/ROS2/ros2_ws/install/tutorial_interfaces/include/tutorial_interfaces/tutorial_interfaces/msg/detail/sphere__builder.hpp
[2.949s] -- Installing: /home/melmaphother/ROS2/ros2_ws/install/tutorial_interfaces/include/tutorial_interfaces/tutorial_interfaces/msg/num.hpp
[2.949s] -- Installing: /home/melmaphother/ROS2/ros2_ws/install/tutorial_interfaces/include/tutorial_interfaces/tutorial_interfaces/msg/sphere.hpp
[2.949s] -- Up-to-date: /home/melmaphother/ROS2/ros2_ws/install/tutorial_interfaces/include/tutorial_interfaces/tutorial_interfaces
[2.949s] -- Up-to-date: /home/melmaphother/ROS2/ros2_ws/install/tutorial_interfaces/include/tutorial_interfaces/tutorial_interfaces/srv
[2.949s] -- Up-to-date: /home/melmaphother/ROS2/ros2_ws/install/tutorial_interfaces/include/tutorial_interfaces/tutorial_interfaces/srv/detail
[2.949s] -- Installing: /home/melmaphother/ROS2/ros2_ws/install/tutorial_interfaces/include/tutorial_interfaces/tutorial_interfaces/srv/detail/dds_fastrtps
[2.949s] -- Installing: /home/melmaphother/ROS2/ros2_ws/install/tutorial_interfaces/include/tutorial_interfaces/tutorial_interfaces/srv/detail/add_three_ints__rosidl_typesupport_fastrtps_cpp.hpp
[2.949s] -- Up-to-date: /home/melmaphother/ROS2/ros2_ws/install/tutorial_interfaces/include/tutorial_interfaces/tutorial_interfaces/msg
[2.950s] -- Up-to-date: /home/melmaphother/ROS2/ros2_ws/install/tutorial_interfaces/include/tutorial_interfaces/tutorial_interfaces/msg/detail
[2.950s] -- Installing: /home/melmaphother/ROS2/ros2_ws/install/tutorial_interfaces/include/tutorial_interfaces/tutorial_interfaces/msg/detail/sphere__rosidl_typesupport_fastrtps_cpp.hpp
[2.950s] -- Installing: /home/melmaphother/ROS2/ros2_ws/install/tutorial_interfaces/include/tutorial_interfaces/tutorial_interfaces/msg/detail/num__rosidl_typesupport_fastrtps_cpp.hpp
[2.950s] -- Installing: /home/melmaphother/ROS2/ros2_ws/install/tutorial_interfaces/include/tutorial_interfaces/tutorial_interfaces/msg/detail/dds_fastrtps
[2.950s] -- Installing: /home/melmaphother/ROS2/ros2_ws/install/tutorial_interfaces/include/tutorial_interfaces/tutorial_interfaces/msg/rosidl_typesupport_fastrtps_cpp__visibility_control.h
[2.950s] -- Installing: /home/melmaphother/ROS2/ros2_ws/install/tutorial_interfaces/lib/libtutorial_interfaces__rosidl_typesupport_fastrtps_cpp.so
[2.950s] -- Set runtime path of "/home/melmaphother/ROS2/ros2_ws/install/tutorial_interfaces/lib/libtutorial_interfaces__rosidl_typesupport_fastrtps_cpp.so" to ""
[2.950s] -- Up-to-date: /home/melmaphother/ROS2/ros2_ws/install/tutorial_interfaces/include/tutorial_interfaces/tutorial_interfaces
[2.950s] -- Up-to-date: /home/melmaphother/ROS2/ros2_ws/install/tutorial_interfaces/include/tutorial_interfaces/tutorial_interfaces/srv
[2.950s] -- Up-to-date: /home/melmaphother/ROS2/ros2_ws/install/tutorial_interfaces/include/tutorial_interfaces/tutorial_interfaces/srv/detail
[2.950s] -- Installing: /home/melmaphother/ROS2/ros2_ws/install/tutorial_interfaces/include/tutorial_interfaces/tutorial_interfaces/srv/detail/add_three_ints__type_support.c
[2.950s] -- Installing: /home/melmaphother/ROS2/ros2_ws/install/tutorial_interfaces/include/tutorial_interfaces/tutorial_interfaces/srv/detail/add_three_ints__rosidl_typesupport_introspection_c.h
[2.950s] -- Up-to-date: /home/melmaphother/ROS2/ros2_ws/install/tutorial_interfaces/include/tutorial_interfaces/tutorial_interfaces/msg
[2.950s] -- Up-to-date: /home/melmaphother/ROS2/ros2_ws/install/tutorial_interfaces/include/tutorial_interfaces/tutorial_interfaces/msg/detail
[2.950s] -- Installing: /home/melmaphother/ROS2/ros2_ws/install/tutorial_interfaces/include/tutorial_interfaces/tutorial_interfaces/msg/detail/sphere__rosidl_typesupport_introspection_c.h
[2.950s] -- Installing: /home/melmaphother/ROS2/ros2_ws/install/tutorial_interfaces/include/tutorial_interfaces/tutorial_interfaces/msg/detail/sphere__type_support.c
[2.950s] -- Installing: /home/melmaphother/ROS2/ros2_ws/install/tutorial_interfaces/include/tutorial_interfaces/tutorial_interfaces/msg/detail/num__rosidl_typesupport_introspection_c.h
[2.950s] -- Installing: /home/melmaphother/ROS2/ros2_ws/install/tutorial_interfaces/include/tutorial_interfaces/tutorial_interfaces/msg/detail/num__type_support.c
[2.950s] -- Installing: /home/melmaphother/ROS2/ros2_ws/install/tutorial_interfaces/include/tutorial_interfaces/tutorial_interfaces/msg/rosidl_typesupport_introspection_c__visibility_control.h
[2.950s] -- Installing: /home/melmaphother/ROS2/ros2_ws/install/tutorial_interfaces/lib/libtutorial_interfaces__rosidl_typesupport_introspection_c.so
[2.950s] -- Set runtime path of "/home/melmaphother/ROS2/ros2_ws/install/tutorial_interfaces/lib/libtutorial_interfaces__rosidl_typesupport_introspection_c.so" to ""
[2.950s] -- Installing: /home/melmaphother/ROS2/ros2_ws/install/tutorial_interfaces/lib/libtutorial_interfaces__rosidl_typesupport_c.so
[2.950s] -- Set runtime path of "/home/melmaphother/ROS2/ros2_ws/install/tutorial_interfaces/lib/libtutorial_interfaces__rosidl_typesupport_c.so" to ""
[2.950s] -- Up-to-date: /home/melmaphother/ROS2/ros2_ws/install/tutorial_interfaces/include/tutorial_interfaces/tutorial_interfaces
[2.950s] -- Up-to-date: /home/melmaphother/ROS2/ros2_ws/install/tutorial_interfaces/include/tutorial_interfaces/tutorial_interfaces/srv
[2.950s] -- Up-to-date: /home/melmaphother/ROS2/ros2_ws/install/tutorial_interfaces/include/tutorial_interfaces/tutorial_interfaces/srv/detail
[2.950s] -- Installing: /home/melmaphother/ROS2/ros2_ws/install/tutorial_interfaces/include/tutorial_interfaces/tutorial_interfaces/srv/detail/add_three_ints__rosidl_typesupport_introspection_cpp.hpp
[2.951s] -- Installing: /home/melmaphother/ROS2/ros2_ws/install/tutorial_interfaces/include/tutorial_interfaces/tutorial_interfaces/srv/detail/add_three_ints__type_support.cpp
[2.951s] -- Up-to-date: /home/melmaphother/ROS2/ros2_ws/install/tutorial_interfaces/include/tutorial_interfaces/tutorial_interfaces/msg
[2.951s] -- Up-to-date: /home/melmaphother/ROS2/ros2_ws/install/tutorial_interfaces/include/tutorial_interfaces/tutorial_interfaces/msg/detail
[2.951s] -- Installing: /home/melmaphother/ROS2/ros2_ws/install/tutorial_interfaces/include/tutorial_interfaces/tutorial_interfaces/msg/detail/sphere__rosidl_typesupport_introspection_cpp.hpp
[2.951s] -- Installing: /home/melmaphother/ROS2/ros2_ws/install/tutorial_interfaces/include/tutorial_interfaces/tutorial_interfaces/msg/detail/num__rosidl_typesupport_introspection_cpp.hpp
[2.951s] -- Installing: /home/melmaphother/ROS2/ros2_ws/install/tutorial_interfaces/include/tutorial_interfaces/tutorial_interfaces/msg/detail/sphere__type_support.cpp
[2.951s] -- Installing: /home/melmaphother/ROS2/ros2_ws/install/tutorial_interfaces/include/tutorial_interfaces/tutorial_interfaces/msg/detail/num__type_support.cpp
[2.951s] -- Installing: /home/melmaphother/ROS2/ros2_ws/install/tutorial_interfaces/lib/libtutorial_interfaces__rosidl_typesupport_introspection_cpp.so
[2.951s] -- Set runtime path of "/home/melmaphother/ROS2/ros2_ws/install/tutorial_interfaces/lib/libtutorial_interfaces__rosidl_typesupport_introspection_cpp.so" to ""
[2.951s] -- Installing: /home/melmaphother/ROS2/ros2_ws/install/tutorial_interfaces/lib/libtutorial_interfaces__rosidl_typesupport_cpp.so
[2.951s] -- Set runtime path of "/home/melmaphother/ROS2/ros2_ws/install/tutorial_interfaces/lib/libtutorial_interfaces__rosidl_typesupport_cpp.so" to ""
[2.951s] -- Installing: /home/melmaphother/ROS2/ros2_ws/install/tutorial_interfaces/share/tutorial_interfaces/environment/pythonpath.sh
[2.951s] -- Installing: /home/melmaphother/ROS2/ros2_ws/install/tutorial_interfaces/share/tutorial_interfaces/environment/pythonpath.dsv
[2.951s] -- Installing: /home/melmaphother/ROS2/ros2_ws/install/tutorial_interfaces/local/lib/python3.10/dist-packages/tutorial_interfaces-0.0.0-py3.10.egg-info
[2.951s] -- Installing: /home/melmaphother/ROS2/ros2_ws/install/tutorial_interfaces/local/lib/python3.10/dist-packages/tutorial_interfaces-0.0.0-py3.10.egg-info/SOURCES.txt
[2.951s] -- Installing: /home/melmaphother/ROS2/ros2_ws/install/tutorial_interfaces/local/lib/python3.10/dist-packages/tutorial_interfaces-0.0.0-py3.10.egg-info/PKG-INFO
[2.951s] -- Installing: /home/melmaphother/ROS2/ros2_ws/install/tutorial_interfaces/local/lib/python3.10/dist-packages/tutorial_interfaces-0.0.0-py3.10.egg-info/top_level.txt
[2.951s] -- Installing: /home/melmaphother/ROS2/ros2_ws/install/tutorial_interfaces/local/lib/python3.10/dist-packages/tutorial_interfaces-0.0.0-py3.10.egg-info/dependency_links.txt
[2.951s] -- Installing: /home/melmaphother/ROS2/ros2_ws/install/tutorial_interfaces/local/lib/python3.10/dist-packages/tutorial_interfaces
[2.951s] -- Installing: /home/melmaphother/ROS2/ros2_ws/install/tutorial_interfaces/local/lib/python3.10/dist-packages/tutorial_interfaces/__init__.py
[2.951s] -- Installing: /home/melmaphother/ROS2/ros2_ws/install/tutorial_interfaces/local/lib/python3.10/dist-packages/tutorial_interfaces/tutorial_interfaces_s__rosidl_typesupport_introspection_c.cpython-310-x86_64-linux-gnu.so
[2.951s] -- Installing: /home/melmaphother/ROS2/ros2_ws/install/tutorial_interfaces/local/lib/python3.10/dist-packages/tutorial_interfaces/tutorial_interfaces_s__rosidl_typesupport_c.cpython-310-x86_64-linux-gnu.so
[2.951s] -- Installing: /home/melmaphother/ROS2/ros2_ws/install/tutorial_interfaces/local/lib/python3.10/dist-packages/tutorial_interfaces/srv
[2.952s] -- Installing: /home/melmaphother/ROS2/ros2_ws/install/tutorial_interfaces/local/lib/python3.10/dist-packages/tutorial_interfaces/srv/_add_three_ints_s.c
[2.952s] -- Installing: /home/melmaphother/ROS2/ros2_ws/install/tutorial_interfaces/local/lib/python3.10/dist-packages/tutorial_interfaces/srv/__init__.py
[2.952s] -- Installing: /home/melmaphother/ROS2/ros2_ws/install/tutorial_interfaces/local/lib/python3.10/dist-packages/tutorial_interfaces/srv/_add_three_ints.py
[2.952s] -- Installing: /home/melmaphother/ROS2/ros2_ws/install/tutorial_interfaces/local/lib/python3.10/dist-packages/tutorial_interfaces/libtutorial_interfaces__rosidl_generator_py.so
[2.952s] -- Installing: /home/melmaphother/ROS2/ros2_ws/install/tutorial_interfaces/local/lib/python3.10/dist-packages/tutorial_interfaces/msg
[2.952s] -- Installing: /home/melmaphother/ROS2/ros2_ws/install/tutorial_interfaces/local/lib/python3.10/dist-packages/tutorial_interfaces/msg/_num.py
[2.952s] -- Installing: /home/melmaphother/ROS2/ros2_ws/install/tutorial_interfaces/local/lib/python3.10/dist-packages/tutorial_interfaces/msg/_sphere.py
[2.952s] -- Installing: /home/melmaphother/ROS2/ros2_ws/install/tutorial_interfaces/local/lib/python3.10/dist-packages/tutorial_interfaces/msg/__init__.py
[2.952s] -- Installing: /home/melmaphother/ROS2/ros2_ws/install/tutorial_interfaces/local/lib/python3.10/dist-packages/tutorial_interfaces/msg/_sphere_s.c
[2.952s] -- Installing: /home/melmaphother/ROS2/ros2_ws/install/tutorial_interfaces/local/lib/python3.10/dist-packages/tutorial_interfaces/msg/_num_s.c
[2.952s] -- Installing: /home/melmaphother/ROS2/ros2_ws/install/tutorial_interfaces/local/lib/python3.10/dist-packages/tutorial_interfaces/tutorial_interfaces_s__rosidl_typesupport_fastrtps_c.cpython-310-x86_64-linux-gnu.so
[2.952s] -- Installing: /home/melmaphother/ROS2/ros2_ws/install/tutorial_interfaces/local/lib/python3.10/dist-packages/tutorial_interfaces/_tutorial_interfaces_s.ep.rosidl_typesupport_fastrtps_c.c
[2.952s] -- Installing: /home/melmaphother/ROS2/ros2_ws/install/tutorial_interfaces/local/lib/python3.10/dist-packages/tutorial_interfaces/_tutorial_interfaces_s.ep.rosidl_typesupport_c.c
[2.952s] -- Installing: /home/melmaphother/ROS2/ros2_ws/install/tutorial_interfaces/local/lib/python3.10/dist-packages/tutorial_interfaces/_tutorial_interfaces_s.ep.rosidl_typesupport_introspection_c.c
[2.977s] Listing '/home/melmaphother/ROS2/ros2_ws/install/tutorial_interfaces/local/lib/python3.10/dist-packages/tutorial_interfaces'...
[2.977s] Compiling '/home/melmaphother/ROS2/ros2_ws/install/tutorial_interfaces/local/lib/python3.10/dist-packages/tutorial_interfaces/__init__.py'...
[2.977s] Listing '/home/melmaphother/ROS2/ros2_ws/install/tutorial_interfaces/local/lib/python3.10/dist-packages/tutorial_interfaces/msg'...
[2.977s] Compiling '/home/melmaphother/ROS2/ros2_ws/install/tutorial_interfaces/local/lib/python3.10/dist-packages/tutorial_interfaces/msg/__init__.py'...
[2.977s] Compiling '/home/melmaphother/ROS2/ros2_ws/install/tutorial_interfaces/local/lib/python3.10/dist-packages/tutorial_interfaces/msg/_num.py'...
[2.977s] Compiling '/home/melmaphother/ROS2/ros2_ws/install/tutorial_interfaces/local/lib/python3.10/dist-packages/tutorial_interfaces/msg/_sphere.py'...
[2.977s] Listing '/home/melmaphother/ROS2/ros2_ws/install/tutorial_interfaces/local/lib/python3.10/dist-packages/tutorial_interfaces/srv'...
[2.977s] Compiling '/home/melmaphother/ROS2/ros2_ws/install/tutorial_interfaces/local/lib/python3.10/dist-packages/tutorial_interfaces/srv/__init__.py'...
[2.977s] Compiling '/home/melmaphother/ROS2/ros2_ws/install/tutorial_interfaces/local/lib/python3.10/dist-packages/tutorial_interfaces/srv/_add_three_ints.py'...
[2.980s] -- Installing: /home/melmaphother/ROS2/ros2_ws/install/tutorial_interfaces/local/lib/python3.10/dist-packages/tutorial_interfaces/tutorial_interfaces_s__rosidl_typesupport_fastrtps_c.cpython-310-x86_64-linux-gnu.so
[2.980s] -- Set runtime path of "/home/melmaphother/ROS2/ros2_ws/install/tutorial_interfaces/local/lib/python3.10/dist-packages/tutorial_interfaces/tutorial_interfaces_s__rosidl_typesupport_fastrtps_c.cpython-310-x86_64-linux-gnu.so" to ""
[2.980s] -- Installing: /home/melmaphother/ROS2/ros2_ws/install/tutorial_interfaces/local/lib/python3.10/dist-packages/tutorial_interfaces/tutorial_interfaces_s__rosidl_typesupport_introspection_c.cpython-310-x86_64-linux-gnu.so
[2.980s] -- Set runtime path of "/home/melmaphother/ROS2/ros2_ws/install/tutorial_interfaces/local/lib/python3.10/dist-packages/tutorial_interfaces/tutorial_interfaces_s__rosidl_typesupport_introspection_c.cpython-310-x86_64-linux-gnu.so" to ""
[2.981s] -- Installing: /home/melmaphother/ROS2/ros2_ws/install/tutorial_interfaces/local/lib/python3.10/dist-packages/tutorial_interfaces/tutorial_interfaces_s__rosidl_typesupport_c.cpython-310-x86_64-linux-gnu.so
[2.981s] -- Set runtime path of "/home/melmaphother/ROS2/ros2_ws/install/tutorial_interfaces/local/lib/python3.10/dist-packages/tutorial_interfaces/tutorial_interfaces_s__rosidl_typesupport_c.cpython-310-x86_64-linux-gnu.so" to ""
[2.981s] -- Installing: /home/melmaphother/ROS2/ros2_ws/install/tutorial_interfaces/lib/libtutorial_interfaces__rosidl_generator_py.so
[2.981s] -- Set runtime path of "/home/melmaphother/ROS2/ros2_ws/install/tutorial_interfaces/lib/libtutorial_interfaces__rosidl_generator_py.so" to ""
[2.981s] -- Installing: /home/melmaphother/ROS2/ros2_ws/install/tutorial_interfaces/share/tutorial_interfaces/msg/Num.idl
[2.981s] -- Installing: /home/melmaphother/ROS2/ros2_ws/install/tutorial_interfaces/share/tutorial_interfaces/msg/Sphere.idl
[2.981s] -- Installing: /home/melmaphother/ROS2/ros2_ws/install/tutorial_interfaces/share/tutorial_interfaces/srv/AddThreeInts.idl
[2.981s] -- Installing: /home/melmaphother/ROS2/ros2_ws/install/tutorial_interfaces/share/tutorial_interfaces/msg/Num.msg
[2.981s] -- Installing: /home/melmaphother/ROS2/ros2_ws/install/tutorial_interfaces/share/tutorial_interfaces/msg/Sphere.msg
[2.981s] -- Installing: /home/melmaphother/ROS2/ros2_ws/install/tutorial_interfaces/share/tutorial_interfaces/srv/AddThreeInts.srv
[2.981s] -- Installing: /home/melmaphother/ROS2/ros2_ws/install/tutorial_interfaces/share/tutorial_interfaces/srv/AddThreeInts_Request.msg
[2.981s] -- Installing: /home/melmaphother/ROS2/ros2_ws/install/tutorial_interfaces/share/tutorial_interfaces/srv/AddThreeInts_Response.msg
[2.981s] -- Installing: /home/melmaphother/ROS2/ros2_ws/install/tutorial_interfaces/share/ament_index/resource_index/package_run_dependencies/tutorial_interfaces
[2.981s] -- Installing: /home/melmaphother/ROS2/ros2_ws/install/tutorial_interfaces/share/ament_index/resource_index/parent_prefix_path/tutorial_interfaces
[2.981s] -- Installing: /home/melmaphother/ROS2/ros2_ws/install/tutorial_interfaces/share/tutorial_interfaces/environment/ament_prefix_path.sh
[2.981s] -- Installing: /home/melmaphother/ROS2/ros2_ws/install/tutorial_interfaces/share/tutorial_interfaces/environment/ament_prefix_path.dsv
[2.981s] -- Installing: /home/melmaphother/ROS2/ros2_ws/install/tutorial_interfaces/share/tutorial_interfaces/environment/path.sh
[2.981s] -- Installing: /home/melmaphother/ROS2/ros2_ws/install/tutorial_interfaces/share/tutorial_interfaces/environment/path.dsv
[2.981s] -- Installing: /home/melmaphother/ROS2/ros2_ws/install/tutorial_interfaces/share/tutorial_interfaces/local_setup.bash
[2.982s] -- Installing: /home/melmaphother/ROS2/ros2_ws/install/tutorial_interfaces/share/tutorial_interfaces/local_setup.sh
[2.982s] -- Installing: /home/melmaphother/ROS2/ros2_ws/install/tutorial_interfaces/share/tutorial_interfaces/local_setup.zsh
[2.982s] -- Installing: /home/melmaphother/ROS2/ros2_ws/install/tutorial_interfaces/share/tutorial_interfaces/local_setup.dsv
[2.982s] -- Installing: /home/melmaphother/ROS2/ros2_ws/install/tutorial_interfaces/share/tutorial_interfaces/package.dsv
[2.982s] -- Installing: /home/melmaphother/ROS2/ros2_ws/install/tutorial_interfaces/share/ament_index/resource_index/packages/tutorial_interfaces
[2.982s] -- Installing: /home/melmaphother/ROS2/ros2_ws/install/tutorial_interfaces/share/tutorial_interfaces/cmake/export_tutorial_interfaces__rosidl_generator_cExport.cmake
[2.982s] -- Installing: /home/melmaphother/ROS2/ros2_ws/install/tutorial_interfaces/share/tutorial_interfaces/cmake/export_tutorial_interfaces__rosidl_generator_cExport-noconfig.cmake
[2.982s] -- Installing: /home/melmaphother/ROS2/ros2_ws/install/tutorial_interfaces/share/tutorial_interfaces/cmake/export_tutorial_interfaces__rosidl_typesupport_fastrtps_cExport.cmake
[2.982s] -- Installing: /home/melmaphother/ROS2/ros2_ws/install/tutorial_interfaces/share/tutorial_interfaces/cmake/export_tutorial_interfaces__rosidl_typesupport_fastrtps_cExport-noconfig.cmake
[2.982s] -- Installing: /home/melmaphother/ROS2/ros2_ws/install/tutorial_interfaces/share/tutorial_interfaces/cmake/export_tutorial_interfaces__rosidl_generator_cppExport.cmake
[2.982s] -- Installing: /home/melmaphother/ROS2/ros2_ws/install/tutorial_interfaces/share/tutorial_interfaces/cmake/export_tutorial_interfaces__rosidl_typesupport_fastrtps_cppExport.cmake
[2.982s] -- Installing: /home/melmaphother/ROS2/ros2_ws/install/tutorial_interfaces/share/tutorial_interfaces/cmake/export_tutorial_interfaces__rosidl_typesupport_fastrtps_cppExport-noconfig.cmake
[2.982s] -- Installing: /home/melmaphother/ROS2/ros2_ws/install/tutorial_interfaces/share/tutorial_interfaces/cmake/tutorial_interfaces__rosidl_typesupport_introspection_cExport.cmake
[2.982s] -- Installing: /home/melmaphother/ROS2/ros2_ws/install/tutorial_interfaces/share/tutorial_interfaces/cmake/tutorial_interfaces__rosidl_typesupport_introspection_cExport-noconfig.cmake
[2.982s] -- Installing: /home/melmaphother/ROS2/ros2_ws/install/tutorial_interfaces/share/tutorial_interfaces/cmake/tutorial_interfaces__rosidl_typesupport_cExport.cmake
[2.982s] -- Installing: /home/melmaphother/ROS2/ros2_ws/install/tutorial_interfaces/share/tutorial_interfaces/cmake/tutorial_interfaces__rosidl_typesupport_cExport-noconfig.cmake
[2.982s] -- Installing: /home/melmaphother/ROS2/ros2_ws/install/tutorial_interfaces/share/tutorial_interfaces/cmake/tutorial_interfaces__rosidl_typesupport_introspection_cppExport.cmake
[2.982s] -- Installing: /home/melmaphother/ROS2/ros2_ws/install/tutorial_interfaces/share/tutorial_interfaces/cmake/tutorial_interfaces__rosidl_typesupport_introspection_cppExport-noconfig.cmake
[2.982s] -- Installing: /home/melmaphother/ROS2/ros2_ws/install/tutorial_interfaces/share/tutorial_interfaces/cmake/tutorial_interfaces__rosidl_typesupport_cppExport.cmake
[2.982s] -- Installing: /home/melmaphother/ROS2/ros2_ws/install/tutorial_interfaces/share/tutorial_interfaces/cmake/tutorial_interfaces__rosidl_typesupport_cppExport-noconfig.cmake
[2.982s] -- Installing: /home/melmaphother/ROS2/ros2_ws/install/tutorial_interfaces/share/tutorial_interfaces/cmake/export_tutorial_interfaces__rosidl_generator_pyExport.cmake
[2.982s] -- Installing: /home/melmaphother/ROS2/ros2_ws/install/tutorial_interfaces/share/tutorial_interfaces/cmake/export_tutorial_interfaces__rosidl_generator_pyExport-noconfig.cmake
[2.982s] -- Installing: /home/melmaphother/ROS2/ros2_ws/install/tutorial_interfaces/share/tutorial_interfaces/cmake/rosidl_cmake-extras.cmake
[2.983s] -- Installing: /home/melmaphother/ROS2/ros2_ws/install/tutorial_interfaces/share/tutorial_interfaces/cmake/ament_cmake_export_dependencies-extras.cmake
[2.983s] -- Installing: /home/melmaphother/ROS2/ros2_ws/install/tutorial_interfaces/share/tutorial_interfaces/cmake/ament_cmake_export_include_directories-extras.cmake
[2.983s] -- Installing: /home/melmaphother/ROS2/ros2_ws/install/tutorial_interfaces/share/tutorial_interfaces/cmake/ament_cmake_export_libraries-extras.cmake
[2.983s] -- Installing: /home/melmaphother/ROS2/ros2_ws/install/tutorial_interfaces/share/tutorial_interfaces/cmake/ament_cmake_export_targets-extras.cmake
[2.983s] -- Installing: /home/melmaphother/ROS2/ros2_ws/install/tutorial_interfaces/share/tutorial_interfaces/cmake/rosidl_cmake_export_typesupport_targets-extras.cmake
[2.983s] -- Installing: /home/melmaphother/ROS2/ros2_ws/install/tutorial_interfaces/share/tutorial_interfaces/cmake/rosidl_cmake_export_typesupport_libraries-extras.cmake
[2.983s] -- Installing: /home/melmaphother/ROS2/ros2_ws/install/tutorial_interfaces/share/tutorial_interfaces/cmake/tutorial_interfacesConfig.cmake
[2.983s] -- Installing: /home/melmaphother/ROS2/ros2_ws/install/tutorial_interfaces/share/tutorial_interfaces/cmake/tutorial_interfacesConfig-version.cmake
[2.983s] -- Installing: /home/melmaphother/ROS2/ros2_ws/install/tutorial_interfaces/share/tutorial_interfaces/package.xml
[2.984s] Invoked command in '/home/melmaphother/ROS2/ros2_ws/build/tutorial_interfaces' returned '0': CMAKE_PREFIX_PATH=${CMAKE_PREFIX_PATH}:/opt/ros/humble:/home/melmaphother/ROS2/ros2_ws/install/py_srvcli /usr/bin/cmake --install /home/melmaphother/ROS2/ros2_ws/build/tutorial_interfaces
