[0.007s] Invoking command in '/home/melmaphother/ROS2/ros2_ws/build/my_package': CMAKE_PREFIX_PATH=/opt/ros/humble /usr/bin/cmake /home/melmaphother/ROS2/ros2_ws/src/my_package -DCMAKE_INSTALL_PREFIX=/home/melmaphother/ROS2/ros2_ws/install/my_package
[0.078s] -- The C compiler identification is GNU 11.3.0
[0.161s] -- The CXX compiler identification is GNU 11.3.0
[0.168s] -- Detecting C compiler ABI info
[0.236s] -- Detecting C compiler ABI info - done
[0.245s] -- Check for working C compiler: /usr/bin/cc - skipped
[0.246s] -- Detecting C compile features
[0.246s] -- Detecting C compile features - done
[0.249s] -- Detecting CXX compiler ABI info
[0.318s] -- Detecting CXX compiler ABI info - done
[0.323s] -- Check for working CXX compiler: /usr/bin/c++ - skipped
[0.323s] -- Detecting CXX compile features
[0.323s] -- Detecting CXX compile features - done
[0.325s] -- Found ament_cmake: 1.3.5 (/opt/ros/humble/share/ament_cmake/cmake)
[0.459s] -- Found Python3: /usr/bin/python3.10 (found version "3.10.6") found components: Interpreter 
[0.522s] -- Found ament_lint_auto: 0.12.6 (/opt/ros/humble/share/ament_lint_auto/cmake)
[0.573s] -- Added test 'cppcheck' to perform static code analysis on C / C++ code
[0.573s] -- Configured cppcheck include dirs: $<BUILD_INTERFACE:/home/melmaphother/ROS2/ros2_ws/src/my_package/include>
[0.573s] -- Configured cppcheck exclude dirs and/or files: 
[0.574s] -- Added test 'lint_cmake' to check CMake code style
[0.574s] -- Added test 'uncrustify' to check C / C++ code style
[0.574s] -- Configured uncrustify additional arguments: 
[0.574s] -- Added test 'xmllint' to check XML markup files
[0.575s] -- Configuring done
[0.577s] -- Generating done
[0.578s] -- Build files have been written to: /home/melmaphother/ROS2/ros2_ws/build/my_package
[0.581s] Invoked command in '/home/melmaphother/ROS2/ros2_ws/build/my_package' returned '0': CMAKE_PREFIX_PATH=/opt/ros/humble /usr/bin/cmake /home/melmaphother/ROS2/ros2_ws/src/my_package -DCMAKE_INSTALL_PREFIX=/home/melmaphother/ROS2/ros2_ws/install/my_package
[0.582s] Invoking command in '/home/melmaphother/ROS2/ros2_ws/build/my_package': CMAKE_PREFIX_PATH=/opt/ros/humble /usr/bin/cmake --build /home/melmaphother/ROS2/ros2_ws/build/my_package -- -j20 -l20
[0.617s] [ 50%] [32mBuilding CXX object CMakeFiles/my_node.dir/src/my_node.cpp.o[0m
[0.649s] [100%] [32m[1mLinking CXX executable my_node[0m
[0.692s] [100%] Built target my_node
[0.702s] Invoked command in '/home/melmaphother/ROS2/ros2_ws/build/my_package' returned '0': CMAKE_PREFIX_PATH=/opt/ros/humble /usr/bin/cmake --build /home/melmaphother/ROS2/ros2_ws/build/my_package -- -j20 -l20
[0.733s] Invoking command in '/home/melmaphother/ROS2/ros2_ws/build/my_package': CMAKE_PREFIX_PATH=/opt/ros/humble /usr/bin/cmake --install /home/melmaphother/ROS2/ros2_ws/build/my_package
[0.741s] -- Install configuration: ""
[0.741s] -- Installing: /home/melmaphother/ROS2/ros2_ws/install/my_package/lib/my_package/my_node
[0.741s] -- Installing: /home/melmaphother/ROS2/ros2_ws/install/my_package/share/ament_index/resource_index/package_run_dependencies/my_package
[0.742s] -- Installing: /home/melmaphother/ROS2/ros2_ws/install/my_package/share/ament_index/resource_index/parent_prefix_path/my_package
[0.742s] -- Installing: /home/melmaphother/ROS2/ros2_ws/install/my_package/share/my_package/environment/ament_prefix_path.sh
[0.742s] -- Installing: /home/melmaphother/ROS2/ros2_ws/install/my_package/share/my_package/environment/ament_prefix_path.dsv
[0.742s] -- Installing: /home/melmaphother/ROS2/ros2_ws/install/my_package/share/my_package/environment/path.sh
[0.742s] -- Installing: /home/melmaphother/ROS2/ros2_ws/install/my_package/share/my_package/environment/path.dsv
[0.742s] -- Installing: /home/melmaphother/ROS2/ros2_ws/install/my_package/share/my_package/local_setup.bash
[0.742s] -- Installing: /home/melmaphother/ROS2/ros2_ws/install/my_package/share/my_package/local_setup.sh
[0.742s] -- Installing: /home/melmaphother/ROS2/ros2_ws/install/my_package/share/my_package/local_setup.zsh
[0.742s] -- Installing: /home/melmaphother/ROS2/ros2_ws/install/my_package/share/my_package/local_setup.dsv
[0.743s] -- Installing: /home/melmaphother/ROS2/ros2_ws/install/my_package/share/my_package/package.dsv
[0.743s] -- Installing: /home/melmaphother/ROS2/ros2_ws/install/my_package/share/ament_index/resource_index/packages/my_package
[0.743s] -- Installing: /home/melmaphother/ROS2/ros2_ws/install/my_package/share/my_package/cmake/my_packageConfig.cmake
[0.743s] -- Installing: /home/melmaphother/ROS2/ros2_ws/install/my_package/share/my_package/cmake/my_packageConfig-version.cmake
[0.743s] -- Installing: /home/melmaphother/ROS2/ros2_ws/install/my_package/share/my_package/package.xml
[0.745s] Invoked command in '/home/melmaphother/ROS2/ros2_ws/build/my_package' returned '0': CMAKE_PREFIX_PATH=/opt/ros/humble /usr/bin/cmake --install /home/melmaphother/ROS2/ros2_ws/build/my_package
