[  8%] Built target ros2_shm_demo__cpp
[ 10%] Built target ros2_shm_demo__rosidl_generator_c
[ 10%] Built target ament_cmake_python_copy_ros2_shm_demo
[ 18%] Built target ros2_shm_demo__rosidl_typesupport_cpp
[ 32%] Built target ros2_shm_demo__rosidl_typesupport_fastrtps_c
[ 35%] Built target ros2_shm_demo__rosidl_typesupport_introspection_c
[ 43%] Built target ros2_shm_demo__rosidl_typesupport_fastrtps_cpp
[ 51%] Built target ros2_shm_demo__rosidl_typesupport_introspection_cpp
[ 59%] Built target ros2_shm_demo__rosidl_typesupport_c
[ 59%] Built target ros2_shm_demo
[35m[1mConsolidate compiler generated dependencies of target iox_subscriber[0m
[ 62%] Built target ros2_shm_demo__py
[ 67%] Built target talker
[ 72%] Built target listener
[ 75%] [32mBuilding CXX object CMakeFiles/iox_subscriber.dir/src/iox_subscriber.cpp.o[0m
[35m[1mConsolidate compiler generated dependencies of target ros2_shm_demo__rosidl_generator_py[0m
[ 81%] Built target ros2_shm_demo__rosidl_generator_py
[35m[1mConsolidate compiler generated dependencies of target ros2_shm_demo__rosidl_typesupport_fastrtps_c__pyext[0m
[35m[1mConsolidate compiler generated dependencies of target ros2_shm_demo__rosidl_typesupport_c__pyext[0m
[35m[1mConsolidate compiler generated dependencies of target ros2_shm_demo__rosidl_typesupport_introspection_c__pyext[0m
[ 86%] Built target ros2_shm_demo__rosidl_typesupport_introspection_c__pyext
[ 91%] Built target ros2_shm_demo__rosidl_typesupport_c__pyext
[ 97%] Built target ros2_shm_demo__rosidl_typesupport_fastrtps_c__pyext
running egg_info
writing ros2_shm_demo.egg-info/PKG-INFO
writing dependency_links to ros2_shm_demo.egg-info/dependency_links.txt
writing top-level names to ros2_shm_demo.egg-info/top_level.txt
reading manifest file 'ros2_shm_demo.egg-info/SOURCES.txt'
writing manifest file 'ros2_shm_demo.egg-info/SOURCES.txt'
[ 97%] Built target ament_cmake_python_build_ros2_shm_demo_egg
[100%] [32m[1mLinking CXX executable iox_subscriber[0m
[100%] Built target iox_subscriber
-- Install configuration: ""
-- Installing: /home/melmaphother/ROS2/ros2_ws/install/ros2_shm_demo/share/ament_index/resource_index/rosidl_interfaces/ros2_shm_demo
-- Installing: /home/melmaphother/ROS2/ros2_ws/install/ros2_shm_demo/include/ros2_shm_demo/ros2_shm_demo
-- Installing: /home/melmaphother/ROS2/ros2_ws/install/ros2_shm_demo/include/ros2_shm_demo/ros2_shm_demo/msg
-- Installing: /home/melmaphother/ROS2/ros2_ws/install/ros2_shm_demo/include/ros2_shm_demo/ros2_shm_demo/msg/detail
-- Installing: /home/melmaphother/ROS2/ros2_ws/install/ros2_shm_demo/include/ros2_shm_demo/ros2_shm_demo/msg/detail/shm_topic__type_support.h
-- Installing: /home/melmaphother/ROS2/ros2_ws/install/ros2_shm_demo/include/ros2_shm_demo/ros2_shm_demo/msg/detail/shm_topic__functions.h
-- Installing: /home/melmaphother/ROS2/ros2_ws/install/ros2_shm_demo/include/ros2_shm_demo/ros2_shm_demo/msg/detail/shm_topic__struct.h
-- Installing: /home/melmaphother/ROS2/ros2_ws/install/ros2_shm_demo/include/ros2_shm_demo/ros2_shm_demo/msg/detail/shm_topic__functions.c
-- Installing: /home/melmaphother/ROS2/ros2_ws/install/ros2_shm_demo/include/ros2_shm_demo/ros2_shm_demo/msg/shm_topic.h
-- Installing: /home/melmaphother/ROS2/ros2_ws/install/ros2_shm_demo/include/ros2_shm_demo/ros2_shm_demo/msg/rosidl_generator_c__visibility_control.h
-- Installing: /home/melmaphother/ROS2/ros2_ws/install/ros2_shm_demo/share/ros2_shm_demo/environment/library_path.sh
-- Installing: /home/melmaphother/ROS2/ros2_ws/install/ros2_shm_demo/share/ros2_shm_demo/environment/library_path.dsv
-- Installing: /home/melmaphother/ROS2/ros2_ws/install/ros2_shm_demo/lib/libros2_shm_demo__rosidl_generator_c.so
-- Set runtime path of "/home/melmaphother/ROS2/ros2_ws/install/ros2_shm_demo/lib/libros2_shm_demo__rosidl_generator_c.so" to ""
-- Up-to-date: /home/melmaphother/ROS2/ros2_ws/install/ros2_shm_demo/include/ros2_shm_demo/ros2_shm_demo
-- Up-to-date: /home/melmaphother/ROS2/ros2_ws/install/ros2_shm_demo/include/ros2_shm_demo/ros2_shm_demo/msg
-- Up-to-date: /home/melmaphother/ROS2/ros2_ws/install/ros2_shm_demo/include/ros2_shm_demo/ros2_shm_demo/msg/detail
-- Installing: /home/melmaphother/ROS2/ros2_ws/install/ros2_shm_demo/include/ros2_shm_demo/ros2_shm_demo/msg/detail/shm_topic__rosidl_typesupport_fastrtps_c.h
-- Installing: /home/melmaphother/ROS2/ros2_ws/install/ros2_shm_demo/include/ros2_shm_demo/ros2_shm_demo/msg/rosidl_typesupport_fastrtps_c__visibility_control.h
-- Installing: /home/melmaphother/ROS2/ros2_ws/install/ros2_shm_demo/lib/libros2_shm_demo__rosidl_typesupport_fastrtps_c.so
-- Set runtime path of "/home/melmaphother/ROS2/ros2_ws/install/ros2_shm_demo/lib/libros2_shm_demo__rosidl_typesupport_fastrtps_c.so" to ""
-- Up-to-date: /home/melmaphother/ROS2/ros2_ws/install/ros2_shm_demo/include/ros2_shm_demo/ros2_shm_demo
-- Up-to-date: /home/melmaphother/ROS2/ros2_ws/install/ros2_shm_demo/include/ros2_shm_demo/ros2_shm_demo/msg
-- Up-to-date: /home/melmaphother/ROS2/ros2_ws/install/ros2_shm_demo/include/ros2_shm_demo/ros2_shm_demo/msg/detail
-- Installing: /home/melmaphother/ROS2/ros2_ws/install/ros2_shm_demo/include/ros2_shm_demo/ros2_shm_demo/msg/detail/shm_topic__rosidl_typesupport_introspection_c.h
-- Installing: /home/melmaphother/ROS2/ros2_ws/install/ros2_shm_demo/include/ros2_shm_demo/ros2_shm_demo/msg/detail/shm_topic__type_support.c
-- Installing: /home/melmaphother/ROS2/ros2_ws/install/ros2_shm_demo/include/ros2_shm_demo/ros2_shm_demo/msg/rosidl_typesupport_introspection_c__visibility_control.h
-- Installing: /home/melmaphother/ROS2/ros2_ws/install/ros2_shm_demo/lib/libros2_shm_demo__rosidl_typesupport_introspection_c.so
-- Set runtime path of "/home/melmaphother/ROS2/ros2_ws/install/ros2_shm_demo/lib/libros2_shm_demo__rosidl_typesupport_introspection_c.so" to ""
-- Installing: /home/melmaphother/ROS2/ros2_ws/install/ros2_shm_demo/lib/libros2_shm_demo__rosidl_typesupport_c.so
-- Set runtime path of "/home/melmaphother/ROS2/ros2_ws/install/ros2_shm_demo/lib/libros2_shm_demo__rosidl_typesupport_c.so" to ""
-- Up-to-date: /home/melmaphother/ROS2/ros2_ws/install/ros2_shm_demo/include/ros2_shm_demo/ros2_shm_demo
-- Up-to-date: /home/melmaphother/ROS2/ros2_ws/install/ros2_shm_demo/include/ros2_shm_demo/ros2_shm_demo/msg
-- Up-to-date: /home/melmaphother/ROS2/ros2_ws/install/ros2_shm_demo/include/ros2_shm_demo/ros2_shm_demo/msg/detail
-- Installing: /home/melmaphother/ROS2/ros2_ws/install/ros2_shm_demo/include/ros2_shm_demo/ros2_shm_demo/msg/detail/shm_topic__traits.hpp
-- Installing: /home/melmaphother/ROS2/ros2_ws/install/ros2_shm_demo/include/ros2_shm_demo/ros2_shm_demo/msg/detail/shm_topic__builder.hpp
-- Installing: /home/melmaphother/ROS2/ros2_ws/install/ros2_shm_demo/include/ros2_shm_demo/ros2_shm_demo/msg/detail/shm_topic__struct.hpp
-- Installing: /home/melmaphother/ROS2/ros2_ws/install/ros2_shm_demo/include/ros2_shm_demo/ros2_shm_demo/msg/shm_topic.hpp
-- Up-to-date: /home/melmaphother/ROS2/ros2_ws/install/ros2_shm_demo/include/ros2_shm_demo/ros2_shm_demo
-- Up-to-date: /home/melmaphother/ROS2/ros2_ws/install/ros2_shm_demo/include/ros2_shm_demo/ros2_shm_demo/msg
-- Up-to-date: /home/melmaphother/ROS2/ros2_ws/install/ros2_shm_demo/include/ros2_shm_demo/ros2_shm_demo/msg/detail
-- Installing: /home/melmaphother/ROS2/ros2_ws/install/ros2_shm_demo/include/ros2_shm_demo/ros2_shm_demo/msg/detail/shm_topic__rosidl_typesupport_fastrtps_cpp.hpp
-- Installing: /home/melmaphother/ROS2/ros2_ws/install/ros2_shm_demo/include/ros2_shm_demo/ros2_shm_demo/msg/detail/dds_fastrtps
-- Installing: /home/melmaphother/ROS2/ros2_ws/install/ros2_shm_demo/include/ros2_shm_demo/ros2_shm_demo/msg/rosidl_typesupport_fastrtps_cpp__visibility_control.h
-- Installing: /home/melmaphother/ROS2/ros2_ws/install/ros2_shm_demo/lib/libros2_shm_demo__rosidl_typesupport_fastrtps_cpp.so
-- Set runtime path of "/home/melmaphother/ROS2/ros2_ws/install/ros2_shm_demo/lib/libros2_shm_demo__rosidl_typesupport_fastrtps_cpp.so" to ""
-- Up-to-date: /home/melmaphother/ROS2/ros2_ws/install/ros2_shm_demo/include/ros2_shm_demo/ros2_shm_demo
-- Up-to-date: /home/melmaphother/ROS2/ros2_ws/install/ros2_shm_demo/include/ros2_shm_demo/ros2_shm_demo/msg
-- Up-to-date: /home/melmaphother/ROS2/ros2_ws/install/ros2_shm_demo/include/ros2_shm_demo/ros2_shm_demo/msg/detail
-- Installing: /home/melmaphother/ROS2/ros2_ws/install/ros2_shm_demo/include/ros2_shm_demo/ros2_shm_demo/msg/detail/shm_topic__type_support.cpp
-- Installing: /home/melmaphother/ROS2/ros2_ws/install/ros2_shm_demo/include/ros2_shm_demo/ros2_shm_demo/msg/detail/shm_topic__rosidl_typesupport_introspection_cpp.hpp
-- Installing: /home/melmaphother/ROS2/ros2_ws/install/ros2_shm_demo/lib/libros2_shm_demo__rosidl_typesupport_introspection_cpp.so
-- Set runtime path of "/home/melmaphother/ROS2/ros2_ws/install/ros2_shm_demo/lib/libros2_shm_demo__rosidl_typesupport_introspection_cpp.so" to ""
-- Installing: /home/melmaphother/ROS2/ros2_ws/install/ros2_shm_demo/lib/libros2_shm_demo__rosidl_typesupport_cpp.so
-- Set runtime path of "/home/melmaphother/ROS2/ros2_ws/install/ros2_shm_demo/lib/libros2_shm_demo__rosidl_typesupport_cpp.so" to ""
-- Installing: /home/melmaphother/ROS2/ros2_ws/install/ros2_shm_demo/share/ros2_shm_demo/environment/pythonpath.sh
-- Installing: /home/melmaphother/ROS2/ros2_ws/install/ros2_shm_demo/share/ros2_shm_demo/environment/pythonpath.dsv
-- Installing: /home/melmaphother/ROS2/ros2_ws/install/ros2_shm_demo/local/lib/python3.10/dist-packages/ros2_shm_demo-0.14.3-py3.10.egg-info
-- Installing: /home/melmaphother/ROS2/ros2_ws/install/ros2_shm_demo/local/lib/python3.10/dist-packages/ros2_shm_demo-0.14.3-py3.10.egg-info/SOURCES.txt
-- Installing: /home/melmaphother/ROS2/ros2_ws/install/ros2_shm_demo/local/lib/python3.10/dist-packages/ros2_shm_demo-0.14.3-py3.10.egg-info/PKG-INFO
-- Installing: /home/melmaphother/ROS2/ros2_ws/install/ros2_shm_demo/local/lib/python3.10/dist-packages/ros2_shm_demo-0.14.3-py3.10.egg-info/top_level.txt
-- Installing: /home/melmaphother/ROS2/ros2_ws/install/ros2_shm_demo/local/lib/python3.10/dist-packages/ros2_shm_demo-0.14.3-py3.10.egg-info/dependency_links.txt
-- Installing: /home/melmaphother/ROS2/ros2_ws/install/ros2_shm_demo/local/lib/python3.10/dist-packages/ros2_shm_demo
-- Installing: /home/melmaphother/ROS2/ros2_ws/install/ros2_shm_demo/local/lib/python3.10/dist-packages/ros2_shm_demo/libros2_shm_demo__rosidl_generator_py.so
-- Installing: /home/melmaphother/ROS2/ros2_ws/install/ros2_shm_demo/local/lib/python3.10/dist-packages/ros2_shm_demo/__init__.py
-- Installing: /home/melmaphother/ROS2/ros2_ws/install/ros2_shm_demo/local/lib/python3.10/dist-packages/ros2_shm_demo/ros2_shm_demo_s__rosidl_typesupport_fastrtps_c.cpython-310-x86_64-linux-gnu.so
-- Installing: /home/melmaphother/ROS2/ros2_ws/install/ros2_shm_demo/local/lib/python3.10/dist-packages/ros2_shm_demo/ros2_shm_demo_s__rosidl_typesupport_c.cpython-310-x86_64-linux-gnu.so
-- Installing: /home/melmaphother/ROS2/ros2_ws/install/ros2_shm_demo/local/lib/python3.10/dist-packages/ros2_shm_demo/_ros2_shm_demo_s.ep.rosidl_typesupport_c.c
-- Installing: /home/melmaphother/ROS2/ros2_ws/install/ros2_shm_demo/local/lib/python3.10/dist-packages/ros2_shm_demo/msg
-- Installing: /home/melmaphother/ROS2/ros2_ws/install/ros2_shm_demo/local/lib/python3.10/dist-packages/ros2_shm_demo/msg/_shm_topic_s.c
-- Installing: /home/melmaphother/ROS2/ros2_ws/install/ros2_shm_demo/local/lib/python3.10/dist-packages/ros2_shm_demo/msg/__init__.py
-- Installing: /home/melmaphother/ROS2/ros2_ws/install/ros2_shm_demo/local/lib/python3.10/dist-packages/ros2_shm_demo/msg/_shm_topic.py
-- Installing: /home/melmaphother/ROS2/ros2_ws/install/ros2_shm_demo/local/lib/python3.10/dist-packages/ros2_shm_demo/_ros2_shm_demo_s.ep.rosidl_typesupport_introspection_c.c
-- Installing: /home/melmaphother/ROS2/ros2_ws/install/ros2_shm_demo/local/lib/python3.10/dist-packages/ros2_shm_demo/_ros2_shm_demo_s.ep.rosidl_typesupport_fastrtps_c.c
-- Installing: /home/melmaphother/ROS2/ros2_ws/install/ros2_shm_demo/local/lib/python3.10/dist-packages/ros2_shm_demo/ros2_shm_demo_s__rosidl_typesupport_introspection_c.cpython-310-x86_64-linux-gnu.so
Listing '/home/melmaphother/ROS2/ros2_ws/install/ros2_shm_demo/local/lib/python3.10/dist-packages/ros2_shm_demo'...
Compiling '/home/melmaphother/ROS2/ros2_ws/install/ros2_shm_demo/local/lib/python3.10/dist-packages/ros2_shm_demo/__init__.py'...
Listing '/home/melmaphother/ROS2/ros2_ws/install/ros2_shm_demo/local/lib/python3.10/dist-packages/ros2_shm_demo/msg'...
Compiling '/home/melmaphother/ROS2/ros2_ws/install/ros2_shm_demo/local/lib/python3.10/dist-packages/ros2_shm_demo/msg/__init__.py'...
Compiling '/home/melmaphother/ROS2/ros2_ws/install/ros2_shm_demo/local/lib/python3.10/dist-packages/ros2_shm_demo/msg/_shm_topic.py'...
-- Installing: /home/melmaphother/ROS2/ros2_ws/install/ros2_shm_demo/local/lib/python3.10/dist-packages/ros2_shm_demo/ros2_shm_demo_s__rosidl_typesupport_fastrtps_c.cpython-310-x86_64-linux-gnu.so
-- Set runtime path of "/home/melmaphother/ROS2/ros2_ws/install/ros2_shm_demo/local/lib/python3.10/dist-packages/ros2_shm_demo/ros2_shm_demo_s__rosidl_typesupport_fastrtps_c.cpython-310-x86_64-linux-gnu.so" to ""
-- Installing: /home/melmaphother/ROS2/ros2_ws/install/ros2_shm_demo/local/lib/python3.10/dist-packages/ros2_shm_demo/ros2_shm_demo_s__rosidl_typesupport_introspection_c.cpython-310-x86_64-linux-gnu.so
-- Set runtime path of "/home/melmaphother/ROS2/ros2_ws/install/ros2_shm_demo/local/lib/python3.10/dist-packages/ros2_shm_demo/ros2_shm_demo_s__rosidl_typesupport_introspection_c.cpython-310-x86_64-linux-gnu.so" to ""
-- Installing: /home/melmaphother/ROS2/ros2_ws/install/ros2_shm_demo/local/lib/python3.10/dist-packages/ros2_shm_demo/ros2_shm_demo_s__rosidl_typesupport_c.cpython-310-x86_64-linux-gnu.so
-- Set runtime path of "/home/melmaphother/ROS2/ros2_ws/install/ros2_shm_demo/local/lib/python3.10/dist-packages/ros2_shm_demo/ros2_shm_demo_s__rosidl_typesupport_c.cpython-310-x86_64-linux-gnu.so" to ""
-- Installing: /home/melmaphother/ROS2/ros2_ws/install/ros2_shm_demo/lib/libros2_shm_demo__rosidl_generator_py.so
-- Set runtime path of "/home/melmaphother/ROS2/ros2_ws/install/ros2_shm_demo/lib/libros2_shm_demo__rosidl_generator_py.so" to ""
-- Installing: /home/melmaphother/ROS2/ros2_ws/install/ros2_shm_demo/share/ros2_shm_demo/msg/ShmTopic.idl
-- Installing: /home/melmaphother/ROS2/ros2_ws/install/ros2_shm_demo/share/ros2_shm_demo/msg/ShmTopic.msg
-- Installing: /home/melmaphother/ROS2/ros2_ws/install/ros2_shm_demo/lib/ros2_shm_demo/talker
-- Set runtime path of "/home/melmaphother/ROS2/ros2_ws/install/ros2_shm_demo/lib/ros2_shm_demo/talker" to ""
-- Installing: /home/melmaphother/ROS2/ros2_ws/install/ros2_shm_demo/lib/ros2_shm_demo/listener
-- Set runtime path of "/home/melmaphother/ROS2/ros2_ws/install/ros2_shm_demo/lib/ros2_shm_demo/listener" to ""
-- Installing: /home/melmaphother/ROS2/ros2_ws/install/ros2_shm_demo/lib/ros2_shm_demo/iox_subscriber
-- Set runtime path of "/home/melmaphother/ROS2/ros2_ws/install/ros2_shm_demo/lib/ros2_shm_demo/iox_subscriber" to ""
-- Installing: /home/melmaphother/ROS2/ros2_ws/install/ros2_shm_demo/share/ament_index/resource_index/package_run_dependencies/ros2_shm_demo
-- Installing: /home/melmaphother/ROS2/ros2_ws/install/ros2_shm_demo/share/ament_index/resource_index/parent_prefix_path/ros2_shm_demo
-- Installing: /home/melmaphother/ROS2/ros2_ws/install/ros2_shm_demo/share/ros2_shm_demo/environment/ament_prefix_path.sh
-- Installing: /home/melmaphother/ROS2/ros2_ws/install/ros2_shm_demo/share/ros2_shm_demo/environment/ament_prefix_path.dsv
-- Installing: /home/melmaphother/ROS2/ros2_ws/install/ros2_shm_demo/share/ros2_shm_demo/environment/path.sh
-- Installing: /home/melmaphother/ROS2/ros2_ws/install/ros2_shm_demo/share/ros2_shm_demo/environment/path.dsv
-- Installing: /home/melmaphother/ROS2/ros2_ws/install/ros2_shm_demo/share/ros2_shm_demo/local_setup.bash
-- Installing: /home/melmaphother/ROS2/ros2_ws/install/ros2_shm_demo/share/ros2_shm_demo/local_setup.sh
-- Installing: /home/melmaphother/ROS2/ros2_ws/install/ros2_shm_demo/share/ros2_shm_demo/local_setup.zsh
-- Installing: /home/melmaphother/ROS2/ros2_ws/install/ros2_shm_demo/share/ros2_shm_demo/local_setup.dsv
-- Installing: /home/melmaphother/ROS2/ros2_ws/install/ros2_shm_demo/share/ros2_shm_demo/package.dsv
-- Installing: /home/melmaphother/ROS2/ros2_ws/install/ros2_shm_demo/share/ament_index/resource_index/packages/ros2_shm_demo
-- Installing: /home/melmaphother/ROS2/ros2_ws/install/ros2_shm_demo/share/ros2_shm_demo/cmake/export_ros2_shm_demo__rosidl_generator_cExport.cmake
-- Installing: /home/melmaphother/ROS2/ros2_ws/install/ros2_shm_demo/share/ros2_shm_demo/cmake/export_ros2_shm_demo__rosidl_generator_cExport-noconfig.cmake
-- Installing: /home/melmaphother/ROS2/ros2_ws/install/ros2_shm_demo/share/ros2_shm_demo/cmake/export_ros2_shm_demo__rosidl_typesupport_fastrtps_cExport.cmake
-- Installing: /home/melmaphother/ROS2/ros2_ws/install/ros2_shm_demo/share/ros2_shm_demo/cmake/export_ros2_shm_demo__rosidl_typesupport_fastrtps_cExport-noconfig.cmake
-- Installing: /home/melmaphother/ROS2/ros2_ws/install/ros2_shm_demo/share/ros2_shm_demo/cmake/ros2_shm_demo__rosidl_typesupport_introspection_cExport.cmake
-- Installing: /home/melmaphother/ROS2/ros2_ws/install/ros2_shm_demo/share/ros2_shm_demo/cmake/ros2_shm_demo__rosidl_typesupport_introspection_cExport-noconfig.cmake
-- Installing: /home/melmaphother/ROS2/ros2_ws/install/ros2_shm_demo/share/ros2_shm_demo/cmake/ros2_shm_demo__rosidl_typesupport_cExport.cmake
-- Installing: /home/melmaphother/ROS2/ros2_ws/install/ros2_shm_demo/share/ros2_shm_demo/cmake/ros2_shm_demo__rosidl_typesupport_cExport-noconfig.cmake
-- Installing: /home/melmaphother/ROS2/ros2_ws/install/ros2_shm_demo/share/ros2_shm_demo/cmake/export_ros2_shm_demo__rosidl_generator_cppExport.cmake
-- Installing: /home/melmaphother/ROS2/ros2_ws/install/ros2_shm_demo/share/ros2_shm_demo/cmake/export_ros2_shm_demo__rosidl_typesupport_fastrtps_cppExport.cmake
-- Installing: /home/melmaphother/ROS2/ros2_ws/install/ros2_shm_demo/share/ros2_shm_demo/cmake/export_ros2_shm_demo__rosidl_typesupport_fastrtps_cppExport-noconfig.cmake
-- Installing: /home/melmaphother/ROS2/ros2_ws/install/ros2_shm_demo/share/ros2_shm_demo/cmake/ros2_shm_demo__rosidl_typesupport_introspection_cppExport.cmake
-- Installing: /home/melmaphother/ROS2/ros2_ws/install/ros2_shm_demo/share/ros2_shm_demo/cmake/ros2_shm_demo__rosidl_typesupport_introspection_cppExport-noconfig.cmake
-- Installing: /home/melmaphother/ROS2/ros2_ws/install/ros2_shm_demo/share/ros2_shm_demo/cmake/ros2_shm_demo__rosidl_typesupport_cppExport.cmake
-- Installing: /home/melmaphother/ROS2/ros2_ws/install/ros2_shm_demo/share/ros2_shm_demo/cmake/ros2_shm_demo__rosidl_typesupport_cppExport-noconfig.cmake
-- Installing: /home/melmaphother/ROS2/ros2_ws/install/ros2_shm_demo/share/ros2_shm_demo/cmake/export_ros2_shm_demo__rosidl_generator_pyExport.cmake
-- Installing: /home/melmaphother/ROS2/ros2_ws/install/ros2_shm_demo/share/ros2_shm_demo/cmake/export_ros2_shm_demo__rosidl_generator_pyExport-noconfig.cmake
-- Installing: /home/melmaphother/ROS2/ros2_ws/install/ros2_shm_demo/share/ros2_shm_demo/cmake/rosidl_cmake-extras.cmake
-- Installing: /home/melmaphother/ROS2/ros2_ws/install/ros2_shm_demo/share/ros2_shm_demo/cmake/ament_cmake_export_include_directories-extras.cmake
-- Installing: /home/melmaphother/ROS2/ros2_ws/install/ros2_shm_demo/share/ros2_shm_demo/cmake/ament_cmake_export_libraries-extras.cmake
-- Installing: /home/melmaphother/ROS2/ros2_ws/install/ros2_shm_demo/share/ros2_shm_demo/cmake/ament_cmake_export_targets-extras.cmake
-- Installing: /home/melmaphother/ROS2/ros2_ws/install/ros2_shm_demo/share/ros2_shm_demo/cmake/rosidl_cmake_export_typesupport_targets-extras.cmake
-- Installing: /home/melmaphother/ROS2/ros2_ws/install/ros2_shm_demo/share/ros2_shm_demo/cmake/ament_cmake_export_dependencies-extras.cmake
-- Installing: /home/melmaphother/ROS2/ros2_ws/install/ros2_shm_demo/share/ros2_shm_demo/cmake/rosidl_cmake_export_typesupport_libraries-extras.cmake
-- Installing: /home/melmaphother/ROS2/ros2_ws/install/ros2_shm_demo/share/ros2_shm_demo/cmake/ros2_shm_demoConfig.cmake
-- Installing: /home/melmaphother/ROS2/ros2_ws/install/ros2_shm_demo/share/ros2_shm_demo/cmake/ros2_shm_demoConfig-version.cmake
-- Installing: /home/melmaphother/ROS2/ros2_ws/install/ros2_shm_demo/share/ros2_shm_demo/package.xml
