[0.007s] Invoking command in '/home/melmaphother/ROS2/ros2_ws/build/ros2_shm_demo': CMAKE_PREFIX_PATH=/opt/ros/humble /usr/bin/cmake --build /home/melmaphother/ROS2/ros2_ws/build/ros2_shm_demo -- -j20 -l20
[0.040s] [  8%] Built target ros2_shm_demo__cpp
[0.040s] [ 10%] Built target ros2_shm_demo__rosidl_generator_c
[0.049s] [ 10%] Built target ament_cmake_python_copy_ros2_shm_demo
[0.057s] [ 18%] Built target ros2_shm_demo__rosidl_typesupport_cpp
[0.057s] [ 32%] Built target ros2_shm_demo__rosidl_typesupport_fastrtps_c
[0.057s] [ 35%] Built target ros2_shm_demo__rosidl_typesupport_introspection_c
[0.058s] [ 43%] Built target ros2_shm_demo__rosidl_typesupport_fastrtps_cpp
[0.058s] [ 51%] Built target ros2_shm_demo__rosidl_typesupport_introspection_cpp
[0.059s] [ 59%] Built target ros2_shm_demo__rosidl_typesupport_c
[0.070s] [ 59%] Built target ros2_shm_demo
[0.076s] [35m[1mConsolidate compiler generated dependencies of target iox_subscriber[0m
[0.081s] [ 62%] Built target ros2_shm_demo__py
[0.083s] [ 67%] Built target talker
[0.083s] [ 72%] Built target listener
[0.085s] [ 75%] [32mBuilding CXX object CMakeFiles/iox_subscriber.dir/src/iox_subscriber.cpp.o[0m
[0.086s] [35m[1mConsolidate compiler generated dependencies of target ros2_shm_demo__rosidl_generator_py[0m
[0.093s] [ 81%] Built target ros2_shm_demo__rosidl_generator_py
[0.098s] [35m[1mConsolidate compiler generated dependencies of target ros2_shm_demo__rosidl_typesupport_fastrtps_c__pyext[0m
[0.098s] [35m[1mConsolidate compiler generated dependencies of target ros2_shm_demo__rosidl_typesupport_c__pyext[0m
[0.099s] [35m[1mConsolidate compiler generated dependencies of target ros2_shm_demo__rosidl_typesupport_introspection_c__pyext[0m
[0.105s] [ 86%] Built target ros2_shm_demo__rosidl_typesupport_introspection_c__pyext
[0.105s] [ 91%] Built target ros2_shm_demo__rosidl_typesupport_c__pyext
[0.105s] [ 97%] Built target ros2_shm_demo__rosidl_typesupport_fastrtps_c__pyext
[0.195s] running egg_info
[0.196s] writing ros2_shm_demo.egg-info/PKG-INFO
[0.196s] writing dependency_links to ros2_shm_demo.egg-info/dependency_links.txt
[0.196s] writing top-level names to ros2_shm_demo.egg-info/top_level.txt
[0.197s] reading manifest file 'ros2_shm_demo.egg-info/SOURCES.txt'
[0.197s] writing manifest file 'ros2_shm_demo.egg-info/SOURCES.txt'
[0.213s] [ 97%] Built target ament_cmake_python_build_ros2_shm_demo_egg
[0.695s] [100%] [32m[1mLinking CXX executable iox_subscriber[0m
[0.761s] [100%] Built target iox_subscriber
[0.768s] Invoked command in '/home/melmaphother/ROS2/ros2_ws/build/ros2_shm_demo' returned '0': CMAKE_PREFIX_PATH=/opt/ros/humble /usr/bin/cmake --build /home/melmaphother/ROS2/ros2_ws/build/ros2_shm_demo -- -j20 -l20
[0.823s] Invoking command in '/home/melmaphother/ROS2/ros2_ws/build/ros2_shm_demo': CMAKE_PREFIX_PATH=/opt/ros/humble /usr/bin/cmake --install /home/melmaphother/ROS2/ros2_ws/build/ros2_shm_demo
[0.829s] -- Install configuration: ""
[0.829s] -- Installing: /home/melmaphother/ROS2/ros2_ws/install/ros2_shm_demo/share/ament_index/resource_index/rosidl_interfaces/ros2_shm_demo
[0.829s] -- Installing: /home/melmaphother/ROS2/ros2_ws/install/ros2_shm_demo/include/ros2_shm_demo/ros2_shm_demo
[0.829s] -- Installing: /home/melmaphother/ROS2/ros2_ws/install/ros2_shm_demo/include/ros2_shm_demo/ros2_shm_demo/msg
[0.829s] -- Installing: /home/melmaphother/ROS2/ros2_ws/install/ros2_shm_demo/include/ros2_shm_demo/ros2_shm_demo/msg/detail
[0.829s] -- Installing: /home/melmaphother/ROS2/ros2_ws/install/ros2_shm_demo/include/ros2_shm_demo/ros2_shm_demo/msg/detail/shm_topic__type_support.h
[0.829s] -- Installing: /home/melmaphother/ROS2/ros2_ws/install/ros2_shm_demo/include/ros2_shm_demo/ros2_shm_demo/msg/detail/shm_topic__functions.h
[0.829s] -- Installing: /home/melmaphother/ROS2/ros2_ws/install/ros2_shm_demo/include/ros2_shm_demo/ros2_shm_demo/msg/detail/shm_topic__struct.h
[0.829s] -- Installing: /home/melmaphother/ROS2/ros2_ws/install/ros2_shm_demo/include/ros2_shm_demo/ros2_shm_demo/msg/detail/shm_topic__functions.c
[0.829s] -- Installing: /home/melmaphother/ROS2/ros2_ws/install/ros2_shm_demo/include/ros2_shm_demo/ros2_shm_demo/msg/shm_topic.h
[0.830s] -- Installing: /home/melmaphother/ROS2/ros2_ws/install/ros2_shm_demo/include/ros2_shm_demo/ros2_shm_demo/msg/rosidl_generator_c__visibility_control.h
[0.830s] -- Installing: /home/melmaphother/ROS2/ros2_ws/install/ros2_shm_demo/share/ros2_shm_demo/environment/library_path.sh
[0.830s] -- Installing: /home/melmaphother/ROS2/ros2_ws/install/ros2_shm_demo/share/ros2_shm_demo/environment/library_path.dsv
[0.830s] -- Installing: /home/melmaphother/ROS2/ros2_ws/install/ros2_shm_demo/lib/libros2_shm_demo__rosidl_generator_c.so
[0.830s] -- Set runtime path of "/home/melmaphother/ROS2/ros2_ws/install/ros2_shm_demo/lib/libros2_shm_demo__rosidl_generator_c.so" to ""
[0.830s] -- Up-to-date: /home/melmaphother/ROS2/ros2_ws/install/ros2_shm_demo/include/ros2_shm_demo/ros2_shm_demo
[0.830s] -- Up-to-date: /home/melmaphother/ROS2/ros2_ws/install/ros2_shm_demo/include/ros2_shm_demo/ros2_shm_demo/msg
[0.830s] -- Up-to-date: /home/melmaphother/ROS2/ros2_ws/install/ros2_shm_demo/include/ros2_shm_demo/ros2_shm_demo/msg/detail
[0.830s] -- Installing: /home/melmaphother/ROS2/ros2_ws/install/ros2_shm_demo/include/ros2_shm_demo/ros2_shm_demo/msg/detail/shm_topic__rosidl_typesupport_fastrtps_c.h
[0.830s] -- Installing: /home/melmaphother/ROS2/ros2_ws/install/ros2_shm_demo/include/ros2_shm_demo/ros2_shm_demo/msg/rosidl_typesupport_fastrtps_c__visibility_control.h
[0.830s] -- Installing: /home/melmaphother/ROS2/ros2_ws/install/ros2_shm_demo/lib/libros2_shm_demo__rosidl_typesupport_fastrtps_c.so
[0.830s] -- Set runtime path of "/home/melmaphother/ROS2/ros2_ws/install/ros2_shm_demo/lib/libros2_shm_demo__rosidl_typesupport_fastrtps_c.so" to ""
[0.830s] -- Up-to-date: /home/melmaphother/ROS2/ros2_ws/install/ros2_shm_demo/include/ros2_shm_demo/ros2_shm_demo
[0.830s] -- Up-to-date: /home/melmaphother/ROS2/ros2_ws/install/ros2_shm_demo/include/ros2_shm_demo/ros2_shm_demo/msg
[0.830s] -- Up-to-date: /home/melmaphother/ROS2/ros2_ws/install/ros2_shm_demo/include/ros2_shm_demo/ros2_shm_demo/msg/detail
[0.830s] -- Installing: /home/melmaphother/ROS2/ros2_ws/install/ros2_shm_demo/include/ros2_shm_demo/ros2_shm_demo/msg/detail/shm_topic__rosidl_typesupport_introspection_c.h
[0.830s] -- Installing: /home/melmaphother/ROS2/ros2_ws/install/ros2_shm_demo/include/ros2_shm_demo/ros2_shm_demo/msg/detail/shm_topic__type_support.c
[0.830s] -- Installing: /home/melmaphother/ROS2/ros2_ws/install/ros2_shm_demo/include/ros2_shm_demo/ros2_shm_demo/msg/rosidl_typesupport_introspection_c__visibility_control.h
[0.830s] -- Installing: /home/melmaphother/ROS2/ros2_ws/install/ros2_shm_demo/lib/libros2_shm_demo__rosidl_typesupport_introspection_c.so
[0.831s] -- Set runtime path of "/home/melmaphother/ROS2/ros2_ws/install/ros2_shm_demo/lib/libros2_shm_demo__rosidl_typesupport_introspection_c.so" to ""
[0.831s] -- Installing: /home/melmaphother/ROS2/ros2_ws/install/ros2_shm_demo/lib/libros2_shm_demo__rosidl_typesupport_c.so
[0.831s] -- Set runtime path of "/home/melmaphother/ROS2/ros2_ws/install/ros2_shm_demo/lib/libros2_shm_demo__rosidl_typesupport_c.so" to ""
[0.831s] -- Up-to-date: /home/melmaphother/ROS2/ros2_ws/install/ros2_shm_demo/include/ros2_shm_demo/ros2_shm_demo
[0.831s] -- Up-to-date: /home/melmaphother/ROS2/ros2_ws/install/ros2_shm_demo/include/ros2_shm_demo/ros2_shm_demo/msg
[0.831s] -- Up-to-date: /home/melmaphother/ROS2/ros2_ws/install/ros2_shm_demo/include/ros2_shm_demo/ros2_shm_demo/msg/detail
[0.831s] -- Installing: /home/melmaphother/ROS2/ros2_ws/install/ros2_shm_demo/include/ros2_shm_demo/ros2_shm_demo/msg/detail/shm_topic__traits.hpp
[0.831s] -- Installing: /home/melmaphother/ROS2/ros2_ws/install/ros2_shm_demo/include/ros2_shm_demo/ros2_shm_demo/msg/detail/shm_topic__builder.hpp
[0.831s] -- Installing: /home/melmaphother/ROS2/ros2_ws/install/ros2_shm_demo/include/ros2_shm_demo/ros2_shm_demo/msg/detail/shm_topic__struct.hpp
[0.831s] -- Installing: /home/melmaphother/ROS2/ros2_ws/install/ros2_shm_demo/include/ros2_shm_demo/ros2_shm_demo/msg/shm_topic.hpp
[0.831s] -- Up-to-date: /home/melmaphother/ROS2/ros2_ws/install/ros2_shm_demo/include/ros2_shm_demo/ros2_shm_demo
[0.831s] -- Up-to-date: /home/melmaphother/ROS2/ros2_ws/install/ros2_shm_demo/include/ros2_shm_demo/ros2_shm_demo/msg
[0.831s] -- Up-to-date: /home/melmaphother/ROS2/ros2_ws/install/ros2_shm_demo/include/ros2_shm_demo/ros2_shm_demo/msg/detail
[0.831s] -- Installing: /home/melmaphother/ROS2/ros2_ws/install/ros2_shm_demo/include/ros2_shm_demo/ros2_shm_demo/msg/detail/shm_topic__rosidl_typesupport_fastrtps_cpp.hpp
[0.831s] -- Installing: /home/melmaphother/ROS2/ros2_ws/install/ros2_shm_demo/include/ros2_shm_demo/ros2_shm_demo/msg/detail/dds_fastrtps
[0.831s] -- Installing: /home/melmaphother/ROS2/ros2_ws/install/ros2_shm_demo/include/ros2_shm_demo/ros2_shm_demo/msg/rosidl_typesupport_fastrtps_cpp__visibility_control.h
[0.831s] -- Installing: /home/melmaphother/ROS2/ros2_ws/install/ros2_shm_demo/lib/libros2_shm_demo__rosidl_typesupport_fastrtps_cpp.so
[0.831s] -- Set runtime path of "/home/melmaphother/ROS2/ros2_ws/install/ros2_shm_demo/lib/libros2_shm_demo__rosidl_typesupport_fastrtps_cpp.so" to ""
[0.831s] -- Up-to-date: /home/melmaphother/ROS2/ros2_ws/install/ros2_shm_demo/include/ros2_shm_demo/ros2_shm_demo
[0.831s] -- Up-to-date: /home/melmaphother/ROS2/ros2_ws/install/ros2_shm_demo/include/ros2_shm_demo/ros2_shm_demo/msg
[0.831s] -- Up-to-date: /home/melmaphother/ROS2/ros2_ws/install/ros2_shm_demo/include/ros2_shm_demo/ros2_shm_demo/msg/detail
[0.832s] -- Installing: /home/melmaphother/ROS2/ros2_ws/install/ros2_shm_demo/include/ros2_shm_demo/ros2_shm_demo/msg/detail/shm_topic__type_support.cpp
[0.832s] -- Installing: /home/melmaphother/ROS2/ros2_ws/install/ros2_shm_demo/include/ros2_shm_demo/ros2_shm_demo/msg/detail/shm_topic__rosidl_typesupport_introspection_cpp.hpp
[0.832s] -- Installing: /home/melmaphother/ROS2/ros2_ws/install/ros2_shm_demo/lib/libros2_shm_demo__rosidl_typesupport_introspection_cpp.so
[0.832s] -- Set runtime path of "/home/melmaphother/ROS2/ros2_ws/install/ros2_shm_demo/lib/libros2_shm_demo__rosidl_typesupport_introspection_cpp.so" to ""
[0.832s] -- Installing: /home/melmaphother/ROS2/ros2_ws/install/ros2_shm_demo/lib/libros2_shm_demo__rosidl_typesupport_cpp.so
[0.832s] -- Set runtime path of "/home/melmaphother/ROS2/ros2_ws/install/ros2_shm_demo/lib/libros2_shm_demo__rosidl_typesupport_cpp.so" to ""
[0.832s] -- Installing: /home/melmaphother/ROS2/ros2_ws/install/ros2_shm_demo/share/ros2_shm_demo/environment/pythonpath.sh
[0.832s] -- Installing: /home/melmaphother/ROS2/ros2_ws/install/ros2_shm_demo/share/ros2_shm_demo/environment/pythonpath.dsv
[0.832s] -- Installing: /home/melmaphother/ROS2/ros2_ws/install/ros2_shm_demo/local/lib/python3.10/dist-packages/ros2_shm_demo-0.14.3-py3.10.egg-info
[0.832s] -- Installing: /home/melmaphother/ROS2/ros2_ws/install/ros2_shm_demo/local/lib/python3.10/dist-packages/ros2_shm_demo-0.14.3-py3.10.egg-info/SOURCES.txt
[0.832s] -- Installing: /home/melmaphother/ROS2/ros2_ws/install/ros2_shm_demo/local/lib/python3.10/dist-packages/ros2_shm_demo-0.14.3-py3.10.egg-info/PKG-INFO
[0.832s] -- Installing: /home/melmaphother/ROS2/ros2_ws/install/ros2_shm_demo/local/lib/python3.10/dist-packages/ros2_shm_demo-0.14.3-py3.10.egg-info/top_level.txt
[0.832s] -- Installing: /home/melmaphother/ROS2/ros2_ws/install/ros2_shm_demo/local/lib/python3.10/dist-packages/ros2_shm_demo-0.14.3-py3.10.egg-info/dependency_links.txt
[0.832s] -- Installing: /home/melmaphother/ROS2/ros2_ws/install/ros2_shm_demo/local/lib/python3.10/dist-packages/ros2_shm_demo
[0.832s] -- Installing: /home/melmaphother/ROS2/ros2_ws/install/ros2_shm_demo/local/lib/python3.10/dist-packages/ros2_shm_demo/libros2_shm_demo__rosidl_generator_py.so
[0.832s] -- Installing: /home/melmaphother/ROS2/ros2_ws/install/ros2_shm_demo/local/lib/python3.10/dist-packages/ros2_shm_demo/__init__.py
[0.832s] -- Installing: /home/melmaphother/ROS2/ros2_ws/install/ros2_shm_demo/local/lib/python3.10/dist-packages/ros2_shm_demo/ros2_shm_demo_s__rosidl_typesupport_fastrtps_c.cpython-310-x86_64-linux-gnu.so
[0.832s] -- Installing: /home/melmaphother/ROS2/ros2_ws/install/ros2_shm_demo/local/lib/python3.10/dist-packages/ros2_shm_demo/ros2_shm_demo_s__rosidl_typesupport_c.cpython-310-x86_64-linux-gnu.so
[0.832s] -- Installing: /home/melmaphother/ROS2/ros2_ws/install/ros2_shm_demo/local/lib/python3.10/dist-packages/ros2_shm_demo/_ros2_shm_demo_s.ep.rosidl_typesupport_c.c
[0.832s] -- Installing: /home/melmaphother/ROS2/ros2_ws/install/ros2_shm_demo/local/lib/python3.10/dist-packages/ros2_shm_demo/msg
[0.832s] -- Installing: /home/melmaphother/ROS2/ros2_ws/install/ros2_shm_demo/local/lib/python3.10/dist-packages/ros2_shm_demo/msg/_shm_topic_s.c
[0.833s] -- Installing: /home/melmaphother/ROS2/ros2_ws/install/ros2_shm_demo/local/lib/python3.10/dist-packages/ros2_shm_demo/msg/__init__.py
[0.833s] -- Installing: /home/melmaphother/ROS2/ros2_ws/install/ros2_shm_demo/local/lib/python3.10/dist-packages/ros2_shm_demo/msg/_shm_topic.py
[0.833s] -- Installing: /home/melmaphother/ROS2/ros2_ws/install/ros2_shm_demo/local/lib/python3.10/dist-packages/ros2_shm_demo/_ros2_shm_demo_s.ep.rosidl_typesupport_introspection_c.c
[0.833s] -- Installing: /home/melmaphother/ROS2/ros2_ws/install/ros2_shm_demo/local/lib/python3.10/dist-packages/ros2_shm_demo/_ros2_shm_demo_s.ep.rosidl_typesupport_fastrtps_c.c
[0.833s] -- Installing: /home/melmaphother/ROS2/ros2_ws/install/ros2_shm_demo/local/lib/python3.10/dist-packages/ros2_shm_demo/ros2_shm_demo_s__rosidl_typesupport_introspection_c.cpython-310-x86_64-linux-gnu.so
[0.858s] Listing '/home/melmaphother/ROS2/ros2_ws/install/ros2_shm_demo/local/lib/python3.10/dist-packages/ros2_shm_demo'...
[0.858s] Compiling '/home/melmaphother/ROS2/ros2_ws/install/ros2_shm_demo/local/lib/python3.10/dist-packages/ros2_shm_demo/__init__.py'...
[0.858s] Listing '/home/melmaphother/ROS2/ros2_ws/install/ros2_shm_demo/local/lib/python3.10/dist-packages/ros2_shm_demo/msg'...
[0.858s] Compiling '/home/melmaphother/ROS2/ros2_ws/install/ros2_shm_demo/local/lib/python3.10/dist-packages/ros2_shm_demo/msg/__init__.py'...
[0.858s] Compiling '/home/melmaphother/ROS2/ros2_ws/install/ros2_shm_demo/local/lib/python3.10/dist-packages/ros2_shm_demo/msg/_shm_topic.py'...
[0.861s] -- Installing: /home/melmaphother/ROS2/ros2_ws/install/ros2_shm_demo/local/lib/python3.10/dist-packages/ros2_shm_demo/ros2_shm_demo_s__rosidl_typesupport_fastrtps_c.cpython-310-x86_64-linux-gnu.so
[0.861s] -- Set runtime path of "/home/melmaphother/ROS2/ros2_ws/install/ros2_shm_demo/local/lib/python3.10/dist-packages/ros2_shm_demo/ros2_shm_demo_s__rosidl_typesupport_fastrtps_c.cpython-310-x86_64-linux-gnu.so" to ""
[0.861s] -- Installing: /home/melmaphother/ROS2/ros2_ws/install/ros2_shm_demo/local/lib/python3.10/dist-packages/ros2_shm_demo/ros2_shm_demo_s__rosidl_typesupport_introspection_c.cpython-310-x86_64-linux-gnu.so
[0.861s] -- Set runtime path of "/home/melmaphother/ROS2/ros2_ws/install/ros2_shm_demo/local/lib/python3.10/dist-packages/ros2_shm_demo/ros2_shm_demo_s__rosidl_typesupport_introspection_c.cpython-310-x86_64-linux-gnu.so" to ""
[0.861s] -- Installing: /home/melmaphother/ROS2/ros2_ws/install/ros2_shm_demo/local/lib/python3.10/dist-packages/ros2_shm_demo/ros2_shm_demo_s__rosidl_typesupport_c.cpython-310-x86_64-linux-gnu.so
[0.861s] -- Set runtime path of "/home/melmaphother/ROS2/ros2_ws/install/ros2_shm_demo/local/lib/python3.10/dist-packages/ros2_shm_demo/ros2_shm_demo_s__rosidl_typesupport_c.cpython-310-x86_64-linux-gnu.so" to ""
[0.861s] -- Installing: /home/melmaphother/ROS2/ros2_ws/install/ros2_shm_demo/lib/libros2_shm_demo__rosidl_generator_py.so
[0.861s] -- Set runtime path of "/home/melmaphother/ROS2/ros2_ws/install/ros2_shm_demo/lib/libros2_shm_demo__rosidl_generator_py.so" to ""
[0.861s] -- Installing: /home/melmaphother/ROS2/ros2_ws/install/ros2_shm_demo/share/ros2_shm_demo/msg/ShmTopic.idl
[0.861s] -- Installing: /home/melmaphother/ROS2/ros2_ws/install/ros2_shm_demo/share/ros2_shm_demo/msg/ShmTopic.msg
[0.861s] -- Installing: /home/melmaphother/ROS2/ros2_ws/install/ros2_shm_demo/lib/ros2_shm_demo/talker
[0.862s] -- Set runtime path of "/home/melmaphother/ROS2/ros2_ws/install/ros2_shm_demo/lib/ros2_shm_demo/talker" to ""
[0.862s] -- Installing: /home/melmaphother/ROS2/ros2_ws/install/ros2_shm_demo/lib/ros2_shm_demo/listener
[0.864s] -- Set runtime path of "/home/melmaphother/ROS2/ros2_ws/install/ros2_shm_demo/lib/ros2_shm_demo/listener" to ""
[0.864s] -- Installing: /home/melmaphother/ROS2/ros2_ws/install/ros2_shm_demo/lib/ros2_shm_demo/iox_subscriber
[0.864s] -- Set runtime path of "/home/melmaphother/ROS2/ros2_ws/install/ros2_shm_demo/lib/ros2_shm_demo/iox_subscriber" to ""
[0.864s] -- Installing: /home/melmaphother/ROS2/ros2_ws/install/ros2_shm_demo/share/ament_index/resource_index/package_run_dependencies/ros2_shm_demo
[0.865s] -- Installing: /home/melmaphother/ROS2/ros2_ws/install/ros2_shm_demo/share/ament_index/resource_index/parent_prefix_path/ros2_shm_demo
[0.865s] -- Installing: /home/melmaphother/ROS2/ros2_ws/install/ros2_shm_demo/share/ros2_shm_demo/environment/ament_prefix_path.sh
[0.865s] -- Installing: /home/melmaphother/ROS2/ros2_ws/install/ros2_shm_demo/share/ros2_shm_demo/environment/ament_prefix_path.dsv
[0.865s] -- Installing: /home/melmaphother/ROS2/ros2_ws/install/ros2_shm_demo/share/ros2_shm_demo/environment/path.sh
[0.865s] -- Installing: /home/melmaphother/ROS2/ros2_ws/install/ros2_shm_demo/share/ros2_shm_demo/environment/path.dsv
[0.865s] -- Installing: /home/melmaphother/ROS2/ros2_ws/install/ros2_shm_demo/share/ros2_shm_demo/local_setup.bash
[0.865s] -- Installing: /home/melmaphother/ROS2/ros2_ws/install/ros2_shm_demo/share/ros2_shm_demo/local_setup.sh
[0.865s] -- Installing: /home/melmaphother/ROS2/ros2_ws/install/ros2_shm_demo/share/ros2_shm_demo/local_setup.zsh
[0.865s] -- Installing: /home/melmaphother/ROS2/ros2_ws/install/ros2_shm_demo/share/ros2_shm_demo/local_setup.dsv
[0.865s] -- Installing: /home/melmaphother/ROS2/ros2_ws/install/ros2_shm_demo/share/ros2_shm_demo/package.dsv
[0.865s] -- Installing: /home/melmaphother/ROS2/ros2_ws/install/ros2_shm_demo/share/ament_index/resource_index/packages/ros2_shm_demo
[0.865s] -- Installing: /home/melmaphother/ROS2/ros2_ws/install/ros2_shm_demo/share/ros2_shm_demo/cmake/export_ros2_shm_demo__rosidl_generator_cExport.cmake
[0.865s] -- Installing: /home/melmaphother/ROS2/ros2_ws/install/ros2_shm_demo/share/ros2_shm_demo/cmake/export_ros2_shm_demo__rosidl_generator_cExport-noconfig.cmake
[0.865s] -- Installing: /home/melmaphother/ROS2/ros2_ws/install/ros2_shm_demo/share/ros2_shm_demo/cmake/export_ros2_shm_demo__rosidl_typesupport_fastrtps_cExport.cmake
[0.865s] -- Installing: /home/melmaphother/ROS2/ros2_ws/install/ros2_shm_demo/share/ros2_shm_demo/cmake/export_ros2_shm_demo__rosidl_typesupport_fastrtps_cExport-noconfig.cmake
[0.865s] -- Installing: /home/melmaphother/ROS2/ros2_ws/install/ros2_shm_demo/share/ros2_shm_demo/cmake/ros2_shm_demo__rosidl_typesupport_introspection_cExport.cmake
[0.865s] -- Installing: /home/melmaphother/ROS2/ros2_ws/install/ros2_shm_demo/share/ros2_shm_demo/cmake/ros2_shm_demo__rosidl_typesupport_introspection_cExport-noconfig.cmake
[0.865s] -- Installing: /home/melmaphother/ROS2/ros2_ws/install/ros2_shm_demo/share/ros2_shm_demo/cmake/ros2_shm_demo__rosidl_typesupport_cExport.cmake
[0.865s] -- Installing: /home/melmaphother/ROS2/ros2_ws/install/ros2_shm_demo/share/ros2_shm_demo/cmake/ros2_shm_demo__rosidl_typesupport_cExport-noconfig.cmake
[0.865s] -- Installing: /home/melmaphother/ROS2/ros2_ws/install/ros2_shm_demo/share/ros2_shm_demo/cmake/export_ros2_shm_demo__rosidl_generator_cppExport.cmake
[0.865s] -- Installing: /home/melmaphother/ROS2/ros2_ws/install/ros2_shm_demo/share/ros2_shm_demo/cmake/export_ros2_shm_demo__rosidl_typesupport_fastrtps_cppExport.cmake
[0.865s] -- Installing: /home/melmaphother/ROS2/ros2_ws/install/ros2_shm_demo/share/ros2_shm_demo/cmake/export_ros2_shm_demo__rosidl_typesupport_fastrtps_cppExport-noconfig.cmake
[0.866s] -- Installing: /home/melmaphother/ROS2/ros2_ws/install/ros2_shm_demo/share/ros2_shm_demo/cmake/ros2_shm_demo__rosidl_typesupport_introspection_cppExport.cmake
[0.866s] -- Installing: /home/melmaphother/ROS2/ros2_ws/install/ros2_shm_demo/share/ros2_shm_demo/cmake/ros2_shm_demo__rosidl_typesupport_introspection_cppExport-noconfig.cmake
[0.866s] -- Installing: /home/melmaphother/ROS2/ros2_ws/install/ros2_shm_demo/share/ros2_shm_demo/cmake/ros2_shm_demo__rosidl_typesupport_cppExport.cmake
[0.866s] -- Installing: /home/melmaphother/ROS2/ros2_ws/install/ros2_shm_demo/share/ros2_shm_demo/cmake/ros2_shm_demo__rosidl_typesupport_cppExport-noconfig.cmake
[0.866s] -- Installing: /home/melmaphother/ROS2/ros2_ws/install/ros2_shm_demo/share/ros2_shm_demo/cmake/export_ros2_shm_demo__rosidl_generator_pyExport.cmake
[0.866s] -- Installing: /home/melmaphother/ROS2/ros2_ws/install/ros2_shm_demo/share/ros2_shm_demo/cmake/export_ros2_shm_demo__rosidl_generator_pyExport-noconfig.cmake
[0.866s] -- Installing: /home/melmaphother/ROS2/ros2_ws/install/ros2_shm_demo/share/ros2_shm_demo/cmake/rosidl_cmake-extras.cmake
[0.866s] -- Installing: /home/melmaphother/ROS2/ros2_ws/install/ros2_shm_demo/share/ros2_shm_demo/cmake/ament_cmake_export_include_directories-extras.cmake
[0.866s] -- Installing: /home/melmaphother/ROS2/ros2_ws/install/ros2_shm_demo/share/ros2_shm_demo/cmake/ament_cmake_export_libraries-extras.cmake
[0.866s] -- Installing: /home/melmaphother/ROS2/ros2_ws/install/ros2_shm_demo/share/ros2_shm_demo/cmake/ament_cmake_export_targets-extras.cmake
[0.866s] -- Installing: /home/melmaphother/ROS2/ros2_ws/install/ros2_shm_demo/share/ros2_shm_demo/cmake/rosidl_cmake_export_typesupport_targets-extras.cmake
[0.866s] -- Installing: /home/melmaphother/ROS2/ros2_ws/install/ros2_shm_demo/share/ros2_shm_demo/cmake/ament_cmake_export_dependencies-extras.cmake
[0.866s] -- Installing: /home/melmaphother/ROS2/ros2_ws/install/ros2_shm_demo/share/ros2_shm_demo/cmake/rosidl_cmake_export_typesupport_libraries-extras.cmake
[0.866s] -- Installing: /home/melmaphother/ROS2/ros2_ws/install/ros2_shm_demo/share/ros2_shm_demo/cmake/ros2_shm_demoConfig.cmake
[0.866s] -- Installing: /home/melmaphother/ROS2/ros2_ws/install/ros2_shm_demo/share/ros2_shm_demo/cmake/ros2_shm_demoConfig-version.cmake
[0.866s] -- Installing: /home/melmaphother/ROS2/ros2_ws/install/ros2_shm_demo/share/ros2_shm_demo/package.xml
[0.869s] Invoked command in '/home/melmaphother/ROS2/ros2_ws/build/ros2_shm_demo' returned '0': CMAKE_PREFIX_PATH=/opt/ros/humble /usr/bin/cmake --install /home/melmaphother/ROS2/ros2_ws/build/ros2_shm_demo
