[0.006s] Invoking command in '/home/melmaphother/ROS2/ros2_ws/build/ros2_shm_demo': /usr/bin/cmake /home/melmaphother/ROS2/ros2_ws/src/ros2_shm_demo -DCMAKE_INSTALL_PREFIX=/home/melmaphother/ROS2/ros2_ws/install/ros2_shm_demo
[0.106s] -- The C compiler identification is GNU 11.3.0
[0.184s] -- The CXX compiler identification is GNU 11.3.0
[0.190s] -- Detecting C compiler ABI info
[0.258s] -- Detecting C compiler ABI info - done
[0.265s] -- Check for working C compiler: /usr/bin/cc - skipped
[0.265s] -- Detecting C compile features
[0.265s] -- Detecting C compile features - done
[0.268s] -- Detecting CXX compiler ABI info
[0.330s] -- Detecting CXX compiler ABI info - done
[0.337s] -- Check for working CXX compiler: /usr/bin/c++ - skipped
[0.337s] -- Detecting CXX compile features
[0.337s] -- Detecting CXX compile features - done
[0.343s] -- Configuring incomplete, errors occurred!
[0.343s] See also "/home/melmaphother/ROS2/ros2_ws/build/ros2_shm_demo/CMakeFiles/CMakeOutput.log".
[0.343s] [31mCMake Error at CMakeLists.txt:9 (find_package):
[0.343s]   By not providing "Findament_cmake.cmake" in CMAKE_MODULE_PATH this project
[0.343s]   has asked CMake to find a package configuration file provided by
[0.343s]   "ament_cmake", but CMake did not find one.
[0.343s] 
[0.343s]   Could not find a package configuration file provided by "ament_cmake" with
[0.343s]   any of the following names:
[0.343s] 
[0.343s]     ament_cmakeConfig.cmake
[0.343s]     ament_cmake-config.cmake
[0.343s] 
[0.343s]   Add the installation prefix of "ament_cmake" to CMAKE_PREFIX_PATH or set
[0.343s]   "ament_cmake_DIR" to a directory containing one of the above files.  If
[0.343s]   "ament_cmake" provides a separate development package or SDK, be sure it
[0.343s]   has been installed.
[0.343s] 
[0.343s] [0m
[0.345s] Invoked command in '/home/melmaphother/ROS2/ros2_ws/build/ros2_shm_demo' returned '1': /usr/bin/cmake /home/melmaphother/ROS2/ros2_ws/src/ros2_shm_demo -DCMAKE_INSTALL_PREFIX=/home/melmaphother/ROS2/ros2_ws/install/ros2_shm_demo
